This is pdfTeX, Version 3.141592653-2.6-1.40.24 (MiKTeX 22.3) (preloaded format=pdflatex 2022.5.8)  8 NOV 2022 22:52
entering extended mode
 restricted \write18 enabled.
 %&-line parsing enabled.
**./Clase_Series.tex
(Clase_Series.tex
LaTeX2e <2021-11-15> patch level 1
L3 programming layer <2022-02-24>
(C:\Users\JuniorJ\AppData\Local\Programs\MiKTeX\tex/latex/beamer\beamer.cls
Document Class: beamer 2022/02/08 v3.66 A class for typesetting presentations

(C:\Users\JuniorJ\AppData\Local\Programs\MiKTeX\tex/latex/beamer\beamerbasemode
s.sty
(C:\Users\JuniorJ\AppData\Local\Programs\MiKTeX\tex/latex/etoolbox\etoolbox.sty
Package: etoolbox 2020/10/05 v2.5k e-TeX tools for LaTeX (JAW)
\etb@tempcnta=\count185
)
\beamer@tempbox=\box50
\beamer@tempcount=\count186
\c@beamerpauses=\count187

(C:\Users\JuniorJ\AppData\Local\Programs\MiKTeX\tex/latex/beamer\beamerbasedeco
de.sty
\beamer@slideinframe=\count188
\beamer@minimum=\count189
\beamer@decode@box=\box51
)
\beamer@commentbox=\box52
\beamer@modecount=\count190
)
(C:\Users\JuniorJ\AppData\Local\Programs\MiKTeX\tex/generic/iftex\iftex.sty
Package: iftex 2022/02/03 v1.0f TeX engine tests
)
\headdp=\dimen138
\footheight=\dimen139
\sidebarheight=\dimen140
\beamer@tempdim=\dimen141
\beamer@finalheight=\dimen142
\beamer@animht=\dimen143
\beamer@animdp=\dimen144
\beamer@animwd=\dimen145
\beamer@leftmargin=\dimen146
\beamer@rightmargin=\dimen147
\beamer@leftsidebar=\dimen148
\beamer@rightsidebar=\dimen149
\beamer@boxsize=\dimen150
\beamer@vboxoffset=\dimen151
\beamer@descdefault=\dimen152
\beamer@descriptionwidth=\dimen153
\beamer@lastskip=\skip47
\beamer@areabox=\box53
\beamer@animcurrent=\box54
\beamer@animshowbox=\box55
\beamer@sectionbox=\box56
\beamer@logobox=\box57
\beamer@linebox=\box58
\beamer@sectioncount=\count191
\beamer@subsubsectionmax=\count192
\beamer@subsectionmax=\count193
\beamer@sectionmax=\count194
\beamer@totalheads=\count195
\beamer@headcounter=\count196
\beamer@partstartpage=\count197
\beamer@sectionstartpage=\count198
\beamer@subsectionstartpage=\count199
\beamer@animationtempa=\count266
\beamer@animationtempb=\count267
\beamer@xpos=\count268
\beamer@ypos=\count269
\beamer@ypos@offset=\count270
\beamer@showpartnumber=\count271
\beamer@currentsubsection=\count272
\beamer@coveringdepth=\count273
\beamer@sectionadjust=\count274
\beamer@toclastsection=\count275
\beamer@tocsectionnumber=\count276

(C:\Users\JuniorJ\AppData\Local\Programs\MiKTeX\tex/latex/beamer\beamerbaseopti
ons.sty
(C:\Users\JuniorJ\AppData\Local\Programs\MiKTeX\tex/latex/graphics\keyval.sty
Package: keyval 2014/10/28 v1.15 key=value parser (DPC)
\KV@toks@=\toks16
))
\beamer@paperwidth=\skip48
\beamer@paperheight=\skip49

(C:\Users\JuniorJ\AppData\Local\Programs\MiKTeX\tex/latex/geometry\geometry.sty
Package: geometry 2020/01/02 v5.9 Page Geometry
(C:\Users\JuniorJ\AppData\Local\Programs\MiKTeX\tex/generic/iftex\ifvtex.sty
Package: ifvtex 2019/10/25 v1.7 ifvtex legacy package. Use iftex instead.
)
\Gm@cnth=\count277
\Gm@cntv=\count278
\c@Gm@tempcnt=\count279
\Gm@bindingoffset=\dimen154
\Gm@wd@mp=\dimen155
\Gm@odd@mp=\dimen156
\Gm@even@mp=\dimen157
\Gm@layoutwidth=\dimen158
\Gm@layoutheight=\dimen159
\Gm@layouthoffset=\dimen160
\Gm@layoutvoffset=\dimen161
\Gm@dimlist=\toks17

(C:\Users\JuniorJ\AppData\Local\Programs\MiKTeX\tex/latex/geometry\geometry.cfg
))
(C:\Users\JuniorJ\AppData\Local\Programs\MiKTeX\tex/latex/pgf/math\pgfmath.sty
(C:\Users\JuniorJ\AppData\Local\Programs\MiKTeX\tex/latex/pgf/utilities\pgfrcs.
sty
(C:\Users\JuniorJ\AppData\Local\Programs\MiKTeX\tex/generic/pgf/utilities\pgfut
il-common.tex
\pgfutil@everybye=\toks18
\pgfutil@tempdima=\dimen162
\pgfutil@tempdimb=\dimen163

(C:\Users\JuniorJ\AppData\Local\Programs\MiKTeX\tex/generic/pgf/utilities\pgfut
il-common-lists.tex))
(C:\Users\JuniorJ\AppData\Local\Programs\MiKTeX\tex/generic/pgf/utilities\pgfut
il-latex.def
\pgfutil@abb=\box59
)
(C:\Users\JuniorJ\AppData\Local\Programs\MiKTeX\tex/generic/pgf/utilities\pgfrc
s.code.tex
(C:\Users\JuniorJ\AppData\Local\Programs\MiKTeX\tex/generic/pgf\pgf.revision.te
x)
Package: pgfrcs 2021/05/15 v3.1.9a (3.1.9a)
))
(C:\Users\JuniorJ\AppData\Local\Programs\MiKTeX\tex/latex/pgf/utilities\pgfkeys
.sty
(C:\Users\JuniorJ\AppData\Local\Programs\MiKTeX\tex/generic/pgf/utilities\pgfke
ys.code.tex
\pgfkeys@pathtoks=\toks19
\pgfkeys@temptoks=\toks20

(C:\Users\JuniorJ\AppData\Local\Programs\MiKTeX\tex/generic/pgf/utilities\pgfke
ysfiltered.code.tex
\pgfkeys@tmptoks=\toks21
)))
(C:\Users\JuniorJ\AppData\Local\Programs\MiKTeX\tex/generic/pgf/math\pgfmath.co
de.tex
(C:\Users\JuniorJ\AppData\Local\Programs\MiKTeX\tex/generic/pgf/math\pgfmathcal
c.code.tex
(C:\Users\JuniorJ\AppData\Local\Programs\MiKTeX\tex/generic/pgf/math\pgfmathuti
l.code.tex
\pgf@x=\dimen164
\pgf@xa=\dimen165
\pgf@xb=\dimen166
\pgf@xc=\dimen167
\pgf@y=\dimen168
\pgf@ya=\dimen169
\pgf@yb=\dimen170
\pgf@yc=\dimen171
\c@pgf@counta=\count280
\c@pgf@countb=\count281
\c@pgf@countc=\count282
\c@pgf@countd=\count283
)
(C:\Users\JuniorJ\AppData\Local\Programs\MiKTeX\tex/generic/pgf/math\pgfmathpar
ser.code.tex
\pgfmath@dimen=\dimen172
\pgfmath@count=\count284
\pgfmath@box=\box60
\pgfmath@toks=\toks22
\pgfmath@stack@operand=\toks23
\pgfmath@stack@operation=\toks24
)
(C:\Users\JuniorJ\AppData\Local\Programs\MiKTeX\tex/generic/pgf/math\pgfmathfun
ctions.code.tex
(C:\Users\JuniorJ\AppData\Local\Programs\MiKTeX\tex/generic/pgf/math\pgfmathfun
ctions.basic.code.tex)
(C:\Users\JuniorJ\AppData\Local\Programs\MiKTeX\tex/generic/pgf/math\pgfmathfun
ctions.trigonometric.code.tex)
(C:\Users\JuniorJ\AppData\Local\Programs\MiKTeX\tex/generic/pgf/math\pgfmathfun
ctions.random.code.tex)
(C:\Users\JuniorJ\AppData\Local\Programs\MiKTeX\tex/generic/pgf/math\pgfmathfun
ctions.comparison.code.tex)
(C:\Users\JuniorJ\AppData\Local\Programs\MiKTeX\tex/generic/pgf/math\pgfmathfun
ctions.base.code.tex)
(C:\Users\JuniorJ\AppData\Local\Programs\MiKTeX\tex/generic/pgf/math\pgfmathfun
ctions.round.code.tex)
(C:\Users\JuniorJ\AppData\Local\Programs\MiKTeX\tex/generic/pgf/math\pgfmathfun
ctions.misc.code.tex)
(C:\Users\JuniorJ\AppData\Local\Programs\MiKTeX\tex/generic/pgf/math\pgfmathfun
ctions.integerarithmetics.code.tex)))
(C:\Users\JuniorJ\AppData\Local\Programs\MiKTeX\tex/generic/pgf/math\pgfmathflo
at.code.tex
\c@pgfmathroundto@lastzeros=\count285
)))
(C:\Users\JuniorJ\AppData\Local\Programs\MiKTeX\tex/latex/base\size10.clo
File: size10.clo 2021/10/04 v1.4n Standard LaTeX file (size option)
)
(C:\Users\JuniorJ\AppData\Local\Programs\MiKTeX\tex/latex/pgf/basiclayer\pgfcor
e.sty
(C:\Users\JuniorJ\AppData\Local\Programs\MiKTeX\tex/latex/graphics\graphicx.sty
Package: graphicx 2021/09/16 v1.2d Enhanced LaTeX Graphics (DPC,SPQR)

(C:\Users\JuniorJ\AppData\Local\Programs\MiKTeX\tex/latex/graphics\graphics.sty
Package: graphics 2021/03/04 v1.4d Standard LaTeX Graphics (DPC,SPQR)
(C:\Users\JuniorJ\AppData\Local\Programs\MiKTeX\tex/latex/graphics\trig.sty
Package: trig 2021/08/11 v1.11 sin cos tan (DPC)
)
(C:\Users\JuniorJ\AppData\Local\Programs\MiKTeX\tex/latex/graphics-cfg\graphics
.cfg
File: graphics.cfg 2016/06/04 v1.11 sample graphics configuration
)
Package graphics Info: Driver file: pdftex.def on input line 107.

(C:\Users\JuniorJ\AppData\Local\Programs\MiKTeX\tex/latex/graphics-def\pdftex.d
ef
File: pdftex.def 2020/10/05 v1.2a Graphics/color driver for pdftex
))
\Gin@req@height=\dimen173
\Gin@req@width=\dimen174
)
(C:\Users\JuniorJ\AppData\Local\Programs\MiKTeX\tex/latex/pgf/systemlayer\pgfsy
s.sty
(C:\Users\JuniorJ\AppData\Local\Programs\MiKTeX\tex/generic/pgf/systemlayer\pgf
sys.code.tex
Package: pgfsys 2021/05/15 v3.1.9a (3.1.9a)

(C:\Users\JuniorJ\AppData\Local\Programs\MiKTeX\tex/generic/pgf/utilities\pgfke
ys.code.tex)
\pgf@x=\dimen175
\pgf@y=\dimen176
\pgf@xa=\dimen177
\pgf@ya=\dimen178
\pgf@xb=\dimen179
\pgf@yb=\dimen180
\pgf@xc=\dimen181
\pgf@yc=\dimen182
\pgf@xd=\dimen183
\pgf@yd=\dimen184
\w@pgf@writea=\write3
\r@pgf@reada=\read2
\c@pgf@counta=\count286
\c@pgf@countb=\count287
\c@pgf@countc=\count288
\c@pgf@countd=\count289
\t@pgf@toka=\toks25
\t@pgf@tokb=\toks26
\t@pgf@tokc=\toks27
\pgf@sys@id@count=\count290

(C:\Users\JuniorJ\AppData\Local\Programs\MiKTeX\tex/generic/pgf/systemlayer\pgf
.cfg
File: pgf.cfg 2021/05/15 v3.1.9a (3.1.9a)
)
Driver file for pgf: pgfsys-pdftex.def

(C:\Users\JuniorJ\AppData\Local\Programs\MiKTeX\tex/generic/pgf/systemlayer\pgf
sys-pdftex.def
File: pgfsys-pdftex.def 2021/05/15 v3.1.9a (3.1.9a)

(C:\Users\JuniorJ\AppData\Local\Programs\MiKTeX\tex/generic/pgf/systemlayer\pgf
sys-common-pdf.def
File: pgfsys-common-pdf.def 2021/05/15 v3.1.9a (3.1.9a)
)))
(C:\Users\JuniorJ\AppData\Local\Programs\MiKTeX\tex/generic/pgf/systemlayer\pgf
syssoftpath.code.tex
File: pgfsyssoftpath.code.tex 2021/05/15 v3.1.9a (3.1.9a)
\pgfsyssoftpath@smallbuffer@items=\count291
\pgfsyssoftpath@bigbuffer@items=\count292
)
(C:\Users\JuniorJ\AppData\Local\Programs\MiKTeX\tex/generic/pgf/systemlayer\pgf
sysprotocol.code.tex
File: pgfsysprotocol.code.tex 2021/05/15 v3.1.9a (3.1.9a)
))
(C:\Users\JuniorJ\AppData\Local\Programs\MiKTeX\tex/latex/xcolor\xcolor.sty
Package: xcolor 2021/10/31 v2.13 LaTeX color extensions (UK)

(C:\Users\JuniorJ\AppData\Local\Programs\MiKTeX\tex/latex/graphics-cfg\color.cf
g
File: color.cfg 2016/01/02 v1.6 sample color configuration
)
Package xcolor Info: Driver file: pdftex.def on input line 227.
Package xcolor Info: Model `cmy' substituted by `cmy0' on input line 1352.
Package xcolor Info: Model `hsb' substituted by `rgb' on input line 1356.
Package xcolor Info: Model `RGB' extended on input line 1368.
Package xcolor Info: Model `HTML' substituted by `rgb' on input line 1370.
Package xcolor Info: Model `Hsb' substituted by `hsb' on input line 1371.
Package xcolor Info: Model `tHsb' substituted by `hsb' on input line 1372.
Package xcolor Info: Model `HSB' substituted by `hsb' on input line 1373.
Package xcolor Info: Model `Gray' substituted by `gray' on input line 1374.
Package xcolor Info: Model `wave' substituted by `hsb' on input line 1375.
)
(C:\Users\JuniorJ\AppData\Local\Programs\MiKTeX\tex/generic/pgf/basiclayer\pgfc
ore.code.tex
Package: pgfcore 2021/05/15 v3.1.9a (3.1.9a)

(C:\Users\JuniorJ\AppData\Local\Programs\MiKTeX\tex/generic/pgf/math\pgfmath.co
de.tex)
(C:\Users\JuniorJ\AppData\Local\Programs\MiKTeX\tex/generic/pgf/math\pgfint.cod
e.tex)
(C:\Users\JuniorJ\AppData\Local\Programs\MiKTeX\tex/generic/pgf/basiclayer\pgfc
orepoints.code.tex
File: pgfcorepoints.code.tex 2021/05/15 v3.1.9a (3.1.9a)
\pgf@picminx=\dimen185
\pgf@picmaxx=\dimen186
\pgf@picminy=\dimen187
\pgf@picmaxy=\dimen188
\pgf@pathminx=\dimen189
\pgf@pathmaxx=\dimen190
\pgf@pathminy=\dimen191
\pgf@pathmaxy=\dimen192
\pgf@xx=\dimen193
\pgf@xy=\dimen194
\pgf@yx=\dimen195
\pgf@yy=\dimen196
\pgf@zx=\dimen197
\pgf@zy=\dimen198
)
(C:\Users\JuniorJ\AppData\Local\Programs\MiKTeX\tex/generic/pgf/basiclayer\pgfc
orepathconstruct.code.tex
File: pgfcorepathconstruct.code.tex 2021/05/15 v3.1.9a (3.1.9a)
\pgf@path@lastx=\dimen199
\pgf@path@lasty=\dimen256
)
(C:\Users\JuniorJ\AppData\Local\Programs\MiKTeX\tex/generic/pgf/basiclayer\pgfc
orepathusage.code.tex
File: pgfcorepathusage.code.tex 2021/05/15 v3.1.9a (3.1.9a)
\pgf@shorten@end@additional=\dimen257
\pgf@shorten@start@additional=\dimen258
)
(C:\Users\JuniorJ\AppData\Local\Programs\MiKTeX\tex/generic/pgf/basiclayer\pgfc
orescopes.code.tex
File: pgfcorescopes.code.tex 2021/05/15 v3.1.9a (3.1.9a)
\pgfpic=\box61
\pgf@hbox=\box62
\pgf@layerbox@main=\box63
\pgf@picture@serial@count=\count293
)
(C:\Users\JuniorJ\AppData\Local\Programs\MiKTeX\tex/generic/pgf/basiclayer\pgfc
oregraphicstate.code.tex
File: pgfcoregraphicstate.code.tex 2021/05/15 v3.1.9a (3.1.9a)
\pgflinewidth=\dimen259
)
(C:\Users\JuniorJ\AppData\Local\Programs\MiKTeX\tex/generic/pgf/basiclayer\pgfc
oretransformations.code.tex
File: pgfcoretransformations.code.tex 2021/05/15 v3.1.9a (3.1.9a)
\pgf@pt@x=\dimen260
\pgf@pt@y=\dimen261
\pgf@pt@temp=\dimen262
)
(C:\Users\JuniorJ\AppData\Local\Programs\MiKTeX\tex/generic/pgf/basiclayer\pgfc
orequick.code.tex
File: pgfcorequick.code.tex 2021/05/15 v3.1.9a (3.1.9a)
)
(C:\Users\JuniorJ\AppData\Local\Programs\MiKTeX\tex/generic/pgf/basiclayer\pgfc
oreobjects.code.tex
File: pgfcoreobjects.code.tex 2021/05/15 v3.1.9a (3.1.9a)
)
(C:\Users\JuniorJ\AppData\Local\Programs\MiKTeX\tex/generic/pgf/basiclayer\pgfc
orepathprocessing.code.tex
File: pgfcorepathprocessing.code.tex 2021/05/15 v3.1.9a (3.1.9a)
)
(C:\Users\JuniorJ\AppData\Local\Programs\MiKTeX\tex/generic/pgf/basiclayer\pgfc
orearrows.code.tex
File: pgfcorearrows.code.tex 2021/05/15 v3.1.9a (3.1.9a)
\pgfarrowsep=\dimen263
)
(C:\Users\JuniorJ\AppData\Local\Programs\MiKTeX\tex/generic/pgf/basiclayer\pgfc
oreshade.code.tex
File: pgfcoreshade.code.tex 2021/05/15 v3.1.9a (3.1.9a)
\pgf@max=\dimen264
\pgf@sys@shading@range@num=\count294
\pgf@shadingcount=\count295
)
(C:\Users\JuniorJ\AppData\Local\Programs\MiKTeX\tex/generic/pgf/basiclayer\pgfc
oreimage.code.tex
File: pgfcoreimage.code.tex 2021/05/15 v3.1.9a (3.1.9a)

(C:\Users\JuniorJ\AppData\Local\Programs\MiKTeX\tex/generic/pgf/basiclayer\pgfc
oreexternal.code.tex
File: pgfcoreexternal.code.tex 2021/05/15 v3.1.9a (3.1.9a)
\pgfexternal@startupbox=\box64
))
(C:\Users\JuniorJ\AppData\Local\Programs\MiKTeX\tex/generic/pgf/basiclayer\pgfc
orelayers.code.tex
File: pgfcorelayers.code.tex 2021/05/15 v3.1.9a (3.1.9a)
)
(C:\Users\JuniorJ\AppData\Local\Programs\MiKTeX\tex/generic/pgf/basiclayer\pgfc
oretransparency.code.tex
File: pgfcoretransparency.code.tex 2021/05/15 v3.1.9a (3.1.9a)
)
(C:\Users\JuniorJ\AppData\Local\Programs\MiKTeX\tex/generic/pgf/basiclayer\pgfc
orepatterns.code.tex
File: pgfcorepatterns.code.tex 2021/05/15 v3.1.9a (3.1.9a)
)
(C:\Users\JuniorJ\AppData\Local\Programs\MiKTeX\tex/generic/pgf/basiclayer\pgfc
orerdf.code.tex
File: pgfcorerdf.code.tex 2021/05/15 v3.1.9a (3.1.9a)
)))
(C:\Users\JuniorJ\AppData\Local\Programs\MiKTeX\tex/latex/pgf/utilities\xxcolor
.sty
Package: xxcolor 2003/10/24 ver 0.1
\XC@nummixins=\count296
\XC@countmixins=\count297
)
(C:\Users\JuniorJ\AppData\Local\Programs\MiKTeX\tex/latex/base\atbegshi-ltx.sty
Package: atbegshi-ltx 2021/01/10 v1.0c Emulation of the original atbegshi
package with kernel methods
)
(C:\Users\JuniorJ\AppData\Local\Programs\MiKTeX\tex/latex/hyperref\hyperref.sty
Package: hyperref 2022-02-21 v7.00n Hypertext links for LaTeX

(C:\Users\JuniorJ\AppData\Local\Programs\MiKTeX\tex/generic/ltxcmds\ltxcmds.sty
Package: ltxcmds 2020-05-10 v1.25 LaTeX kernel commands for general use (HO)
)
(C:\Users\JuniorJ\AppData\Local\Programs\MiKTeX\tex/generic/pdftexcmds\pdftexcm
ds.sty
Package: pdftexcmds 2020-06-27 v0.33 Utility functions of pdfTeX for LuaTeX (HO
)

(C:\Users\JuniorJ\AppData\Local\Programs\MiKTeX\tex/generic/infwarerr\infwarerr
.sty
Package: infwarerr 2019/12/03 v1.5 Providing info/warning/error messages (HO)
)
Package pdftexcmds Info: \pdf@primitive is available.
Package pdftexcmds Info: \pdf@ifprimitive is available.
Package pdftexcmds Info: \pdfdraftmode found.
)
(C:\Users\JuniorJ\AppData\Local\Programs\MiKTeX\tex/generic/kvsetkeys\kvsetkeys
.sty
Package: kvsetkeys 2019/12/15 v1.18 Key value parser (HO)
)
(C:\Users\JuniorJ\AppData\Local\Programs\MiKTeX\tex/generic/kvdefinekeys\kvdefi
nekeys.sty
Package: kvdefinekeys 2019-12-19 v1.6 Define keys (HO)
)
(C:\Users\JuniorJ\AppData\Local\Programs\MiKTeX\tex/generic/pdfescape\pdfescape
.sty
Package: pdfescape 2019/12/09 v1.15 Implements pdfTeX's escape features (HO)
)
(C:\Users\JuniorJ\AppData\Local\Programs\MiKTeX\tex/latex/hycolor\hycolor.sty
Package: hycolor 2020-01-27 v1.10 Color options for hyperref/bookmark (HO)
)
(C:\Users\JuniorJ\AppData\Local\Programs\MiKTeX\tex/latex/letltxmacro\letltxmac
ro.sty
Package: letltxmacro 2019/12/03 v1.6 Let assignment for LaTeX macros (HO)
)
(C:\Users\JuniorJ\AppData\Local\Programs\MiKTeX\tex/latex/auxhook\auxhook.sty
Package: auxhook 2019-12-17 v1.6 Hooks for auxiliary files (HO)
)
(C:\Users\JuniorJ\AppData\Local\Programs\MiKTeX\tex/latex/kvoptions\kvoptions.s
ty
Package: kvoptions 2020-10-07 v3.14 Key value format for package options (HO)
)
\@linkdim=\dimen265
\Hy@linkcounter=\count298
\Hy@pagecounter=\count299

(C:\Users\JuniorJ\AppData\Local\Programs\MiKTeX\tex/latex/hyperref\pd1enc.def
File: pd1enc.def 2022-02-21 v7.00n Hyperref: PDFDocEncoding definition (HO)
Now handling font encoding PD1 ...
... no UTF-8 mapping file for font encoding PD1
)
(C:\Users\JuniorJ\AppData\Local\Programs\MiKTeX\tex/generic/intcalc\intcalc.sty
Package: intcalc 2019/12/15 v1.3 Expandable calculations with integers (HO)
)
(C:\Users\JuniorJ\AppData\Local\Programs\MiKTeX\tex/generic/etexcmds\etexcmds.s
ty
Package: etexcmds 2019/12/15 v1.7 Avoid name clashes with e-TeX commands (HO)
)
\Hy@SavedSpaceFactor=\count300

(C:\Users\JuniorJ\AppData\Local\Programs\MiKTeX\tex/latex/hyperref\puenc.def
File: puenc.def 2022-02-21 v7.00n Hyperref: PDF Unicode definition (HO)
Now handling font encoding PU ...
... no UTF-8 mapping file for font encoding PU
)
Package hyperref Info: Option `bookmarks' set `true' on input line 4018.
Package hyperref Info: Option `bookmarksopen' set `true' on input line 4018.
Package hyperref Info: Option `implicit' set `false' on input line 4018.
Package hyperref Info: Hyper figures OFF on input line 4137.
Package hyperref Info: Link nesting OFF on input line 4142.
Package hyperref Info: Hyper index ON on input line 4145.
Package hyperref Info: Plain pages OFF on input line 4152.
Package hyperref Info: Backreferencing OFF on input line 4157.
Package hyperref Info: Implicit mode OFF; no redefinition of LaTeX internals.
Package hyperref Info: Bookmarks ON on input line 4390.
\c@Hy@tempcnt=\count301

(C:\Users\JuniorJ\AppData\Local\Programs\MiKTeX\tex/latex/url\url.sty
\Urlmuskip=\muskip16
Package: url 2013/09/16  ver 3.4  Verb mode for urls, etc.
)
LaTeX Info: Redefining \url on input line 4749.
\XeTeXLinkMargin=\dimen266

(C:\Users\JuniorJ\AppData\Local\Programs\MiKTeX\tex/generic/bitset\bitset.sty
Package: bitset 2019/12/09 v1.3 Handle bit-vector datatype (HO)

(C:\Users\JuniorJ\AppData\Local\Programs\MiKTeX\tex/generic/bigintcalc\bigintca
lc.sty
Package: bigintcalc 2019/12/15 v1.5 Expandable calculations on big integers (HO
)
))
\Fld@menulength=\count302
\Field@Width=\dimen267
\Fld@charsize=\dimen268
Package hyperref Info: Hyper figures OFF on input line 6027.
Package hyperref Info: Link nesting OFF on input line 6032.
Package hyperref Info: Hyper index ON on input line 6035.
Package hyperref Info: backreferencing OFF on input line 6042.
Package hyperref Info: Link coloring OFF on input line 6047.
Package hyperref Info: Link coloring with OCG OFF on input line 6052.
Package hyperref Info: PDF/A mode OFF on input line 6057.
LaTeX Info: Redefining \ref on input line 6097.
LaTeX Info: Redefining \pageref on input line 6101.
\Hy@abspage=\count303


Package hyperref Message: Stopped early.

)
Package hyperref Info: Driver (autodetected): hpdftex.

(C:\Users\JuniorJ\AppData\Local\Programs\MiKTeX\tex/latex/hyperref\hpdftex.def
File: hpdftex.def 2022-02-21 v7.00n Hyperref driver for pdfTeX

(C:\Users\JuniorJ\AppData\Local\Programs\MiKTeX\tex/latex/base\atveryend-ltx.st
y
Package: atveryend-ltx 2020/08/19 v1.0a Emulation of the original atveryend pac
kage
with kernel methods
)
\Fld@listcount=\count304
\c@bookmark@seq@number=\count305

(C:\Users\JuniorJ\AppData\Local\Programs\MiKTeX\tex/latex/rerunfilecheck\rerunf
ilecheck.sty
Package: rerunfilecheck 2019/12/05 v1.9 Rerun checks for auxiliary files (HO)

(C:\Users\JuniorJ\AppData\Local\Programs\MiKTeX\tex/generic/uniquecounter\uniqu
ecounter.sty
Package: uniquecounter 2019/12/15 v1.4 Provide unlimited unique counter (HO)
)
Package uniquecounter Info: New unique counter `rerunfilecheck' on input line 2
86.
))
(C:\Users\JuniorJ\AppData\Local\Programs\MiKTeX\tex/latex/beamer\beamerbaserequ
ires.sty
(C:\Users\JuniorJ\AppData\Local\Programs\MiKTeX\tex/latex/beamer\beamerbasecomp
atibility.sty)
(C:\Users\JuniorJ\AppData\Local\Programs\MiKTeX\tex/latex/beamer\beamerbasefont
.sty
(C:\Users\JuniorJ\AppData\Local\Programs\MiKTeX\tex/latex/amsfonts\amssymb.sty
Package: amssymb 2013/01/14 v3.01 AMS font symbols

(C:\Users\JuniorJ\AppData\Local\Programs\MiKTeX\tex/latex/amsfonts\amsfonts.sty
Package: amsfonts 2013/01/14 v3.01 Basic AMSFonts support
\@emptytoks=\toks28
\symAMSa=\mathgroup4
\symAMSb=\mathgroup5
LaTeX Font Info:    Redeclaring math symbol \hbar on input line 98.
LaTeX Font Info:    Overwriting math alphabet `\mathfrak' in version `bold'
(Font)                  U/euf/m/n --> U/euf/b/n on input line 106.
))
(C:\Users\JuniorJ\AppData\Local\Programs\MiKTeX\tex/latex/sansmathaccent\sansma
thaccent.sty
Package: sansmathaccent 2020/01/31

(C:\Users\JuniorJ\AppData\Local\Programs\MiKTeX\tex/latex/koma-script\scrlfile.
sty
Package: scrlfile 2021/11/13 v3.35 KOMA-Script package (file load hooks)

(C:\Users\JuniorJ\AppData\Local\Programs\MiKTeX\tex/latex/koma-script\scrlfile-
hook.sty
Package: scrlfile-hook 2021/11/13 v3.35 KOMA-Script package (using LaTeX hooks)


(C:\Users\JuniorJ\AppData\Local\Programs\MiKTeX\tex/latex/koma-script\scrlogo.s
ty
Package: scrlogo 2021/11/13 v3.35 KOMA-Script package (logo)
)))))
(C:\Users\JuniorJ\AppData\Local\Programs\MiKTeX\tex/latex/beamer\beamerbasetran
slator.sty
(C:\Users\JuniorJ\AppData\Local\Programs\MiKTeX\tex/latex/translator\translator
.sty
Package: translator 2021-05-31 v1.12d Easy translation of strings in LaTeX
))
(C:\Users\JuniorJ\AppData\Local\Programs\MiKTeX\tex/latex/beamer\beamerbasemisc
.sty)
(C:\Users\JuniorJ\AppData\Local\Programs\MiKTeX\tex/latex/beamer\beamerbasetwos
creens.sty)
(C:\Users\JuniorJ\AppData\Local\Programs\MiKTeX\tex/latex/beamer\beamerbaseover
lay.sty
\beamer@argscount=\count306
\beamer@lastskipcover=\skip50
\beamer@trivlistdepth=\count307
)
(C:\Users\JuniorJ\AppData\Local\Programs\MiKTeX\tex/latex/beamer\beamerbasetitl
e.sty)
(C:\Users\JuniorJ\AppData\Local\Programs\MiKTeX\tex/latex/beamer\beamerbasesect
ion.sty
\c@lecture=\count308
\c@part=\count309
\c@section=\count310
\c@subsection=\count311
\c@subsubsection=\count312
)
(C:\Users\JuniorJ\AppData\Local\Programs\MiKTeX\tex/latex/beamer\beamerbasefram
e.sty
\beamer@framebox=\box65
\beamer@frametitlebox=\box66
\beamer@zoombox=\box67
\beamer@zoomcount=\count313
\beamer@zoomframecount=\count314
\beamer@frametextheight=\dimen269
\c@subsectionslide=\count315
\beamer@frametopskip=\skip51
\beamer@framebottomskip=\skip52
\beamer@frametopskipautobreak=\skip53
\beamer@framebottomskipautobreak=\skip54
\beamer@envbody=\toks29
\framewidth=\dimen270
\c@framenumber=\count316
)
(C:\Users\JuniorJ\AppData\Local\Programs\MiKTeX\tex/latex/beamer\beamerbaseverb
atim.sty
\beamer@verbatimfileout=\write4
)
(C:\Users\JuniorJ\AppData\Local\Programs\MiKTeX\tex/latex/beamer\beamerbasefram
esize.sty
\beamer@splitbox=\box68
\beamer@autobreakcount=\count317
\beamer@autobreaklastheight=\dimen271
\beamer@frametitletoks=\toks30
\beamer@framesubtitletoks=\toks31
)
(C:\Users\JuniorJ\AppData\Local\Programs\MiKTeX\tex/latex/beamer\beamerbasefram
ecomponents.sty
\beamer@footins=\box69
)
(C:\Users\JuniorJ\AppData\Local\Programs\MiKTeX\tex/latex/beamer\beamerbasecolo
r.sty)
(C:\Users\JuniorJ\AppData\Local\Programs\MiKTeX\tex/latex/beamer\beamerbasenote
s.sty
\beamer@frameboxcopy=\box70
)
(C:\Users\JuniorJ\AppData\Local\Programs\MiKTeX\tex/latex/beamer\beamerbasetoc.
sty)
(C:\Users\JuniorJ\AppData\Local\Programs\MiKTeX\tex/latex/beamer\beamerbasetemp
lates.sty
\beamer@sbttoks=\toks32

(C:\Users\JuniorJ\AppData\Local\Programs\MiKTeX\tex/latex/beamer\beamerbaseauxt
emplates.sty
(C:\Users\JuniorJ\AppData\Local\Programs\MiKTeX\tex/latex/beamer\beamerbaseboxe
s.sty
\bmb@box=\box71
\bmb@colorbox=\box72
\bmb@boxwidth=\dimen272
\bmb@boxheight=\dimen273
\bmb@prevheight=\dimen274
\bmb@temp=\dimen275
\bmb@dima=\dimen276
\bmb@dimb=\dimen277
\bmb@prevheight=\dimen278
)
\beamer@blockheadheight=\dimen279
))
(C:\Users\JuniorJ\AppData\Local\Programs\MiKTeX\tex/latex/beamer\beamerbaseloca
lstructure.sty
(C:\Users\JuniorJ\AppData\Local\Programs\MiKTeX\tex/latex/tools\enumerate.sty
Package: enumerate 2015/07/23 v3.00 enumerate extensions (DPC)
\@enLab=\toks33
)
\beamer@bibiconwidth=\skip55
\c@figure=\count318
\c@table=\count319
\abovecaptionskip=\skip56
\belowcaptionskip=\skip57
)
(C:\Users\JuniorJ\AppData\Local\Programs\MiKTeX\tex/latex/beamer\beamerbasenavi
gation.sty
\beamer@section@min@dim=\dimen280
)
(C:\Users\JuniorJ\AppData\Local\Programs\MiKTeX\tex/latex/beamer\beamerbasetheo
rems.sty
(C:\Users\JuniorJ\AppData\Local\Programs\MiKTeX\tex/latex/amsmath\amsmath.sty
Package: amsmath 2021/10/15 v2.17l AMS math features
\@mathmargin=\skip58

For additional information on amsmath, use the `?' option.
(C:\Users\JuniorJ\AppData\Local\Programs\MiKTeX\tex/latex/amsmath\amstext.sty
Package: amstext 2021/08/26 v2.01 AMS text

(C:\Users\JuniorJ\AppData\Local\Programs\MiKTeX\tex/latex/amsmath\amsgen.sty
File: amsgen.sty 1999/11/30 v2.0 generic functions
\@emptytoks=\toks34
\ex@=\dimen281
))
(C:\Users\JuniorJ\AppData\Local\Programs\MiKTeX\tex/latex/amsmath\amsbsy.sty
Package: amsbsy 1999/11/29 v1.2d Bold Symbols
\pmbraise@=\dimen282
)
(C:\Users\JuniorJ\AppData\Local\Programs\MiKTeX\tex/latex/amsmath\amsopn.sty
Package: amsopn 2021/08/26 v2.02 operator names
)
\inf@bad=\count320
LaTeX Info: Redefining \frac on input line 234.
\uproot@=\count321
\leftroot@=\count322
LaTeX Info: Redefining \overline on input line 399.
\classnum@=\count323
\DOTSCASE@=\count324
LaTeX Info: Redefining \ldots on input line 496.
LaTeX Info: Redefining \dots on input line 499.
LaTeX Info: Redefining \cdots on input line 620.
\Mathstrutbox@=\box73
\strutbox@=\box74
\big@size=\dimen283
LaTeX Font Info:    Redeclaring font encoding OML on input line 743.
LaTeX Font Info:    Redeclaring font encoding OMS on input line 744.
\macc@depth=\count325
\c@MaxMatrixCols=\count326
\dotsspace@=\muskip17
\c@parentequation=\count327
\dspbrk@lvl=\count328
\tag@help=\toks35
\row@=\count329
\column@=\count330
\maxfields@=\count331
\andhelp@=\toks36
\eqnshift@=\dimen284
\alignsep@=\dimen285
\tagshift@=\dimen286
\tagwidth@=\dimen287
\totwidth@=\dimen288
\lineht@=\dimen289
\@envbody=\toks37
\multlinegap=\skip59
\multlinetaggap=\skip60
\mathdisplay@stack=\toks38
LaTeX Info: Redefining \[ on input line 2938.
LaTeX Info: Redefining \] on input line 2939.
)
(C:\Users\JuniorJ\AppData\Local\Programs\MiKTeX\tex/latex/amscls\amsthm.sty
Package: amsthm 2020/05/29 v2.20.6
\thm@style=\toks39
\thm@bodyfont=\toks40
\thm@headfont=\toks41
\thm@notefont=\toks42
\thm@headpunct=\toks43
\thm@preskip=\skip61
\thm@postskip=\skip62
\thm@headsep=\skip63
\dth@everypar=\toks44
)
\c@theorem=\count332
)
(C:\Users\JuniorJ\AppData\Local\Programs\MiKTeX\tex/latex/beamer\beamerbasethem
es.sty))
(C:\Users\JuniorJ\AppData\Local\Programs\MiKTeX\tex/latex/beamer\beamerthemedef
ault.sty
(C:\Users\JuniorJ\AppData\Local\Programs\MiKTeX\tex/latex/beamer\beamerfontthem
edefault.sty)
(C:\Users\JuniorJ\AppData\Local\Programs\MiKTeX\tex/latex/beamer\beamercolorthe
medefault.sty)
(C:\Users\JuniorJ\AppData\Local\Programs\MiKTeX\tex/latex/beamer\beamerinnerthe
medefault.sty
\beamer@dima=\dimen290
\beamer@dimb=\dimen291
)
(C:\Users\JuniorJ\AppData\Local\Programs\MiKTeX\tex/latex/beamer\beamerouterthe
medefault.sty))) (beamerthemeOxygen.sty
(C:\Users\JuniorJ\AppData\Local\Programs\MiKTeX\tex/latex/beamer\beamerthemeRoc
hester.sty
(C:\Users\JuniorJ\AppData\Local\Programs\MiKTeX\tex/latex/beamer\beamerouterthe
mesidebar.sty
\beamer@sidebarwidth=\dimen292
\beamer@headheight=\dimen293
)
(C:\Users\JuniorJ\AppData\Local\Programs\MiKTeX\tex/latex/beamer\beamerinnerthe
merectangles.sty)
(C:\Users\JuniorJ\AppData\Local\Programs\MiKTeX\tex/latex/beamer\beamercolorthe
mewhale.sty)
(C:\Users\JuniorJ\AppData\Local\Programs\MiKTeX\tex/latex/beamer\beamercolorthe
meorchid.sty))
(C:\Users\JuniorJ\AppData\Local\Programs\MiKTeX\tex/latex/pgf/basiclayer\pgf.st
y
Package: pgf 2021/05/15 v3.1.9a (3.1.9a)

(C:\Users\JuniorJ\AppData\Local\Programs\MiKTeX\tex/generic/pgf/modules\pgfmodu
leshapes.code.tex
File: pgfmoduleshapes.code.tex 2021/05/15 v3.1.9a (3.1.9a)
\pgfnodeparttextbox=\box75
)
(C:\Users\JuniorJ\AppData\Local\Programs\MiKTeX\tex/generic/pgf/modules\pgfmodu
leplot.code.tex
File: pgfmoduleplot.code.tex 2021/05/15 v3.1.9a (3.1.9a)
)
(C:\Users\JuniorJ\AppData\Local\Programs\MiKTeX\tex/latex/pgf/compatibility\pgf
comp-version-0-65.sty
Package: pgfcomp-version-0-65 2021/05/15 v3.1.9a (3.1.9a)
\pgf@nodesepstart=\dimen294
\pgf@nodesepend=\dimen295
)
(C:\Users\JuniorJ\AppData\Local\Programs\MiKTeX\tex/latex/pgf/compatibility\pgf
comp-version-1-18.sty
Package: pgfcomp-version-1-18 2021/05/15 v3.1.9a (3.1.9a)
))
(C:\Users\JuniorJ\AppData\Local\Programs\MiKTeX\tex/latex/beamer\beamercolorthe
mestructure.sty))
(C:\Users\JuniorJ\AppData\Local\Programs\MiKTeX\tex/generic/thumbpdf\thumbpdf.s
ty
Package: thumbpdf 2018/09/07 v3.17 Inclusion of thumbnails (HO)


Package thumbpdf Warning: Thumbnail data file `Clase_Series.tpt' not found.

) (C:\Users\JuniorJ\AppData\Local\Programs\MiKTeX\tex/latex/wasysym\wasysym.sty
Package: wasysym 2020/01/19 v2.4 Wasy-2 symbol support package
\symwasy=\mathgroup6
LaTeX Font Info:    Overwriting symbol font `wasy' in version `bold'
(Font)                  U/wasy/m/n --> U/wasy/b/n on input line 93.
) (C:\Users\JuniorJ\AppData\Local\Programs\MiKTeX\tex/latex/ucs\ucs.sty
Package: ucs 2013/05/11 v2.2 UCS: Unicode input support

(C:\Users\JuniorJ\AppData\Local\Programs\MiKTeX\tex/latex/ucs\uni-global.def
File: uni-global.def 2013/05/13 UCS: Unicode global data
)
\uc@secondtry=\count333
\uc@combtoks=\toks45
\uc@combtoksb=\toks46
\uc@temptokena=\toks47
)
(C:\Users\JuniorJ\AppData\Local\Programs\MiKTeX\tex/latex/base\inputenc.sty
Package: inputenc 2021/02/14 v1.3d Input encoding file
\inpenc@prehook=\toks48
\inpenc@posthook=\toks49
)
(C:\Users\JuniorJ\AppData\Local\Programs\MiKTeX\tex/latex/pgf/compatibility\pgf
arrows.sty
Package: pgfarrows 2021/05/15 v3.1.9a (3.1.9a)


Package pgfarrows Warning: This package is obsolete. pgf.sty will load arrow ma
nagement automatically on input line 17.

)
(C:\Users\JuniorJ\AppData\Local\Programs\MiKTeX\tex/latex/pgf/compatibility\pgf
nodes.sty
Package: pgfnodes 2021/05/15 v3.1.9a (3.1.9a)


Package pgfnodes Warning: This package is obsolete. pgf.sty will load node mana
gement automatically on input line 17.

)
(C:\Users\JuniorJ\AppData\Local\Programs\MiKTeX\tex/latex/pgf/compatibility\pgf
automata.sty
Package: pgfautomata 2021/05/15 v3.1.9a (3.1.9a)


Package pgfautomata Warning: This package is obsolete. on input line 17.

\pgf@stateradius=\dimen296
\pgf@mooreradius=\dimen297
\pgf@doublethickness=\dimen298
\pgf@statebackoff=\dimen299
)
(C:\Users\JuniorJ\AppData\Local\Programs\MiKTeX\tex/latex/pgf/compatibility\pgf
heaps.sty
Package: pgfheaps 2021/05/15 v3.1.9a (3.1.9a)


Package pgfheaps Warning: This package is obsolete. on input line 16.

\pgf@heapx=\dimen300
\pgf@heapy=\dimen301
)
(C:\Users\JuniorJ\AppData\Local\Programs\MiKTeX\tex/latex/pgf/compatibility\pgf
shade.sty
Package: pgfshade 2021/05/15 v3.1.9a (3.1.9a)


Package pgfshade Warning: This package is obsolete. pgf.sty will load shade man
agement automatically on input line 17.

) (C:\Users\JuniorJ\AppData\Local\Programs\MiKTeX\tex/latex/tools\verbatim.sty
Package: verbatim 2020-07-07 v1.5u LaTeX2e package for verbatim enhancements
\every@verbatim=\toks50
\verbatim@line=\toks51
\verbatim@in@stream=\read3
)
(C:\Users\JuniorJ\AppData\Local\Programs\MiKTeX\tex/latex/tikzsymbols\tikzsymbo
ls.sty
(C:\Users\JuniorJ\AppData\Local\Programs\MiKTeX\tex/latex/l3packages/xparse\xpa
rse.sty
(C:\Users\JuniorJ\AppData\Local\Programs\MiKTeX\tex/latex/l3kernel\expl3.sty
Package: expl3 2022-02-24 L3 programming layer (loader) 

(C:\Users\JuniorJ\AppData\Local\Programs\MiKTeX\tex/latex/l3backend\l3backend-p
dftex.def
File: l3backend-pdftex.def 2022-02-07 L3 backend support: PDF output (pdfTeX)
\l__color_backend_stack_int=\count334
\l__pdf_internal_box=\box76
))
Package: xparse 2022-01-12 L3 Experimental document command parser
)
Package: tikzsymbols 2021/12/14 v4.12a Some symbols created using tikz and LaTe
X3.

(C:\Users\JuniorJ\AppData\Local\Programs\MiKTeX\tex/latex/pgf/frontendlayer\tik
z.sty
(C:\Users\JuniorJ\AppData\Local\Programs\MiKTeX\tex/latex/pgf/utilities\pgffor.
sty
(C:\Users\JuniorJ\AppData\Local\Programs\MiKTeX\tex/generic/pgf/utilities\pgffo
r.code.tex
Package: pgffor 2021/05/15 v3.1.9a (3.1.9a)

(C:\Users\JuniorJ\AppData\Local\Programs\MiKTeX\tex/generic/pgf/math\pgfmath.co
de.tex)
\pgffor@iter=\dimen302
\pgffor@skip=\dimen303
\pgffor@stack=\toks52
\pgffor@toks=\toks53
))
(C:\Users\JuniorJ\AppData\Local\Programs\MiKTeX\tex/generic/pgf/frontendlayer/t
ikz\tikz.code.tex
Package: tikz 2021/05/15 v3.1.9a (3.1.9a)

(C:\Users\JuniorJ\AppData\Local\Programs\MiKTeX\tex/generic/pgf/libraries\pgfli
braryplothandlers.code.tex
File: pgflibraryplothandlers.code.tex 2021/05/15 v3.1.9a (3.1.9a)
\pgf@plot@mark@count=\count335
\pgfplotmarksize=\dimen304
)
\tikz@lastx=\dimen305
\tikz@lasty=\dimen306
\tikz@lastxsaved=\dimen307
\tikz@lastysaved=\dimen308
\tikz@lastmovetox=\dimen309
\tikz@lastmovetoy=\dimen310
\tikzleveldistance=\dimen311
\tikzsiblingdistance=\dimen312
\tikz@figbox=\box77
\tikz@figbox@bg=\box78
\tikz@tempbox=\box79
\tikz@tempbox@bg=\box80
\tikztreelevel=\count336
\tikznumberofchildren=\count337
\tikznumberofcurrentchild=\count338
\tikz@fig@count=\count339

(C:\Users\JuniorJ\AppData\Local\Programs\MiKTeX\tex/generic/pgf/modules\pgfmodu
lematrix.code.tex
File: pgfmodulematrix.code.tex 2021/05/15 v3.1.9a (3.1.9a)
\pgfmatrixcurrentrow=\count340
\pgfmatrixcurrentcolumn=\count341
\pgf@matrix@numberofcolumns=\count342
)
\tikz@expandcount=\count343

(C:\Users\JuniorJ\AppData\Local\Programs\MiKTeX\tex/generic/pgf/frontendlayer/t
ikz/libraries\tikzlibrarytopaths.code.tex
File: tikzlibrarytopaths.code.tex 2021/05/15 v3.1.9a (3.1.9a)
)))
(C:\Users\JuniorJ\AppData\Local\Programs\MiKTeX\tex/latex/tools\xspace.sty
Package: xspace 2014/10/28 v1.13 Space after command names (DPC,MH)
)
(C:\Users\JuniorJ\AppData\Local\Programs\MiKTeX\tex/latex/l3packages/l3keys2e\l
3keys2e.sty
Package: l3keys2e 2022-01-12 LaTeX2e option processing using LaTeX3 keys
)
(C:\Users\JuniorJ\AppData\Local\Programs\MiKTeX\tex/generic/pgf/frontendlayer/t
ikz/libraries\tikzlibraryarrows.code.tex
File: tikzlibraryarrows.code.tex 2021/05/15 v3.1.9a (3.1.9a)

(C:\Users\JuniorJ\AppData\Local\Programs\MiKTeX\tex/generic/pgf/libraries\pgfli
braryarrows.code.tex
File: pgflibraryarrows.code.tex 2021/05/15 v3.1.9a (3.1.9a)
\arrowsize=\dimen313
))
(C:\Users\JuniorJ\AppData\Local\Programs\MiKTeX\tex/generic/pgf/frontendlayer/t
ikz/libraries\tikzlibrarydecorations.pathmorphing.code.tex
(C:\Users\JuniorJ\AppData\Local\Programs\MiKTeX\tex/generic/pgf/frontendlayer/t
ikz/libraries\tikzlibrarydecorations.code.tex
(C:\Users\JuniorJ\AppData\Local\Programs\MiKTeX\tex/generic/pgf/modules\pgfmodu
ledecorations.code.tex
\pgfdecoratedcompleteddistance=\dimen314
\pgfdecoratedremainingdistance=\dimen315
\pgfdecoratedinputsegmentcompleteddistance=\dimen316
\pgfdecoratedinputsegmentremainingdistance=\dimen317
\pgf@decorate@distancetomove=\dimen318
\pgf@decorate@repeatstate=\count344
\pgfdecorationsegmentamplitude=\dimen319
\pgfdecorationsegmentlength=\dimen320
)
\tikz@lib@dec@box=\box81
)
(C:\Users\JuniorJ\AppData\Local\Programs\MiKTeX\tex/generic/pgf/libraries/decor
ations\pgflibrarydecorations.pathmorphing.code.tex))
(C:\Users\JuniorJ\AppData\Local\Programs\MiKTeX\tex/generic/pgf/frontendlayer/t
ikz/libraries\tikzlibrarytrees.code.tex
File: tikzlibrarytrees.code.tex 2021/05/15 v3.1.9a (3.1.9a)
)
\l__tikzsymbols_Moai_thickness_dim=\dimen321
\l__tikzsymbols_Kochtopf_nr_arguments_int=\count345
\l__tikzsymbols_Bratpfanne_nr_arguments_int=\count346
\l__tikzsymbols_Schneebesen_nr_arguments_int=\count347
\l__tikzsymbols_Sieb_nr_arguments_int=\count348
\l__tikzsymbols_Purierstab_nr_arguments_int=\count349
\l__tikzsymbols_Dreizack_nr_arguments_int=\count350
\l__tikzsymbols_Backblech_nr_arguments_int=\count351
\l__tikzsymbols_Ofen_nr_arguments_int=\count352
\l__tikzsymbols_Pfanne_nr_arguments_int=\count353
\l__tikzsymbols_Herd_nr_arguments_int=\count354
\l__tikzsymbols_Saftpresse_nr_arguments_int=\count355
\l__tikzsymbols_Schussel_nr_arguments_int=\count356
\l__tikzsymbols_Schaler_nr_arguments_int=\count357
\l__tikzsymbols_Reibe_nr_arguments_int=\count358
\l__tikzsymbols_Flasche_nr_arguments_int=\count359
\l__tikzsymbols_Nudelholz_nr_arguments_int=\count360
\l__tikzsymbols_Knoblauchpresse_nr_arguments_int=\count361
\l__tikzsymbols_Sadey_nr_arguments_int=\count362
\l__tikzsymbols_dSadey_nr_arguments_int=\count363
\l__tikzsymbols_Changey_nr_arguments_int=\count364
\l__tikzsymbols_dChangey_nr_arguments_int=\count365
\l__tikzsymbols_cChangey_nr_arguments_int=\count366
\l__tikzsymbols_dcChangey_nr_arguments_int=\count367
\l__tikzsymbols_Annoey_nr_arguments_int=\count368
\l__tikzsymbols_dAnnoey_nr_arguments_int=\count369
\l__tikzsymbols_Smiley_nr_arguments_int=\count370
\l__tikzsymbols_dSmiley_nr_arguments_int=\count371
\l__tikzsymbols_Laughey_nr_arguments_int=\count372
\l__tikzsymbols_dLaughey_nr_arguments_int=\count373
\l__tikzsymbols_Neutrey_nr_arguments_int=\count374
\l__tikzsymbols_dNeutrey_nr_arguments_int=\count375
\l__tikzsymbols_Winkey_nr_arguments_int=\count376
\l__tikzsymbols_oldWinkey_nr_arguments_int=\count377
\l__tikzsymbols_dWinkey_nr_arguments_int=\count378
\l__tikzsymbols_olddWinkey_nr_arguments_int=\count379
\l__tikzsymbols_Sey_nr_arguments_int=\count380
\l__tikzsymbols_dSey_nr_arguments_int=\count381
\l__tikzsymbols_Xey_nr_arguments_int=\count382
\l__tikzsymbols_dXey_nr_arguments_int=\count383
\l__tikzsymbols_Innocey_nr_arguments_int=\count384
\l__tikzsymbols_wInnocey_nr_arguments_int=\count385
\l__tikzsymbols_dInnocey_nr_arguments_int=\count386
\l__tikzsymbols_Cooley_nr_arguments_int=\count387
\l__tikzsymbols_dCooley_nr_arguments_int=\count388
\l__tikzsymbols_Tongey_nr_arguments_int=\count389
\l__tikzsymbols_dTongey_nr_arguments_int=\count390
\l__tikzsymbols_Nursey_nr_arguments_int=\count391
\l__tikzsymbols_dNursey_nr_arguments_int=\count392
\l__tikzsymbols_Vomey_nr_arguments_int=\count393
\l__tikzsymbols_dVomey_nr_arguments_int=\count394
\l__tikzsymbols_Walley_nr_arguments_int=\count395
\l__tikzsymbols_rWalley_nr_arguments_int=\count396
\l__tikzsymbols_dWalley_nr_arguments_int=\count397
\l__tikzsymbols_drWalley_nr_arguments_int=\count398
\l__tikzsymbols_Cat_nr_arguments_int=\count399
\l__tikzsymbols_SchrodingersCat_nr_arguments_int=\count400
\l__tikzsymbols_Ninja_nr_arguments_int=\count401
\l__tikzsymbols_dNinja_nr_arguments_int=\count402
\l__tikzsymbols_Sleepey_nr_arguments_int=\count403
\l__tikzsymbols_dSleepey_nr_arguments_int=\count404
\l__tikzsymbols_Maskey_nr_arguments_int=\count405
\l__tikzsymbols_NiceReapey_nr_arguments_int=\count406
\l__tikzsymbols_Strichmaxerl_nr_arguments_int=\count407
\l__tikzsymbols_Person_nr_arguments_int=\count408
\l__tikzsymbols_Heart_nr_arguments_int=\count409
\l__tikzsymbols_dHeart_nr_arguments_int=\count410
\l__tikzsymbols_HeartBroken_nr_arguments_int=\count411
\l__tikzsymbols_Candle_nr_arguments_int=\count412
\l__tikzsymbols_Fire_nr_arguments_int=\count413
\l__tikzsymbols_Coffeecup_nr_arguments_int=\count414
\l__tikzsymbols_Chair_nr_arguments_int=\count415
\l__tikzsymbols_Bed_nr_arguments_int=\count416
\l__tikzsymbols_Tribar_nr_arguments_int=\count417
\l__tikzsymbols_Moai_nr_arguments_int=\count418
\l__tikzsymbols_Snowman_nr_arguments_int=\count419
\l__tikzsymbols_BasicTree_nr_arguments_int=\count420
\l__tikzsymbols_WorstTree_nr_arguments_int=\count421
\l__tikzsymbols_Springtree_nr_arguments_int=\count422
\l__tikzsymbols_Summertree_nr_arguments_int=\count423
\l__tikzsymbols_Autumntree_nr_arguments_int=\count424
\l__tikzsymbols_Wintertree_nr_arguments_int=\count425
)
(C:\Users\JuniorJ\AppData\Local\Programs\MiKTeX\tex/latex/ragged2e\ragged2e.sty
Package: ragged2e 2021/12/15 v3.1 ragged2e Package
\CenteringLeftskip=\skip64
\RaggedLeftLeftskip=\skip65
\RaggedRightLeftskip=\skip66
\CenteringRightskip=\skip67
\RaggedLeftRightskip=\skip68
\RaggedRightRightskip=\skip69
\CenteringParfillskip=\skip70
\RaggedLeftParfillskip=\skip71
\RaggedRightParfillskip=\skip72
\JustifyingParfillskip=\skip73
\CenteringParindent=\skip74
\RaggedLeftParindent=\skip75
\RaggedRightParindent=\skip76
\JustifyingParindent=\skip77
) (C:\Users\JuniorJ\AppData\Local\Programs\MiKTeX\tex/generic/babel\babel.sty
Package: babel 2022/02/26 3.73 The Babel package
\babel@savecnt=\count426
\U@D=\dimen322
\l@unhyphenated=\language79

(C:\Users\JuniorJ\AppData\Local\Programs\MiKTeX\tex/generic/babel\txtbabel.def)
\bbl@readstream=\read4
LaTeX Info: Redefining \textlatin on input line 3969.
\bbl@dirlevel=\count427
*************************************
* Local config file bblopts.cfg used
*
(C:\Users\JuniorJ\AppData\Local\Programs\MiKTeX\tex/latex/arabi\bblopts.cfg
File: bblopts.cfg 2005/09/08 v0.1 add Arabic and Farsi to "declared" options of
 babel
)
(C:\Users\JuniorJ\AppData\Local\Programs\MiKTeX\tex/latex/babel-spanish\spanish
.ldf
Language: spanish.ldf 2021/05/27 v5.0q Spanish support from the babel system
\es@quottoks=\toks54
\es@quotdepth=\count428
Package babel Info: Making " an active character on input line 570.
Package babel Info: Making . an active character on input line 675.
Package babel Info: Making < an active character on input line 722.
Package babel Info: Making > an active character on input line 722.
))
(C:\Users\JuniorJ\AppData\Local\Programs\MiKTeX\tex/latex/hyphenat\hyphenat.sty
Package: hyphenat 2009/09/02 v2.3c hyphenation utilities
\langwohyphens=\language80
LaTeX Info: Redefining \_ on input line 43.
) (C:\Users\JuniorJ\AppData\Local\Programs\MiKTeX\tex/latex/base\fontenc.sty
Package: fontenc 2021/04/29 v2.0v Standard LaTeX package
)
(C:\Users\JuniorJ\AppData\Local\Programs\MiKTeX\tex/latex/tools\array.sty
Package: array 2021/10/04 v2.5f Tabular extension package (FMi)
\col@sep=\dimen323
\ar@mcellbox=\box82
\extrarowheight=\dimen324
\NC@list=\toks55
\extratabsurround=\skip78
\backup@length=\skip79
\ar@cellbox=\box83
)
(C:\Users\JuniorJ\AppData\Local\Programs\MiKTeX\tex/latex/float\float.sty
Package: float 2001/11/08 v1.3d Float enhancements (AL)
\c@float@type=\count429
\float@exts=\toks56
\float@box=\box84
\@float@everytoks=\toks57
\@floatcapt=\box85
)
(C:\Users\JuniorJ\AppData\Local\Programs\MiKTeX\tex/generic/xypic\xy.sty
(C:\Users\JuniorJ\AppData\Local\Programs\MiKTeX\tex/generic/xypic\xy.tex
Bootstrap'ing: catcodes, docmode,
(C:\Users\JuniorJ\AppData\Local\Programs\MiKTeX\tex/generic/xypic\xyrecat.tex)
(C:\Users\JuniorJ\AppData\Local\Programs\MiKTeX\tex/generic/xypic\xyidioms.tex)

 Xy-pic version 3.8.9 <2013/10/06>
 Copyright (c) 1991-2013 by Kristoffer H. Rose <krisrose@tug.org> and others
 Xy-pic is free software: see the User's Guide for details.

Loading kernel: messages; fonts; allocations: state,
\X@c=\dimen325
\Y@c=\dimen326
\U@c=\dimen327
\D@c=\dimen328
\L@c=\dimen329
\R@c=\dimen330
\Edge@c=\toks58
\X@p=\dimen331
\Y@p=\dimen332
\U@p=\dimen333
\D@p=\dimen334
\L@p=\dimen335
\R@p=\dimen336
\Edge@p=\toks59
\X@origin=\dimen337
\Y@origin=\dimen338
\X@xbase=\dimen339
\Y@xbase=\dimen340
\X@ybase=\dimen341
\Y@ybase=\dimen342
\X@min=\dimen343
\Y@min=\dimen344
\X@max=\dimen345
\Y@max=\dimen346
\lastobjectbox@=\box86
\zerodotbox@=\box87
\almostz@=\dimen347
 direction,
\d@X=\dimen348
\d@Y=\dimen349
\K@=\count430
\KK@=\count431
\Direction=\count432
\K@dXdY=\dimen350
\K@dYdX=\dimen351
\xyread@=\read5
\xywrite@=\write5
\csp@=\count433
\quotPTK@=\dimen352

utility macros; pictures: \xy, positions,
\swaptoks@@=\toks60
\connectobjectbox@@=\box88
 objects,
\styletoks@=\toks61
 decorations;
kernel objects: directionals, circles, text; options; algorithms: directions,
edges, connections;  Xy-pic loaded)
(C:\Users\JuniorJ\AppData\Local\Programs\MiKTeX\tex/generic/iftex\ifpdf.sty
Package: ifpdf 2019/10/25 v3.4 ifpdf legacy package. Use iftex instead.
)
Package: xy 2013/10/06 Xy-pic version 3.8.9

(C:\Users\JuniorJ\AppData\Local\Programs\MiKTeX\tex/generic/xypic\xyall.tex
 Xy-pic option: All features v.3.8
(C:\Users\JuniorJ\AppData\Local\Programs\MiKTeX\tex/generic/xypic\xycurve.tex
 Xy-pic option: Curve and Spline extension v.3.12 curve,
\crv@cnt@=\count434
\crvpts@=\toks62
\splinebox@=\box89
\splineval@=\dimen353
\splinedepth@=\dimen354
\splinetol@=\dimen355
\splinelength@=\dimen356
 circles,
\L@=\dimen357
 loaded)
(C:\Users\JuniorJ\AppData\Local\Programs\MiKTeX\tex/generic/xypic\xyframe.tex
 Xy-pic option: Frame and Bracket extension v.3.14 loaded)
(C:\Users\JuniorJ\AppData\Local\Programs\MiKTeX\tex/generic/xypic\xycmtip.tex
 Xy-pic option: Computer Modern tip extension v.3.7
(C:\Users\JuniorJ\AppData\Local\Programs\MiKTeX\tex/generic/xypic\xytips.tex
 Xy-pic option: More Tips extension v.3.11 loaded) loaded)
(C:\Users\JuniorJ\AppData\Local\Programs\MiKTeX\tex/generic/xypic\xyline.tex
 Xy-pic option: Line styles extension v.3.10
\xylinethick@=\dimen358
 loaded)
(C:\Users\JuniorJ\AppData\Local\Programs\MiKTeX\tex/generic/xypic\xyrotate.tex
 Xy-pic option: Rotate and Scale extension v.3.8 loaded)
(C:\Users\JuniorJ\AppData\Local\Programs\MiKTeX\tex/generic/xypic\xycolor.tex
 Xy-pic option: Colour extension v.3.11 loaded)
(C:\Users\JuniorJ\AppData\Local\Programs\MiKTeX\tex/generic/xypic\xymatrix.tex
 Xy-pic option: Matrix feature v.3.14
\Row=\count435
\Col=\count436
\queue@=\toks63
\queue@@=\toks64
\qcount@=\count437
\qcount@@=\count438
\matrixsize@=\count439
 loaded)
(C:\Users\JuniorJ\AppData\Local\Programs\MiKTeX\tex/generic/xypic\xyarrow.tex
 Xy-pic option: Arrow and Path feature v.3.9 path, \ar, loaded)
(C:\Users\JuniorJ\AppData\Local\Programs\MiKTeX\tex/generic/xypic\xygraph.tex
 Xy-pic option: Graph feature v.3.11 loaded) loaded)
(C:\Users\JuniorJ\AppData\Local\Programs\MiKTeX\tex/generic/xypic\xypdf.tex
 Xy-pic option: PDF driver v.1.7 Xy-pic pdf driver: `color' extension support
(C:\Users\JuniorJ\AppData\Local\Programs\MiKTeX\tex/generic/xypic\xypdf-co.tex
loaded) Xy-pic pdf driver: `curve' extension support
(C:\Users\JuniorJ\AppData\Local\Programs\MiKTeX\tex/generic/xypic\xypdf-cu.tex
loaded) Xy-pic pdf driver: `frame' extension support
(C:\Users\JuniorJ\AppData\Local\Programs\MiKTeX\tex/generic/xypic\xypdf-fr.tex
loaded) Xy-pic pdf driver: `line' extension support
(C:\Users\JuniorJ\AppData\Local\Programs\MiKTeX\tex/generic/xypic\xypdf-li.tex
loaded) Xy-pic pdf driver: `rotate' extension support
(C:\Users\JuniorJ\AppData\Local\Programs\MiKTeX\tex/generic/xypic\xypdf-ro.tex
loaded) loaded))
(C:\Users\JuniorJ\AppData\Local\Programs\MiKTeX\tex/latex/lm\lmodern.sty
Package: lmodern 2009/10/30 v1.6 Latin Modern Fonts
LaTeX Font Info:    Overwriting symbol font `operators' in version `normal'
(Font)                  OT1/cmr/m/n --> OT1/lmr/m/n on input line 22.
LaTeX Font Info:    Overwriting symbol font `letters' in version `normal'
(Font)                  OML/cmm/m/it --> OML/lmm/m/it on input line 23.
LaTeX Font Info:    Overwriting symbol font `symbols' in version `normal'
(Font)                  OMS/cmsy/m/n --> OMS/lmsy/m/n on input line 24.
LaTeX Font Info:    Overwriting symbol font `largesymbols' in version `normal'
(Font)                  OMX/cmex/m/n --> OMX/lmex/m/n on input line 25.
LaTeX Font Info:    Overwriting symbol font `operators' in version `bold'
(Font)                  OT1/cmr/bx/n --> OT1/lmr/bx/n on input line 26.
LaTeX Font Info:    Overwriting symbol font `letters' in version `bold'
(Font)                  OML/cmm/b/it --> OML/lmm/b/it on input line 27.
LaTeX Font Info:    Overwriting symbol font `symbols' in version `bold'
(Font)                  OMS/cmsy/b/n --> OMS/lmsy/b/n on input line 28.
LaTeX Font Info:    Overwriting symbol font `largesymbols' in version `bold'
(Font)                  OMX/cmex/m/n --> OMX/lmex/m/n on input line 29.
LaTeX Font Info:    Overwriting math alphabet `\mathbf' in version `normal'
(Font)                  OT1/cmr/bx/n --> OT1/lmr/bx/n on input line 31.
LaTeX Font Info:    Overwriting math alphabet `\mathsf' in version `normal'
(Font)                  OT1/cmss/m/n --> OT1/lmss/m/n on input line 32.
LaTeX Font Info:    Overwriting math alphabet `\mathit' in version `normal'
(Font)                  OT1/cmr/m/it --> OT1/lmr/m/it on input line 33.
LaTeX Font Info:    Overwriting math alphabet `\mathtt' in version `normal'
(Font)                  OT1/cmtt/m/n --> OT1/lmtt/m/n on input line 34.
LaTeX Font Info:    Overwriting math alphabet `\mathbf' in version `bold'
(Font)                  OT1/cmr/bx/n --> OT1/lmr/bx/n on input line 35.
LaTeX Font Info:    Overwriting math alphabet `\mathsf' in version `bold'
(Font)                  OT1/cmss/bx/n --> OT1/lmss/bx/n on input line 36.
LaTeX Font Info:    Overwriting math alphabet `\mathit' in version `bold'
(Font)                  OT1/cmr/bx/it --> OT1/lmr/bx/it on input line 37.
LaTeX Font Info:    Overwriting math alphabet `\mathtt' in version `bold'
(Font)                  OT1/cmtt/m/n --> OT1/lmtt/m/n on input line 38.
)
(C:\Users\JuniorJ\AppData\Local\Programs\MiKTeX\tex/latex/multirow\multirow.sty
Package: multirow 2021/03/15 v2.8 Span multiple rows of a table
\multirow@colwidth=\skip80
\multirow@cntb=\count440
\multirow@dima=\skip81
\bigstrutjot=\dimen359
) (C:\Users\JuniorJ\AppData\Local\Programs\MiKTeX\tex/latex/tools\multicol.sty
Package: multicol 2021/10/28 v1.9b multicolumn formatting (FMi)
\c@tracingmulticols=\count441
\mult@box=\box90
\multicol@leftmargin=\dimen360
\c@unbalance=\count442
\c@collectmore=\count443
\doublecol@number=\count444
\multicoltolerance=\count445
\multicolpretolerance=\count446
\full@width=\dimen361
\page@free=\dimen362
\premulticols=\dimen363
\postmulticols=\dimen364
\multicolsep=\skip82
\multicolbaselineskip=\skip83
\partial@page=\box91
\last@line=\box92
\maxbalancingoverflow=\dimen365
\mult@rightbox=\box93
\mult@grightbox=\box94
\mult@firstbox=\box95
\mult@gfirstbox=\box96
\@tempa=\box97
\@tempa=\box98
\@tempa=\box99
\@tempa=\box100
\@tempa=\box101
\@tempa=\box102
\@tempa=\box103
\@tempa=\box104
\@tempa=\box105
\@tempa=\box106
\@tempa=\box107
\@tempa=\box108
\@tempa=\box109
\@tempa=\box110
\@tempa=\box111
\@tempa=\box112
\@tempa=\box113
\@tempa=\box114
\@tempa=\box115
\@tempa=\box116
\@tempa=\box117
\@tempa=\box118
\@tempa=\box119
\@tempa=\box120
\@tempa=\box121
\@tempa=\box122
\@tempa=\box123
\@tempa=\box124
\@tempa=\box125
\@tempa=\box126
\@tempa=\box127
\@tempa=\box128
\@tempa=\box129
\@tempa=\box130
\@tempa=\box131
\@tempa=\box132
\c@minrows=\count447
\c@columnbadness=\count448
\c@finalcolumnbadness=\count449
\last@try=\dimen366
\multicolovershoot=\dimen367
\multicolundershoot=\dimen368
\mult@nat@firstbox=\box133
\colbreak@box=\box134
\mc@col@check@num=\count450
)
(C:\Users\JuniorJ\AppData\Local\Programs\MiKTeX\tex/latex/listings\listings.sty
\lst@mode=\count451
\lst@gtempboxa=\box135
\lst@token=\toks65
\lst@length=\count452
\lst@currlwidth=\dimen369
\lst@column=\count453
\lst@pos=\count454
\lst@lostspace=\dimen370
\lst@width=\dimen371
\lst@newlines=\count455
\lst@lineno=\count456
\lst@maxwidth=\dimen372
(C:\Users\JuniorJ\AppData\Local\Programs\MiKTeX\tex/latex/listings\lstmisc.sty
File: lstmisc.sty 2020/03/24 1.8d (Carsten Heinz)
\c@lstnumber=\count457
\lst@skipnumbers=\count458
\lst@framebox=\box136
)
(C:\Users\JuniorJ\AppData\Local\Programs\MiKTeX\tex/latex/listings\listings.cfg
File: listings.cfg 2020/03/24 1.8d listings configuration
))
Package: listings 2020/03/24 1.8d (Carsten Heinz)

(C:\Users\JuniorJ\AppData\Local\Programs\MiKTeX\tex/latex/tools\longtable.sty
Package: longtable 2021-09-01 v4.17 Multi-page Table package (DPC)
\LTleft=\skip84
\LTright=\skip85
\LTpre=\skip86
\LTpost=\skip87
\LTchunksize=\count459
\LTcapwidth=\dimen373
\LT@head=\box137
\LT@firsthead=\box138
\LT@foot=\box139
\LT@lastfoot=\box140
\LT@gbox=\box141
\LT@cols=\count460
\LT@rows=\count461
\c@LT@tables=\count462
\c@LT@chunks=\count463
\LT@p@ftn=\toks66
)
LaTeX Font Info:    Trying to load font information for T1+lmss on input line 6
6.

(C:\Users\JuniorJ\AppData\Local\Programs\MiKTeX\tex/latex/lm\t1lmss.fd
File: t1lmss.fd 2009/10/30 v1.6 Font defs for Latin Modern
)
(Clase_Series.aux
LaTeX Info: Redefining \. on input line 24.
LaTeX Info: Redefining \% on input line 24.
)
\openout1 = `Clase_Series.aux'.

LaTeX Font Info:    Checking defaults for OML/cmm/m/it on input line 66.
LaTeX Font Info:    ... okay on input line 66.
LaTeX Font Info:    Checking defaults for OMS/cmsy/m/n on input line 66.
LaTeX Font Info:    ... okay on input line 66.
LaTeX Font Info:    Checking defaults for OT1/cmr/m/n on input line 66.
LaTeX Font Info:    ... okay on input line 66.
LaTeX Font Info:    Checking defaults for T1/cmr/m/n on input line 66.
LaTeX Font Info:    ... okay on input line 66.
LaTeX Font Info:    Checking defaults for TS1/cmr/m/n on input line 66.
LaTeX Font Info:    ... okay on input line 66.
LaTeX Font Info:    Checking defaults for OMX/cmex/m/n on input line 66.
LaTeX Font Info:    ... okay on input line 66.
LaTeX Font Info:    Checking defaults for U/cmr/m/n on input line 66.
LaTeX Font Info:    ... okay on input line 66.
LaTeX Font Info:    Checking defaults for PD1/pdf/m/n on input line 66.
LaTeX Font Info:    ... okay on input line 66.
LaTeX Font Info:    Checking defaults for PU/pdf/m/n on input line 66.
LaTeX Font Info:    ... okay on input line 66.

*geometry* driver: auto-detecting
*geometry* detected driver: pdftex
*geometry* verbose mode - [ preamble ] result:
* driver: pdftex
* paper: custom
* layout: <same size as paper>
* layoutoffset:(h,v)=(0.0pt,0.0pt)
* modes: includehead includefoot 
* h-part:(L,W,R)=(25.60747pt, 318.67097pt, 19.91692pt)
* v-part:(T,H,B)=(0.0pt, 273.14662pt, 0.0pt)
* \paperwidth=364.19536pt
* \paperheight=273.14662pt
* \textwidth=318.67097pt
* \textheight=244.6939pt
* \oddsidemargin=-46.66252pt
* \evensidemargin=-46.66252pt
* \topmargin=-72.26999pt
* \headheight=14.22636pt
* \headsep=0.0pt
* \topskip=10.0pt
* \footskip=14.22636pt
* \marginparwidth=3.0pt
* \marginparsep=11.0pt
* \columnsep=10.0pt
* \skip\footins=9.0pt plus 4.0pt minus 2.0pt
* \hoffset=0.0pt
* \voffset=0.0pt
* \mag=1000
* \@twocolumnfalse
* \@twosidefalse
* \@mparswitchfalse
* \@reversemarginfalse
* (1in=72.27pt=25.4mm, 1cm=28.453pt)


(C:\Users\JuniorJ\AppData\Local\Programs\MiKTeX\tex/context/base/mkii\supp-pdf.
mkii
[Loading MPS to PDF converter (version 2006.09.02).]
\scratchcounter=\count464
\scratchdimen=\dimen374
\scratchbox=\box142
\nofMPsegments=\count465
\nofMParguments=\count466
\everyMPshowfont=\toks67
\MPscratchCnt=\count467
\MPscratchDim=\dimen375
\MPnumerator=\count468
\makeMPintoPDFobject=\count469
\everyMPtoPDFconversion=\toks68
)
(C:\Users\JuniorJ\AppData\Local\Programs\MiKTeX\tex/latex/epstopdf-pkg\epstopdf
-base.sty
Package: epstopdf-base 2020-01-24 v2.11 Base part for package epstopdf
Package epstopdf-base Info: Redefining graphics rule for `.eps' on input line 4
85.

(C:\Users\JuniorJ\AppData\Local\Programs\MiKTeX\tex/latex/00miktex\epstopdf-sys
.cfg
File: epstopdf-sys.cfg 2021/03/18 v2.0 Configuration of epstopdf for MiKTeX
))
Package hyperref Info: Link coloring OFF on input line 66.

(C:\Users\JuniorJ\AppData\Local\Programs\MiKTeX\tex/latex/hyperref\nameref.sty
Package: nameref 2021-04-02 v2.47 Cross-referencing by name of section

(C:\Users\JuniorJ\AppData\Local\Programs\MiKTeX\tex/latex/refcount\refcount.sty
Package: refcount 2019/12/15 v3.6 Data extraction from label references (HO)
)
(C:\Users\JuniorJ\AppData\Local\Programs\MiKTeX\tex/generic/gettitlestring\gett
itlestring.sty
Package: gettitlestring 2019/12/15 v1.6 Cleanup title references (HO)
)
\c@section@level=\count470
)
LaTeX Info: Redefining \ref on input line 66.
LaTeX Info: Redefining \pageref on input line 66.
LaTeX Info: Redefining \nameref on input line 66.
 (Clase_Series.out) (Clase_Series.out)
\@outlinefile=\write6
\openout6 = `Clase_Series.out'.

LaTeX Font Info:    Overwriting symbol font `operators' in version `normal'
(Font)                  OT1/lmr/m/n --> OT1/cmss/m/n on input line 66.
LaTeX Font Info:    Overwriting symbol font `operators' in version `bold'
(Font)                  OT1/lmr/bx/n --> OT1/cmss/b/n on input line 66.
LaTeX Font Info:    Overwriting symbol font `operators' in version `normal'
(Font)                  OT1/cmss/m/n --> OT1/lmss/m/n on input line 66.
LaTeX Font Info:    Overwriting symbol font `operators' in version `bold'
(Font)                  OT1/cmss/b/n --> OT1/lmss/b/n on input line 66.
\symnumbers=\mathgroup7
\sympureletters=\mathgroup8
LaTeX Font Info:    Overwriting math alphabet `\mathrm' in version `normal'
(Font)                  OT1/lmss/m/n --> T1/lmr/m/n on input line 66.
LaTeX Font Info:    Redeclaring math alphabet \mathbf on input line 66.
LaTeX Font Info:    Overwriting math alphabet `\mathbf' in version `normal'
(Font)                  OT1/lmr/bx/n --> T1/lmss/b/n on input line 66.
LaTeX Font Info:    Overwriting math alphabet `\mathbf' in version `bold'
(Font)                  OT1/lmr/bx/n --> T1/lmss/b/n on input line 66.
LaTeX Font Info:    Redeclaring math alphabet \mathsf on input line 66.
LaTeX Font Info:    Overwriting math alphabet `\mathsf' in version `normal'
(Font)                  OT1/lmss/m/n --> T1/lmss/m/n on input line 66.
LaTeX Font Info:    Overwriting math alphabet `\mathsf' in version `bold'
(Font)                  OT1/lmss/bx/n --> T1/lmss/m/n on input line 66.
LaTeX Font Info:    Redeclaring math alphabet \mathit on input line 66.
LaTeX Font Info:    Overwriting math alphabet `\mathit' in version `normal'
(Font)                  OT1/lmr/m/it --> T1/lmss/m/it on input line 66.
LaTeX Font Info:    Overwriting math alphabet `\mathit' in version `bold'
(Font)                  OT1/lmr/bx/it --> T1/lmss/m/it on input line 66.
LaTeX Font Info:    Redeclaring math alphabet \mathtt on input line 66.
LaTeX Font Info:    Overwriting math alphabet `\mathtt' in version `normal'
(Font)                  OT1/lmtt/m/n --> T1/lmtt/m/n on input line 66.
LaTeX Font Info:    Overwriting math alphabet `\mathtt' in version `bold'
(Font)                  OT1/lmtt/m/n --> T1/lmtt/m/n on input line 66.
LaTeX Font Info:    Overwriting symbol font `numbers' in version `bold'
(Font)                  T1/lmss/m/n --> T1/lmss/b/n on input line 66.
LaTeX Font Info:    Overwriting symbol font `pureletters' in version `bold'
(Font)                  T1/lmss/m/it --> T1/lmss/b/it on input line 66.
LaTeX Font Info:    Overwriting math alphabet `\mathrm' in version `bold'
(Font)                  OT1/lmss/b/n --> T1/lmr/b/n on input line 66.
LaTeX Font Info:    Overwriting math alphabet `\mathbf' in version `bold'
(Font)                  T1/lmss/b/n --> T1/lmss/b/n on input line 66.
LaTeX Font Info:    Overwriting math alphabet `\mathsf' in version `bold'
(Font)                  T1/lmss/m/n --> T1/lmss/b/n on input line 66.
LaTeX Font Info:    Overwriting math alphabet `\mathit' in version `bold'
(Font)                  T1/lmss/m/it --> T1/lmss/b/it on input line 66.
LaTeX Font Info:    Overwriting math alphabet `\mathtt' in version `bold'
(Font)                  T1/lmtt/m/n --> T1/lmtt/b/n on input line 66.

(C:\Users\JuniorJ\AppData\Local\Programs\MiKTeX\tex/latex/translator\translator
-basic-dictionary-English.dict
Dictionary: translator-basic-dictionary, Language: English 
)
(C:\Users\JuniorJ\AppData\Local\Programs\MiKTeX\tex/latex/translator\translator
-bibliography-dictionary-English.dict
Dictionary: translator-bibliography-dictionary, Language: English 
)
(C:\Users\JuniorJ\AppData\Local\Programs\MiKTeX\tex/latex/translator\translator
-environment-dictionary-English.dict
Dictionary: translator-environment-dictionary, Language: English 
)
(C:\Users\JuniorJ\AppData\Local\Programs\MiKTeX\tex/latex/translator\translator
-months-dictionary-English.dict
Dictionary: translator-months-dictionary, Language: English 
)
(C:\Users\JuniorJ\AppData\Local\Programs\MiKTeX\tex/latex/translator\translator
-numbers-dictionary-English.dict
Dictionary: translator-numbers-dictionary, Language: English 
)
(C:\Users\JuniorJ\AppData\Local\Programs\MiKTeX\tex/latex/translator\translator
-theorem-dictionary-English.dict
Dictionary: translator-theorem-dictionary, Language: English 
)
(C:\Users\JuniorJ\AppData\Local\Programs\MiKTeX\tex/latex/ucs\ucsencs.def
File: ucsencs.def 2011/01/21 Fixes to fontencodings LGR, T3
)
LaTeX Info: Redefining \. on input line 66.
LaTeX Info: Redefining \% on input line 66.
LaTeX Font Info:    Trying to load font information for OT1+lmss on input line 
66.

(C:\Users\JuniorJ\AppData\Local\Programs\MiKTeX\tex/latex/lm\ot1lmss.fd
File: ot1lmss.fd 2009/10/30 v1.6 Font defs for Latin Modern
)
LaTeX Font Info:    Trying to load font information for OML+lmm on input line 6
6.

(C:\Users\JuniorJ\AppData\Local\Programs\MiKTeX\tex/latex/lm\omllmm.fd
File: omllmm.fd 2009/10/30 v1.6 Font defs for Latin Modern
)
LaTeX Font Info:    Trying to load font information for OMS+lmsy on input line 
66.

(C:\Users\JuniorJ\AppData\Local\Programs\MiKTeX\tex/latex/lm\omslmsy.fd
File: omslmsy.fd 2009/10/30 v1.6 Font defs for Latin Modern
)
LaTeX Font Info:    Trying to load font information for OMX+lmex on input line 
66.

(C:\Users\JuniorJ\AppData\Local\Programs\MiKTeX\tex/latex/lm\omxlmex.fd
File: omxlmex.fd 2009/10/30 v1.6 Font defs for Latin Modern
)
LaTeX Font Info:    External font `lmex10' loaded for size
(Font)              <10> on input line 66.
LaTeX Font Info:    External font `lmex10' loaded for size
(Font)              <7> on input line 66.
LaTeX Font Info:    External font `lmex10' loaded for size
(Font)              <5> on input line 66.
LaTeX Font Info:    Trying to load font information for U+msa on input line 66.


(C:\Users\JuniorJ\AppData\Local\Programs\MiKTeX\tex/latex/amsfonts\umsa.fd
File: umsa.fd 2013/01/14 v3.01 AMS symbols A
)
LaTeX Font Info:    Trying to load font information for U+msb on input line 66.


(C:\Users\JuniorJ\AppData\Local\Programs\MiKTeX\tex/latex/amsfonts\umsb.fd
File: umsb.fd 2013/01/14 v3.01 AMS symbols B
)
LaTeX Font Info:    Trying to load font information for U+wasy on input line 66
.

(C:\Users\JuniorJ\AppData\Local\Programs\MiKTeX\tex/latex/wasysym\uwasy.fd
File: uwasy.fd 2020/01/19 v2.4 Wasy-2 symbol font definitions
)
LaTeX Font Info:    Font shape `T1/lmss/m/it' in size <10> not available
(Font)              Font shape `T1/lmss/m/sl' tried instead on input line 66.
LaTeX Font Info:    Font shape `T1/lmss/m/it' in size <7> not available
(Font)              Font shape `T1/lmss/m/sl' tried instead on input line 66.
LaTeX Font Info:    Font shape `T1/lmss/m/it' in size <5> not available
(Font)              Font shape `T1/lmss/m/sl' tried instead on input line 66.
Package xypdf Info: Line width: 0.39998pt on input line 66.
\c@lstlisting=\count471

(Clase_Series.nav)
Overfull \hbox (243.97282pt too wide) detected at line 66
  [] [] [] [] [] [] [] 
 []


Overfull \hbox (243.97282pt too wide) has occurred while \output is active
  [] [] [] [] [] [] [] 
 []

[1{C:/Users/JuniorJ/AppData/Local/MiKTeX/fonts/map/pdftex/pdftex.map}

 <./oxygen-header.png>] (Clase_Series.toc
LaTeX Info: Redefining \. on input line 1.
LaTeX Info: Redefining \% on input line 1.
)
Overfull \hbox (243.97282pt too wide) has occurred while \output is active
  [] [] [] [] [] [] [] 
 []

[2

] (Clase_Series.toc
LaTeX Info: Redefining \. on input line 1.
LaTeX Info: Redefining \% on input line 1.
)
Overfull \hbox (243.97282pt too wide) has occurred while \output is active
  [] [] [] [] [] [] [] 
 []

[3

] (Clase_Series.toc
LaTeX Info: Redefining \. on input line 1.
LaTeX Info: Redefining \% on input line 1.
)
Overfull \hbox (243.97282pt too wide) has occurred while \output is active
  [] [] [] [] [] [] [] 
 []

[4

]
Overfull \hbox (243.97282pt too wide) has occurred while \output is active
  [] [] [] [] [] [] [] 
 []

[5

]
\openout4 = `Clase_Series.vrb'.

 (Clase_Series.vrb)
Overfull \hbox (243.97282pt too wide) has occurred while \output is active
  [] [] [] [] [] [] [] 
 []

[6

] (Clase_Series.vrb)
Overfull \hbox (243.97282pt too wide) has occurred while \output is active
  [] [] [] [] [] [] [] 
 []

[7

]
Overfull \hbox (243.97282pt too wide) has occurred while \output is active
  [] [] [] [] [] [] [] 
 []

[8

]
<Imagen1.JPG, id=363, 528.47438pt x 382.42876pt>
File: Imagen1.JPG Graphic file (type jpg)
<use Imagen1.JPG>
Package pdftex.def Info: Imagen1.JPG  used on input line 203.
(pdftex.def)             Requested size: 286.80193pt x 207.5413pt.

Overfull \vbox (2.64217pt too high) detected at line 203
 []


Overfull \hbox (243.97282pt too wide) has occurred while \output is active
  [] [] [] [] [] [] [] 
 []

[9

 <./Imagen1.JPG>]
Overfull \hbox (243.97282pt too wide) has occurred while \output is active
  [] [] [] [] [] [] [] 
 []

[10

]
Overfull \hbox (243.97282pt too wide) has occurred while \output is active
  [] [] [] [] [] [] [] 
 []

[11

] (Clase_Series.toc
LaTeX Info: Redefining \. on input line 1.
LaTeX Info: Redefining \% on input line 1.
)
Overfull \hbox (243.97282pt too wide) has occurred while \output is active
  [] [] [] [] [] [] [] 
 []

[12

]
Overfull \hbox (243.97282pt too wide) has occurred while \output is active
  [] [] [] [] [] [] [] 
 []

[13

]
\openout4 = `Clase_Series.vrb'.

 (Clase_Series.vrb
(C:\Users\JuniorJ\AppData\Local\Programs\MiKTeX\tex/latex/listings\lstlang1.sty
File: lstlang1.sty 2020/03/24 1.8d listings language file
)
(C:\Users\JuniorJ\AppData\Local\Programs\MiKTeX\tex/latex/listings\lstlang2.sty
File: lstlang2.sty 2020/03/24 1.8d listings language file
)
(C:\Users\JuniorJ\AppData\Local\Programs\MiKTeX\tex/latex/listings\lstlang3.sty
File: lstlang3.sty 2020/03/24 1.8d listings language file
)
LaTeX Font Info:    Trying to load font information for T1+lmtt on input line 5
.
 (C:\Users\JuniorJ\AppData\Local\Programs\MiKTeX\tex/latex/lm\t1lmtt.fd
File: t1lmtt.fd 2009/10/30 v1.6 Font defs for Latin Modern
)
<Imagen2.JPG, id=534, 539.01375pt x 279.29344pt>
File: Imagen2.JPG Graphic file (type jpg)
<use Imagen2.JPG>
Package pdftex.def Info: Imagen2.JPG  used on input line 13.
(pdftex.def)             Requested size: 286.80193pt x 148.60866pt.
)
Overfull \hbox (243.97282pt too wide) has occurred while \output is active
  [] [] [] [] [] [] [] 
 []

[14

 <./Imagen2.JPG>] (Clase_Series.vrb
File: Imagen2.JPG Graphic file (type jpg)
<use Imagen2.JPG>
Package pdftex.def Info: Imagen2.JPG  used on input line 13.
(pdftex.def)             Requested size: 286.80193pt x 148.60866pt.
)
Overfull \hbox (243.97282pt too wide) has occurred while \output is active
  [] [] [] [] [] [] [] 
 []

[15

]
\openout4 = `Clase_Series.vrb'.

 (Clase_Series.vrb
<Imagen3.JPG, id=596, 532.99126pt x 248.42813pt>
File: Imagen3.JPG Graphic file (type jpg)
<use Imagen3.JPG>
Package pdftex.def Info: Imagen3.JPG  used on input line 13.
(pdftex.def)             Requested size: 286.80193pt x 133.68292pt.
)
Overfull \hbox (243.97282pt too wide) has occurred while \output is active
  [] [] [] [] [] [] [] 
 []

[16

 <./Imagen3.JPG>] (Clase_Series.vrb
File: Imagen3.JPG Graphic file (type jpg)
<use Imagen3.JPG>
Package pdftex.def Info: Imagen3.JPG  used on input line 13.
(pdftex.def)             Requested size: 286.80193pt x 133.68292pt.
)
Overfull \hbox (243.97282pt too wide) has occurred while \output is active
  [] [] [] [] [] [] [] 
 []

[17

]
\openout4 = `Clase_Series.vrb'.

 (Clase_Series.vrb
<Imagen4.JPG, id=657, 539.01375pt x 275.52937pt>
File: Imagen4.JPG Graphic file (type jpg)
<use Imagen4.JPG>
Package pdftex.def Info: Imagen4.JPG  used on input line 13.
(pdftex.def)             Requested size: 286.80193pt x 146.60583pt.
)
Overfull \hbox (243.97282pt too wide) has occurred while \output is active
  [] [] [] [] [] [] [] 
 []

[18

 <./Imagen4.JPG>] (Clase_Series.vrb
File: Imagen4.JPG Graphic file (type jpg)
<use Imagen4.JPG>
Package pdftex.def Info: Imagen4.JPG  used on input line 13.
(pdftex.def)             Requested size: 286.80193pt x 146.60583pt.
)
Overfull \hbox (243.97282pt too wide) has occurred while \output is active
  [] [] [] [] [] [] [] 
 []

[19

]
\openout4 = `Clase_Series.vrb'.

 (Clase_Series.vrb
<Imagen5.JPG, id=719, 532.99126pt x 240.9pt>
File: Imagen5.JPG Graphic file (type jpg)
<use Imagen5.JPG>
Package pdftex.def Info: Imagen5.JPG  used on input line 13.
(pdftex.def)             Requested size: 286.80193pt x 129.63193pt.
)
Overfull \hbox (243.97282pt too wide) has occurred while \output is active
  [] [] [] [] [] [] [] 
 []

[20

 <./Imagen5.JPG>] (Clase_Series.vrb
File: Imagen5.JPG Graphic file (type jpg)
<use Imagen5.JPG>
Package pdftex.def Info: Imagen5.JPG  used on input line 13.
(pdftex.def)             Requested size: 286.80193pt x 129.63193pt.
)
Overfull \hbox (243.97282pt too wide) has occurred while \output is active
  [] [] [] [] [] [] [] 
 []

[21

]
\openout4 = `Clase_Series.vrb'.

 (Clase_Series.vrb)
Overfull \hbox (243.97282pt too wide) has occurred while \output is active
  [] [] [] [] [] [] [] 
 []

[22

] (Clase_Series.vrb)
Overfull \hbox (243.97282pt too wide) has occurred while \output is active
  [] [] [] [] [] [] [] 
 []

[23

] (Clase_Series.toc
LaTeX Info: Redefining \. on input line 1.
LaTeX Info: Redefining \% on input line 1.
)
Overfull \hbox (243.97282pt too wide) has occurred while \output is active
  [] [] [] [] [] [] [] 
 []

[24

]
\openout4 = `Clase_Series.vrb'.

 (Clase_Series.vrb)
Overfull \hbox (243.97282pt too wide) has occurred while \output is active
  [] [] [] [] [] [] [] 
 []

[25

] (Clase_Series.toc
LaTeX Info: Redefining \. on input line 1.
LaTeX Info: Redefining \% on input line 1.
)
Overfull \hbox (243.97282pt too wide) has occurred while \output is active
  [] [] [] [] [] [] [] 
 []

[26

]
\openout4 = `Clase_Series.vrb'.

 (Clase_Series.vrb
Underfull \hbox (badness 1038) in paragraph at lines 4--5
[]\T1/lmss/m/n/10 Una di-fe-ren-cia es-ta-cio-nal es la di-fe-ren-cia en-tre un
a ob-ser-va-cin y la
 []

)
Overfull \hbox (243.97282pt too wide) has occurred while \output is active
  [] [] [] [] [] [] [] 
 []

[27

]
\openout4 = `Clase_Series.vrb'.

 (Clase_Series.vrb
Underfull \hbox (badness 1552) in paragraph at lines 4--5
[]\T1/lmss/m/n/10 Analicemos la se-rie a10 (Ven-ta de me-di-ca-men-tos an-ti-di
a-b-ti-cos). Es
 []

<Imagen6.JPG, id=971, 496.10344pt x 298.86656pt>
File: Imagen6.JPG Graphic file (type jpg)
<use Imagen6.JPG>
Package pdftex.def Info: Imagen6.JPG  used on input line 18.
(pdftex.def)             Requested size: 223.0687pt x 134.3838pt.
)
Overfull \hbox (243.97282pt too wide) has occurred while \output is active
  [] [] [] [] [] [] [] 
 []

[28

 <./Imagen6.JPG>] (Clase_Series.vrb
Underfull \hbox (badness 1552) in paragraph at lines 4--5
[]\T1/lmss/m/n/10 Analicemos la se-rie a10 (Ven-ta de me-di-ca-men-tos an-ti-di
a-b-ti-cos). Es
 []

File: Imagen6.JPG Graphic file (type jpg)
<use Imagen6.JPG>
Package pdftex.def Info: Imagen6.JPG  used on input line 18.
(pdftex.def)             Requested size: 223.0687pt x 134.3838pt.
)
Overfull \hbox (243.97282pt too wide) has occurred while \output is active
  [] [] [] [] [] [] [] 
 []

[29

]
\openout4 = `Clase_Series.vrb'.

 (Clase_Series.vrb)
Overfull \hbox (243.97282pt too wide) has occurred while \output is active
  [] [] [] [] [] [] [] 
 []

[30

] (Clase_Series.vrb)
Overfull \hbox (243.97282pt too wide) has occurred while \output is active
  [] [] [] [] [] [] [] 
 []

[31

]
\openout4 = `Clase_Series.vrb'.

 (Clase_Series.vrb
<Imagen7.JPG, id=1093, 381.67593pt x 362.10281pt>
File: Imagen7.JPG Graphic file (type jpg)
<use Imagen7.JPG>
Package pdftex.def Info: Imagen7.JPG  used on input line 7.
(pdftex.def)             Requested size: 191.20453pt x 181.39903pt.
)
Overfull \hbox (243.97282pt too wide) has occurred while \output is active
  [] [] [] [] [] [] [] 
 []

[32

 <./Imagen7.JPG>]
\openout4 = `Clase_Series.vrb'.

 (Clase_Series.vrb)
Overfull \hbox (243.97282pt too wide) has occurred while \output is active
  [] [] [] [] [] [] [] 
 []

[33

]
\openout4 = `Clase_Series.vrb'.

 (Clase_Series.vrb
<Imagen8.JPG, id=1154, 322.95656pt x 399.74344pt>
File: Imagen8.JPG Graphic file (type jpg)
<use Imagen8.JPG>
Package pdftex.def Info: Imagen8.JPG  used on input line 7.
(pdftex.def)             Requested size: 159.33548pt x 197.2179pt.
)
Overfull \hbox (243.97282pt too wide) has occurred while \output is active
  [] [] [] [] [] [] [] 
 []

[34

 <./Imagen8.JPG>]
\openout4 = `Clase_Series.vrb'.

 (Clase_Series.vrb)
Overfull \hbox (243.97282pt too wide) has occurred while \output is active
  [] [] [] [] [] [] [] 
 []

[35

]
\openout4 = `Clase_Series.vrb'.

 (Clase_Series.vrb)
Overfull \hbox (243.97282pt too wide) has occurred while \output is active
  [] [] [] [] [] [] [] 
 []

[36

]
\openout4 = `Clase_Series.vrb'.

 (Clase_Series.vrb
LaTeX Font Info:    Font shape `T1/lmss/bx/it' in size <9> not available
(Font)              Font shape `T1/lmss/bx/sl' tried instead on input line 9.
)
Overfull \hbox (243.97282pt too wide) has occurred while \output is active
  [] [] [] [] [] [] [] 
 []

[37

] (Clase_Series.vrb)
Overfull \hbox (243.97282pt too wide) has occurred while \output is active
  [] [] [] [] [] [] [] 
 []

[38

] (Clase_Series.toc
LaTeX Info: Redefining \. on input line 1.
LaTeX Info: Redefining \% on input line 1.
)
Overfull \hbox (243.97282pt too wide) has occurred while \output is active
  [] [] [] [] [] [] [] 
 []

[39

]
\openout4 = `Clase_Series.vrb'.

 (Clase_Series.vrb)
Overfull \hbox (243.97282pt too wide) has occurred while \output is active
  [] [] [] [] [] [] [] 
 []

[40

]
\openout4 = `Clase_Series.vrb'.

 (Clase_Series.vrb
LaTeX Font Info:    External font `lmex10' loaded for size
(Font)              <9> on input line 33.
LaTeX Font Info:    External font `lmex10' loaded for size
(Font)              <6> on input line 33.
LaTeX Font Info:    Font shape `T1/lmss/m/it' in size <9> not available
(Font)              Font shape `T1/lmss/m/sl' tried instead on input line 33.
LaTeX Font Info:    Font shape `T1/lmss/m/it' in size <6> not available
(Font)              Font shape `T1/lmss/m/sl' tried instead on input line 33.
)
Overfull \hbox (243.97282pt too wide) has occurred while \output is active
  [] [] [] [] [] [] [] 
 []

[41

] (Clase_Series.vrb)
Overfull \hbox (243.97282pt too wide) has occurred while \output is active
  [] [] [] [] [] [] [] 
 []

[42

] (Clase_Series.vrb)
Overfull \hbox (243.97282pt too wide) has occurred while \output is active
  [] [] [] [] [] [] [] 
 []

[43

]
\openout4 = `Clase_Series.vrb'.

 (Clase_Series.vrb)
Overfull \hbox (243.97282pt too wide) has occurred while \output is active
  [] [] [] [] [] [] [] 
 []

[44

] (Clase_Series.vrb)
Overfull \hbox (243.97282pt too wide) has occurred while \output is active
  [] [] [] [] [] [] [] 
 []

[45

] (Clase_Series.vrb)
Overfull \hbox (243.97282pt too wide) has occurred while \output is active
  [] [] [] [] [] [] [] 
 []

[46

]
\openout4 = `Clase_Series.vrb'.

 (Clase_Series.vrb)
Overfull \hbox (243.97282pt too wide) has occurred while \output is active
  [] [] [] [] [] [] [] 
 []

[47

] (Clase_Series.vrb)
Overfull \hbox (243.97282pt too wide) has occurred while \output is active
  [] [] [] [] [] [] [] 
 []

[48

] (Clase_Series.vrb)
Overfull \hbox (243.97282pt too wide) has occurred while \output is active
  [] [] [] [] [] [] [] 
 []

[49

]
\openout4 = `Clase_Series.vrb'.

 (Clase_Series.vrb)
Overfull \hbox (243.97282pt too wide) has occurred while \output is active
  [] [] [] [] [] [] [] 
 []

[50

] (Clase_Series.vrb)
Overfull \hbox (243.97282pt too wide) has occurred while \output is active
  [] [] [] [] [] [] [] 
 []

[51

] (Clase_Series.vrb)
Overfull \hbox (243.97282pt too wide) has occurred while \output is active
  [] [] [] [] [] [] [] 
 []

[52

]
\openout4 = `Clase_Series.vrb'.

 (Clase_Series.vrb)
Overfull \hbox (243.97282pt too wide) has occurred while \output is active
  [] [] [] [] [] [] [] 
 []

[53

]
\openout4 = `Clase_Series.vrb'.

 (Clase_Series.vrb)
Overfull \hbox (243.97282pt too wide) has occurred while \output is active
  [] [] [] [] [] [] [] 
 []

[54

] (Clase_Series.vrb)
Overfull \hbox (243.97282pt too wide) has occurred while \output is active
  [] [] [] [] [] [] [] 
 []

[55

] (Clase_Series.vrb)
Overfull \hbox (243.97282pt too wide) has occurred while \output is active
  [] [] [] [] [] [] [] 
 []

[56

] (Clase_Series.toc
LaTeX Info: Redefining \. on input line 1.
LaTeX Info: Redefining \% on input line 1.
)
Overfull \hbox (243.97282pt too wide) has occurred while \output is active
  [] [] [] [] [] [] [] 
 []

[57

]
\openout4 = `Clase_Series.vrb'.

 (Clase_Series.vrb)
Overfull \hbox (243.97282pt too wide) has occurred while \output is active
  [] [] [] [] [] [] [] 
 []

[58

]
\openout4 = `Clase_Series.vrb'.

 (Clase_Series.vrb
<Imagen9.JPG, id=2101, 511.15968pt x 237.88875pt>
File: Imagen9.JPG Graphic file (type jpg)
<use Imagen9.JPG>
Package pdftex.def Info: Imagen9.JPG  used on input line 11.
(pdftex.def)             Requested size: 191.20453pt x 88.983pt.
)
Overfull \hbox (243.97282pt too wide) has occurred while \output is active
  [] [] [] [] [] [] [] 
 []

[59

 <./Imagen9.JPG>]
\openout4 = `Clase_Series.vrb'.

 (Clase_Series.vrb)
Overfull \hbox (243.97282pt too wide) has occurred while \output is active
  [] [] [] [] [] [] [] 
 []

[60

]
\openout4 = `Clase_Series.vrb'.

 (Clase_Series.vrb)
Overfull \hbox (243.97282pt too wide) has occurred while \output is active
  [] [] [] [] [] [] [] 
 []

[61

] (Clase_Series.toc
LaTeX Info: Redefining \. on input line 1.
LaTeX Info: Redefining \% on input line 1.
)
Overfull \hbox (243.97282pt too wide) has occurred while \output is active
  [] [] [] [] [] [] [] 
 []

[62

]
\openout4 = `Clase_Series.vrb'.

 (Clase_Series.vrb)
Overfull \hbox (243.97282pt too wide) has occurred while \output is active
  [] [] [] [] [] [] [] 
 []

[63

]
\openout4 = `Clase_Series.vrb'.

 (Clase_Series.vrb
<Imagen10.JPG, id=2277, 520.19344pt x 237.88875pt>
File: Imagen10.JPG Graphic file (type jpg)
<use Imagen10.JPG>
Package pdftex.def Info: Imagen10.JPG  used on input line 12.
(pdftex.def)             Requested size: 159.33548pt x 72.86267pt.
)
Overfull \hbox (243.97282pt too wide) has occurred while \output is active
  [] [] [] [] [] [] [] 
 []

[64

 <./Imagen10.JPG>] (Clase_Series.vrb
File: Imagen10.JPG Graphic file (type jpg)
<use Imagen10.JPG>
Package pdftex.def Info: Imagen10.JPG  used on input line 12.
(pdftex.def)             Requested size: 159.33548pt x 72.86267pt.
)
Overfull \hbox (243.97282pt too wide) has occurred while \output is active
  [] [] [] [] [] [] [] 
 []

[65

]
\openout4 = `Clase_Series.vrb'.

 (Clase_Series.vrb)
LaTeX Font Info:    External font `lmex10' loaded for size
(Font)              <14.4> on input line 1195.
LaTeX Font Info:    Font shape `T1/lmss/m/it' in size <14.4> not available
(Font)              Font shape `T1/lmss/m/sl' tried instead on input line 1195.


Overfull \hbox (243.97282pt too wide) has occurred while \output is active
  [] [] [] [] [] [] [] 
 []

[66

]
\openout4 = `Clase_Series.vrb'.

 (Clase_Series.vrb)
Overfull \hbox (243.97282pt too wide) has occurred while \output is active
  [] [] [] [] [] [] [] 
 []

[67

]
\openout4 = `Clase_Series.vrb'.

 (Clase_Series.vrb)
Overfull \hbox (243.97282pt too wide) has occurred while \output is active
  [] [] [] [] [] [] [] 
 []

[68

]
\openout4 = `Clase_Series.vrb'.

 (Clase_Series.vrb)
Overfull \hbox (243.97282pt too wide) has occurred while \output is active
  [] [] [] [] [] [] [] 
 []

[69

] (Clase_Series.toc
LaTeX Info: Redefining \. on input line 1.
LaTeX Info: Redefining \% on input line 1.
)
Overfull \hbox (243.97282pt too wide) has occurred while \output is active
  [] [] [] [] [] [] [] 
 []

[70

]
\openout4 = `Clase_Series.vrb'.

 (Clase_Series.vrb)
Overfull \hbox (243.97282pt too wide) has occurred while \output is active
  [] [] [] [] [] [] [] 
 []

[71

]
\openout4 = `Clase_Series.vrb'.

 (Clase_Series.vrb)
Overfull \hbox (243.97282pt too wide) has occurred while \output is active
  [] [] [] [] [] [] [] 
 []

[72

]
\openout4 = `Clase_Series.vrb'.

 (Clase_Series.vrb
<Imagen11.JPG, id=2591, 493.845pt x 243.15843pt>
File: Imagen11.JPG Graphic file (type jpg)
<use Imagen11.JPG>
Package pdftex.def Info: Imagen11.JPG  used on input line 18.
(pdftex.def)             Requested size: 223.0687pt x 109.83212pt.
)
Overfull \hbox (243.97282pt too wide) has occurred while \output is active
  [] [] [] [] [] [] [] 
 []

[73

 <./Imagen11.JPG>] (Clase_Series.vrb
File: Imagen11.JPG Graphic file (type jpg)
<use Imagen11.JPG>
Package pdftex.def Info: Imagen11.JPG  used on input line 18.
(pdftex.def)             Requested size: 223.0687pt x 109.83212pt.
)
Overfull \hbox (243.97282pt too wide) has occurred while \output is active
  [] [] [] [] [] [] [] 
 []

[74

]
\openout4 = `Clase_Series.vrb'.

 (Clase_Series.vrb)
Overfull \hbox (243.97282pt too wide) has occurred while \output is active
  [] [] [] [] [] [] [] 
 []

[75

] (Clase_Series.vrb)
Overfull \hbox (243.97282pt too wide) has occurred while \output is active
  [] [] [] [] [] [] [] 
 []

[76

]
\openout4 = `Clase_Series.vrb'.

 (Clase_Series.vrb)
Overfull \hbox (243.97282pt too wide) has occurred while \output is active
  [] [] [] [] [] [] [] 
 []

[77

] (Clase_Series.vrb)
Overfull \hbox (243.97282pt too wide) has occurred while \output is active
  [] [] [] [] [] [] [] 
 []

[78

]
\openout4 = `Clase_Series.vrb'.

 (Clase_Series.vrb
<Imagen12.JPG, id=2794, 528.47438pt x 280.04625pt>
File: Imagen12.JPG Graphic file (type jpg)
<use Imagen12.JPG>
Package pdftex.def Info: Imagen12.JPG  used on input line 15.
(pdftex.def)             Requested size: 223.0687pt x 118.20403pt.
)
Overfull \hbox (243.97282pt too wide) has occurred while \output is active
  [] [] [] [] [] [] [] 
 []

[79

 <./Imagen12.JPG>] (Clase_Series.vrb
File: Imagen12.JPG Graphic file (type jpg)
<use Imagen12.JPG>
Package pdftex.def Info: Imagen12.JPG  used on input line 15.
(pdftex.def)             Requested size: 223.0687pt x 118.20403pt.
)
Overfull \hbox (243.97282pt too wide) has occurred while \output is active
  [] [] [] [] [] [] [] 
 []

[80

]
\openout4 = `Clase_Series.vrb'.

 (Clase_Series.vrb
<Imagen13.JPG, id=2855, 291.0072pt x 137.313pt>
File: Imagen13.JPG Graphic file (type jpg)
<use Imagen13.JPG>
Package pdftex.def Info: Imagen13.JPG  used on input line 9.
(pdftex.def)             Requested size: 191.20453pt x 90.22247pt.
)
Overfull \hbox (243.97282pt too wide) has occurred while \output is active
  [] [] [] [] [] [] [] 
 []

[81

 <./Imagen13.JPG>] (Clase_Series.toc
LaTeX Info: Redefining \. on input line 1.
LaTeX Info: Redefining \% on input line 1.
)
Overfull \hbox (243.97282pt too wide) has occurred while \output is active
  [] [] [] [] [] [] [] 
 []

[82

]
\openout4 = `Clase_Series.vrb'.

 (Clase_Series.vrb)
Overfull \hbox (243.97282pt too wide) has occurred while \output is active
  [] [] [] [] [] [] [] 
 []

[83

]
\openout4 = `Clase_Series.vrb'.

 (Clase_Series.vrb)
Overfull \hbox (243.97282pt too wide) has occurred while \output is active
  [] [] [] [] [] [] [] 
 []

[84

]
\openout4 = `Clase_Series.vrb'.

 (Clase_Series.vrb
<Imagen14.JPG, id=2977, 502.12593pt x 234.8775pt>
File: Imagen14.JPG Graphic file (type jpg)
<use Imagen14.JPG>
Package pdftex.def Info: Imagen14.JPG  used on input line 16.
(pdftex.def)             Requested size: 254.93774pt x 119.25192pt.
)
Overfull \hbox (243.97282pt too wide) has occurred while \output is active
  [] [] [] [] [] [] [] 
 []

[85

 <./Imagen14.JPG>] (Clase_Series.vrb
File: Imagen14.JPG Graphic file (type jpg)
<use Imagen14.JPG>
Package pdftex.def Info: Imagen14.JPG  used on input line 16.
(pdftex.def)             Requested size: 254.93774pt x 119.25192pt.
)
Overfull \hbox (243.97282pt too wide) has occurred while \output is active
  [] [] [] [] [] [] [] 
 []

[86

]
\openout4 = `Clase_Series.vrb'.

 (Clase_Series.vrb)
Overfull \hbox (243.97282pt too wide) has occurred while \output is active
  [] [] [] [] [] [] [] 
 []

[87

] (Clase_Series.vrb)
Overfull \hbox (243.97282pt too wide) has occurred while \output is active
  [] [] [] [] [] [] [] 
 []

[88

]
\openout4 = `Clase_Series.vrb'.

 (Clase_Series.vrb
File: Imagen14.JPG Graphic file (type jpg)
<use Imagen14.JPG>
Package pdftex.def Info: Imagen14.JPG  used on input line 6.
(pdftex.def)             Requested size: 159.33548pt x 74.53156pt.
)
Overfull \hbox (243.97282pt too wide) has occurred while \output is active
  [] [] [] [] [] [] [] 
 []

[89

]
\openout4 = `Clase_Series.vrb'.

 (Clase_Series.vrb
Underfull \hbox (badness 1394) in paragraph at lines 28--29
\T1/lmss/m/n/9 au-to.arima(,con un va-lor AICc de 340.67 en com-pa-ra-cin con 
342.08. La
 []

)
Overfull \hbox (243.97282pt too wide) has occurred while \output is active
  [] [] [] [] [] [] [] 
 []

[90

] (Clase_Series.vrb
Underfull \hbox (badness 1394) in paragraph at lines 28--29
\T1/lmss/m/n/9 au-to.arima(,con un va-lor AICc de 340.67 en com-pa-ra-cin con 
342.08. La
 []

)
Overfull \hbox (243.97282pt too wide) has occurred while \output is active
  [] [] [] [] [] [] [] 
 []

[91

] (Clase_Series.vrb
Underfull \hbox (badness 1394) in paragraph at lines 28--29
\T1/lmss/m/n/9 au-to.arima(,con un va-lor AICc de 340.67 en com-pa-ra-cin con 
342.08. La
 []

)
Overfull \hbox (243.97282pt too wide) has occurred while \output is active
  [] [] [] [] [] [] [] 
 []

[92

]
\openout4 = `Clase_Series.vrb'.

 (Clase_Series.vrb
<Imagen15.JPG, id=3220, 489.32813pt x 297.36093pt>
File: Imagen15.JPG Graphic file (type jpg)
<use Imagen15.JPG>
Package pdftex.def Info: Imagen15.JPG  used on input line 14.
(pdftex.def)             Requested size: 254.93774pt x 154.92802pt.
)
Overfull \hbox (243.97282pt too wide) has occurred while \output is active
  [] [] [] [] [] [] [] 
 []

[93

 <./Imagen15.JPG>] (Clase_Series.vrb
File: Imagen15.JPG Graphic file (type jpg)
<use Imagen15.JPG>
Package pdftex.def Info: Imagen15.JPG  used on input line 14.
(pdftex.def)             Requested size: 254.93774pt x 154.92802pt.
)
Overfull \hbox (243.97282pt too wide) has occurred while \output is active
  [] [] [] [] [] [] [] 
 []

[94

]
\openout4 = `Clase_Series.vrb'.

 (Clase_Series.vrb)
Overfull \hbox (243.97282pt too wide) has occurred while \output is active
  [] [] [] [] [] [] [] 
 []

[95

]
\openout4 = `Clase_Series.vrb'.

 (Clase_Series.vrb)
Overfull \hbox (243.97282pt too wide) has occurred while \output is active
  [] [] [] [] [] [] [] 
 []

[96

]
\openout4 = `Clase_Series.vrb'.

 (Clase_Series.vrb
<Imagen16.JPG, id=3341, 539.01375pt x 249.93375pt>
File: Imagen16.JPG Graphic file (type jpg)
<use Imagen16.JPG>
Package pdftex.def Info: Imagen16.JPG  used on input line 19.
(pdftex.def)             Requested size: 254.93774pt x 118.21254pt.
)
Overfull \hbox (243.97282pt too wide) has occurred while \output is active
  [] [] [] [] [] [] [] 
 []

[97

 <./Imagen16.JPG>] (Clase_Series.vrb
File: Imagen16.JPG Graphic file (type jpg)
<use Imagen16.JPG>
Package pdftex.def Info: Imagen16.JPG  used on input line 19.
(pdftex.def)             Requested size: 254.93774pt x 118.21254pt.
)
Overfull \hbox (243.97282pt too wide) has occurred while \output is active
  [] [] [] [] [] [] [] 
 []

[98

]
\openout4 = `Clase_Series.vrb'.

 (Clase_Series.vrb)
Overfull \hbox (243.97282pt too wide) has occurred while \output is active
  [] [] [] [] [] [] [] 
 []

[99

]
\openout4 = `Clase_Series.vrb'.

 (Clase_Series.vrb
<Imagen17.JPG, id=3433, 505.89pt x 297.36093pt>
File: Imagen17.JPG Graphic file (type jpg)
<use Imagen17.JPG>
Package pdftex.def Info: Imagen17.JPG  used on input line 13.
(pdftex.def)             Requested size: 254.93774pt x 149.85527pt.
)
Overfull \hbox (243.97282pt too wide) has occurred while \output is active
  [] [] [] [] [] [] [] 
 []

[100

 <./Imagen17.JPG>] (Clase_Series.vrb
File: Imagen17.JPG Graphic file (type jpg)
<use Imagen17.JPG>
Package pdftex.def Info: Imagen17.JPG  used on input line 13.
(pdftex.def)             Requested size: 254.93774pt x 149.85527pt.
)
Overfull \hbox (243.97282pt too wide) has occurred while \output is active
  [] [] [] [] [] [] [] 
 []

[101

]
\openout4 = `Clase_Series.vrb'.

 (Clase_Series.vrb)
Overfull \hbox (243.97282pt too wide) has occurred while \output is active
  [] [] [] [] [] [] [] 
 []

[102

]
\openout4 = `Clase_Series.vrb'.

 (Clase_Series.vrb)
Overfull \hbox (243.97282pt too wide) has occurred while \output is active
  [] [] [] [] [] [] [] 
 []

[103

] (Clase_Series.vrb)
Overfull \hbox (243.97282pt too wide) has occurred while \output is active
  [] [] [] [] [] [] [] 
 []

[104

]
\openout4 = `Clase_Series.vrb'.

 (Clase_Series.vrb
<Imagen18.JPG, id=3585, 777.6252pt x 305.4612pt>
File: Imagen18.JPG Graphic file (type jpg)
<use Imagen18.JPG>
Package pdftex.def Info: Imagen18.JPG  used on input line 16.
(pdftex.def)             Requested size: 254.93774pt x 100.14064pt.
)
Overfull \hbox (243.97282pt too wide) has occurred while \output is active
  [] [] [] [] [] [] [] 
 []

[105

 <./Imagen18.JPG>] (Clase_Series.vrb
File: Imagen18.JPG Graphic file (type jpg)
<use Imagen18.JPG>
Package pdftex.def Info: Imagen18.JPG  used on input line 16.
(pdftex.def)             Requested size: 254.93774pt x 100.14064pt.
)
Overfull \hbox (243.97282pt too wide) has occurred while \output is active
  [] [] [] [] [] [] [] 
 []

[106

]
\openout4 = `Clase_Series.vrb'.

 (Clase_Series.vrb
<Imagen19.JPG, id=3646, 511.15968pt x 325.96782pt>
File: Imagen19.JPG Graphic file (type jpg)
<use Imagen19.JPG>
Package pdftex.def Info: Imagen19.JPG  used on input line 14.
(pdftex.def)             Requested size: 223.0687pt x 142.24747pt.
)
Overfull \hbox (243.97282pt too wide) has occurred while \output is active
  [] [] [] [] [] [] [] 
 []

[107

 <./Imagen19.JPG>] (Clase_Series.vrb
File: Imagen19.JPG Graphic file (type jpg)
<use Imagen19.JPG>
Package pdftex.def Info: Imagen19.JPG  used on input line 14.
(pdftex.def)             Requested size: 223.0687pt x 142.24747pt.
)
Overfull \hbox (243.97282pt too wide) has occurred while \output is active
  [] [] [] [] [] [] [] 
 []

[108

]
\openout4 = `Clase_Series.vrb'.

 (Clase_Series.vrb
<Imagen20.JPG, id=3707, 517.18219pt x 277.035pt>
File: Imagen20.JPG Graphic file (type jpg)
<use Imagen20.JPG>
Package pdftex.def Info: Imagen20.JPG  used on input line 14.
(pdftex.def)             Requested size: 223.0687pt x 119.4905pt.
)
Overfull \hbox (243.97282pt too wide) has occurred while \output is active
  [] [] [] [] [] [] [] 
 []

[109

 <./Imagen20.JPG>] (Clase_Series.vrb
File: Imagen20.JPG Graphic file (type jpg)
<use Imagen20.JPG>
Package pdftex.def Info: Imagen20.JPG  used on input line 14.
(pdftex.def)             Requested size: 223.0687pt x 119.4905pt.
)
Overfull \hbox (243.97282pt too wide) has occurred while \output is active
  [] [] [] [] [] [] [] 
 []

[110

]
Overfull \hbox (243.97282pt too wide) has occurred while \output is active
  [] [] [] [] [] [] [] 
 []

[111

]
\tf@nav=\write7
\openout7 = `Clase_Series.nav'.

\tf@toc=\write8
\openout8 = `Clase_Series.toc'.

\tf@snm=\write9
\openout9 = `Clase_Series.snm'.

 (Clase_Series.aux
LaTeX Info: Redefining \. on input line 25.
LaTeX Info: Redefining \% on input line 25.
)

Package rerunfilecheck Warning: File `Clase_Series.out' has changed.
(rerunfilecheck)                Rerun to get outlines right
(rerunfilecheck)                or use package `bookmark'.

Package rerunfilecheck Info: Checksums for `Clase_Series.out':
(rerunfilecheck)             Before: 063C2AC2AEC7E8A73C716813269EC3B2;671
(rerunfilecheck)             After:  2091953E60E1934E63BA715D18FA275F;1627.
 ) 
Here is how much of TeX's memory you used:
 35707 strings out of 478582
 706485 string characters out of 2843401
 1238637 words of memory out of 3000000
 52658 multiletter control sequences out of 15000+600000
 547507 words of font info for 98 fonts, out of 8000000 for 9000
 1141 hyphenation exceptions out of 8191
 128i,20n,122p,3245b,1875s stack positions out of 10000i,1000n,20000p,200000b,80000s
{C:/Users/JuniorJ/AppData/Local/Programs/MiKTeX/fonts/enc/dvips/lm/lm-ec.enc}
{C:/Users/JuniorJ/AppData/Local/Programs/MiKTeX/fonts/enc/dvips/lm/lm-mathsy.en
c}{C:/Users/JuniorJ/AppData/Local/Programs/MiKTeX/fonts/enc/dvips/lm/lm-mathex.
enc}{C:/Users/JuniorJ/AppData/Local/Programs/MiKTeX/fonts/enc/dvips/lm/lm-mathi
t.enc}{C:/Users/JuniorJ/AppData/Local/Programs/MiKTeX/fonts/enc/dvips/lm/lm-rm.
enc}<C:/Users/JuniorJ/AppData/Local/Programs/MiKTeX/fonts/type1/public/lm/lmex1
0.pfb><C:/Users/JuniorJ/AppData/Local/Programs/MiKTeX/fonts/type1/public/lm/lmm
i10.pfb><C:/Users/JuniorJ/AppData/Local/Programs/MiKTeX/fonts/type1/public/lm/l
mmi9.pfb><C:/Users/JuniorJ/AppData/Local/Programs/MiKTeX/fonts/type1/public/lm/
lmss10.pfb><C:/Users/JuniorJ/AppData/Local/Programs/MiKTeX/fonts/type1/public/l
m/lmss12.pfb><C:/Users/JuniorJ/AppData/Local/Programs/MiKTeX/fonts/type1/public
/lm/lmss17.pfb><C:/Users/JuniorJ/AppData/Local/Programs/MiKTeX/fonts/type1/publ
ic/lm/lmss8.pfb><C:/Users/JuniorJ/AppData/Local/Programs/MiKTeX/fonts/type1/pub
lic/lm/lmss9.pfb><C:/Users/JuniorJ/AppData/Local/Programs/MiKTeX/fonts/type1/pu
blic/lm/lmssbo10.pfb><C:/Users/JuniorJ/AppData/Local/Programs/MiKTeX/fonts/type
1/public/lm/lmssbx10.pfb><C:/Users/JuniorJ/AppData/Local/Programs/MiKTeX/fonts/
type1/public/lm/lmsso10.pfb><C:/Users/JuniorJ/AppData/Local/Programs/MiKTeX/fon
ts/type1/public/lm/lmsso8.pfb><C:/Users/JuniorJ/AppData/Local/Programs/MiKTeX/f
onts/type1/public/lm/lmsso9.pfb><C:/Users/JuniorJ/AppData/Local/Programs/MiKTeX
/fonts/type1/public/lm/lmsy10.pfb><C:/Users/JuniorJ/AppData/Local/Programs/MiKT
eX/fonts/type1/public/lm/lmsy6.pfb><C:/Users/JuniorJ/AppData/Local/Programs/MiK
TeX/fonts/type1/public/lm/lmsy7.pfb><C:/Users/JuniorJ/AppData/Local/Programs/Mi
KTeX/fonts/type1/public/lm/lmsy9.pfb><C:/Users/JuniorJ/AppData/Local/Programs/M
iKTeX/fonts/type1/public/lm/lmtt8.pfb>
Output written on Clase_Series.pdf (111 pages, 2205542 bytes).
PDF statistics:
 3938 PDF objects out of 4296 (max. 8388607)
 233 named destinations out of 1000 (max. 500000)
 1158 words of extra memory for PDF output out of 10000 (max. 10000000)

