This is pdfTeX, Version 3.14159265-2.6-1.40.21 (MiKTeX 2.9.7300 64-bit) (preloaded format=pdflatex 2020.3.5)  23 NOV 2021 22:47
entering extended mode
**./Clase_Series.tex
(Clase_Series.tex
LaTeX2e <2020-02-02> patch level 5
L3 programming layer <2020-03-03>
("C:\Users\Junior J\AppData\Local\Programs\MiKTeX 2.9\tex/latex/beamer\beamer.c
ls"
Document Class: beamer 2019/09/29 v3.57 A class for typesetting presentations

("C:\Users\Junior J\AppData\Local\Programs\MiKTeX 2.9\tex/latex/beamer\beamerba
semodes.sty"
("C:\Users\Junior J\AppData\Local\Programs\MiKTeX 2.9\tex/latex/etoolbox\etoolb
ox.sty"
Package: etoolbox 2019/09/21 v2.5h e-TeX tools for LaTeX (JAW)
\etb@tempcnta=\count167
)
\beamer@tempbox=\box45
\beamer@tempcount=\count168
\c@beamerpauses=\count169

("C:\Users\Junior J\AppData\Local\Programs\MiKTeX 2.9\tex/latex/beamer\beamerba
sedecode.sty"
\beamer@slideinframe=\count170
\beamer@minimum=\count171
\beamer@decode@box=\box46
)
\beamer@commentbox=\box47
\beamer@modecount=\count172
)
("C:\Users\Junior J\AppData\Local\Programs\MiKTeX 2.9\tex/generic/iftex\ifpdf.s
ty"
Package: ifpdf 2019/10/25 v3.4 ifpdf legacy package. Use iftex instead.

("C:\Users\Junior J\AppData\Local\Programs\MiKTeX 2.9\tex/generic/iftex\iftex.s
ty"
Package: iftex 2019/11/07 v1.0c TeX engine tests
))
\headdp=\dimen134
\footheight=\dimen135
\sidebarheight=\dimen136
\beamer@tempdim=\dimen137
\beamer@finalheight=\dimen138
\beamer@animht=\dimen139
\beamer@animdp=\dimen140
\beamer@animwd=\dimen141
\beamer@leftmargin=\dimen142
\beamer@rightmargin=\dimen143
\beamer@leftsidebar=\dimen144
\beamer@rightsidebar=\dimen145
\beamer@boxsize=\dimen146
\beamer@vboxoffset=\dimen147
\beamer@descdefault=\dimen148
\beamer@descriptionwidth=\dimen149
\beamer@lastskip=\skip47
\beamer@areabox=\box48
\beamer@animcurrent=\box49
\beamer@animshowbox=\box50
\beamer@sectionbox=\box51
\beamer@logobox=\box52
\beamer@linebox=\box53
\beamer@sectioncount=\count173
\beamer@subsubsectionmax=\count174
\beamer@subsectionmax=\count175
\beamer@sectionmax=\count176
\beamer@totalheads=\count177
\beamer@headcounter=\count178
\beamer@partstartpage=\count179
\beamer@sectionstartpage=\count180
\beamer@subsectionstartpage=\count181
\beamer@animationtempa=\count182
\beamer@animationtempb=\count183
\beamer@xpos=\count184
\beamer@ypos=\count185
\beamer@ypos@offset=\count186
\beamer@showpartnumber=\count187
\beamer@currentsubsection=\count188
\beamer@coveringdepth=\count189
\beamer@sectionadjust=\count190
\beamer@tocsectionnumber=\count191

("C:\Users\Junior J\AppData\Local\Programs\MiKTeX 2.9\tex/latex/beamer\beamerba
seoptions.sty"
("C:\Users\Junior J\AppData\Local\Programs\MiKTeX 2.9\tex/latex/graphics\keyval
.sty"
Package: keyval 2014/10/28 v1.15 key=value parser (DPC)
\KV@toks@=\toks15
))
\beamer@paperwidth=\skip48
\beamer@paperheight=\skip49

("C:\Users\Junior J\AppData\Local\Programs\MiKTeX 2.9\tex/latex/geometry\geomet
ry.sty"
Package: geometry 2020/01/02 v5.9 Page Geometry

("C:\Users\Junior J\AppData\Local\Programs\MiKTeX 2.9\tex/generic/iftex\ifvtex.
sty"
Package: ifvtex 2019/10/25 v1.7 ifvtex legacy package. Use iftex instead.
)
\Gm@cnth=\count192
\Gm@cntv=\count193
\c@Gm@tempcnt=\count194
\Gm@bindingoffset=\dimen150
\Gm@wd@mp=\dimen151
\Gm@odd@mp=\dimen152
\Gm@even@mp=\dimen153
\Gm@layoutwidth=\dimen154
\Gm@layoutheight=\dimen155
\Gm@layouthoffset=\dimen156
\Gm@layoutvoffset=\dimen157
\Gm@dimlist=\toks16

("C:\Users\Junior J\AppData\Local\Programs\MiKTeX 2.9\tex/latex/geometry\geomet
ry.cfg"))
("C:\Users\Junior J\AppData\Local\Programs\MiKTeX 2.9\tex/latex/base\size10.clo
"
File: size10.clo 2019/12/20 v1.4l Standard LaTeX file (size option)
)
("C:\Users\Junior J\AppData\Local\Programs\MiKTeX 2.9\tex/latex/pgf/basiclayer\
pgfcore.sty"
("C:\Users\Junior J\AppData\Local\Programs\MiKTeX 2.9\tex/latex/graphics\graphi
cx.sty"
Package: graphicx 2019/11/30 v1.2a Enhanced LaTeX Graphics (DPC,SPQR)

("C:\Users\Junior J\AppData\Local\Programs\MiKTeX 2.9\tex/latex/graphics\graphi
cs.sty"
Package: graphics 2019/11/30 v1.4a Standard LaTeX Graphics (DPC,SPQR)

("C:\Users\Junior J\AppData\Local\Programs\MiKTeX 2.9\tex/latex/graphics\trig.s
ty"
Package: trig 2016/01/03 v1.10 sin cos tan (DPC)
)
("C:\Users\Junior J\AppData\Local\Programs\MiKTeX 2.9\tex/latex/graphics-cfg\gr
aphics.cfg"
File: graphics.cfg 2016/06/04 v1.11 sample graphics configuration
)
Package graphics Info: Driver file: pdftex.def on input line 105.

("C:\Users\Junior J\AppData\Local\Programs\MiKTeX 2.9\tex/latex/graphics-def\pd
ftex.def"
File: pdftex.def 2018/01/08 v1.0l Graphics/color driver for pdftex
))
\Gin@req@height=\dimen158
\Gin@req@width=\dimen159
)
("C:\Users\Junior J\AppData\Local\Programs\MiKTeX 2.9\tex/latex/pgf/systemlayer
\pgfsys.sty"
("C:\Users\Junior J\AppData\Local\Programs\MiKTeX 2.9\tex/latex/pgf/utilities\p
gfrcs.sty"
("C:\Users\Junior J\AppData\Local\Programs\MiKTeX 2.9\tex/generic/pgf/utilities
\pgfutil-common.tex"
\pgfutil@everybye=\toks17
\pgfutil@tempdima=\dimen160
\pgfutil@tempdimb=\dimen161

("C:\Users\Junior J\AppData\Local\Programs\MiKTeX 2.9\tex/generic/pgf/utilities
\pgfutil-common-lists.tex"))
("C:\Users\Junior J\AppData\Local\Programs\MiKTeX 2.9\tex/generic/pgf/utilities
\pgfutil-latex.def"
\pgfutil@abb=\box54

("C:\Users\Junior J\AppData\Local\Programs\MiKTeX 2.9\tex/latex/ms\everyshi.sty
"
Package: everyshi 2001/05/15 v3.00 EveryShipout Package (MS)
))
("C:\Users\Junior J\AppData\Local\Programs\MiKTeX 2.9\tex/generic/pgf/utilities
\pgfrcs.code.tex"
("C:\Users\Junior J\AppData\Local\Programs\MiKTeX 2.9\tex/generic/pgf\pgf.revis
ion.tex")
Package: pgfrcs 2020/01/08 v3.1.5b (3.1.5b)
))
("C:\Users\Junior J\AppData\Local\Programs\MiKTeX 2.9\tex/generic/pgf/systemlay
er\pgfsys.code.tex"
Package: pgfsys 2020/01/08 v3.1.5b (3.1.5b)

("C:\Users\Junior J\AppData\Local\Programs\MiKTeX 2.9\tex/generic/pgf/utilities
\pgfkeys.code.tex"
\pgfkeys@pathtoks=\toks18
\pgfkeys@temptoks=\toks19

("C:\Users\Junior J\AppData\Local\Programs\MiKTeX 2.9\tex/generic/pgf/utilities
\pgfkeysfiltered.code.tex"
\pgfkeys@tmptoks=\toks20
))
\pgf@x=\dimen162
\pgf@y=\dimen163
\pgf@xa=\dimen164
\pgf@ya=\dimen165
\pgf@xb=\dimen166
\pgf@yb=\dimen167
\pgf@xc=\dimen168
\pgf@yc=\dimen169
\pgf@xd=\dimen170
\pgf@yd=\dimen171
\w@pgf@writea=\write3
\r@pgf@reada=\read2
\c@pgf@counta=\count195
\c@pgf@countb=\count196
\c@pgf@countc=\count197
\c@pgf@countd=\count198
\t@pgf@toka=\toks21
\t@pgf@tokb=\toks22
\t@pgf@tokc=\toks23
\pgf@sys@id@count=\count199

("C:\Users\Junior J\AppData\Local\Programs\MiKTeX 2.9\tex/generic/pgf/systemlay
er\pgf.cfg"
File: pgf.cfg 2020/01/08 v3.1.5b (3.1.5b)
)
Driver file for pgf: pgfsys-pdftex.def

("C:\Users\Junior J\AppData\Local\Programs\MiKTeX 2.9\tex/generic/pgf/systemlay
er\pgfsys-pdftex.def"
File: pgfsys-pdftex.def 2020/01/08 v3.1.5b (3.1.5b)

("C:\Users\Junior J\AppData\Local\Programs\MiKTeX 2.9\tex/generic/pgf/systemlay
er\pgfsys-common-pdf.def"
File: pgfsys-common-pdf.def 2020/01/08 v3.1.5b (3.1.5b)
)))
("C:\Users\Junior J\AppData\Local\Programs\MiKTeX 2.9\tex/generic/pgf/systemlay
er\pgfsyssoftpath.code.tex"
File: pgfsyssoftpath.code.tex 2020/01/08 v3.1.5b (3.1.5b)
\pgfsyssoftpath@smallbuffer@items=\count266
\pgfsyssoftpath@bigbuffer@items=\count267
)
("C:\Users\Junior J\AppData\Local\Programs\MiKTeX 2.9\tex/generic/pgf/systemlay
er\pgfsysprotocol.code.tex"
File: pgfsysprotocol.code.tex 2020/01/08 v3.1.5b (3.1.5b)
))
("C:\Users\Junior J\AppData\Local\Programs\MiKTeX 2.9\tex/latex/xcolor\xcolor.s
ty"
Package: xcolor 2016/05/11 v2.12 LaTeX color extensions (UK)

("C:\Users\Junior J\AppData\Local\Programs\MiKTeX 2.9\tex/latex/graphics-cfg\co
lor.cfg"
File: color.cfg 2016/01/02 v1.6 sample color configuration
)
Package xcolor Info: Driver file: pdftex.def on input line 225.
Package xcolor Info: Model `cmy' substituted by `cmy0' on input line 1348.
Package xcolor Info: Model `hsb' substituted by `rgb' on input line 1352.
Package xcolor Info: Model `RGB' extended on input line 1364.
Package xcolor Info: Model `HTML' substituted by `rgb' on input line 1366.
Package xcolor Info: Model `Hsb' substituted by `hsb' on input line 1367.
Package xcolor Info: Model `tHsb' substituted by `hsb' on input line 1368.
Package xcolor Info: Model `HSB' substituted by `hsb' on input line 1369.
Package xcolor Info: Model `Gray' substituted by `gray' on input line 1370.
Package xcolor Info: Model `wave' substituted by `hsb' on input line 1371.
)
("C:\Users\Junior J\AppData\Local\Programs\MiKTeX 2.9\tex/generic/pgf/basiclaye
r\pgfcore.code.tex"
Package: pgfcore 2020/01/08 v3.1.5b (3.1.5b)

("C:\Users\Junior J\AppData\Local\Programs\MiKTeX 2.9\tex/generic/pgf/math\pgfm
ath.code.tex"
("C:\Users\Junior J\AppData\Local\Programs\MiKTeX 2.9\tex/generic/pgf/math\pgfm
athcalc.code.tex"
("C:\Users\Junior J\AppData\Local\Programs\MiKTeX 2.9\tex/generic/pgf/math\pgfm
athutil.code.tex")
("C:\Users\Junior J\AppData\Local\Programs\MiKTeX 2.9\tex/generic/pgf/math\pgfm
athparser.code.tex"
\pgfmath@dimen=\dimen172
\pgfmath@count=\count268
\pgfmath@box=\box55
\pgfmath@toks=\toks24
\pgfmath@stack@operand=\toks25
\pgfmath@stack@operation=\toks26
)
("C:\Users\Junior J\AppData\Local\Programs\MiKTeX 2.9\tex/generic/pgf/math\pgfm
athfunctions.code.tex"
("C:\Users\Junior J\AppData\Local\Programs\MiKTeX 2.9\tex/generic/pgf/math\pgfm
athfunctions.basic.code.tex")
("C:\Users\Junior J\AppData\Local\Programs\MiKTeX 2.9\tex/generic/pgf/math\pgfm
athfunctions.trigonometric.code.tex")
("C:\Users\Junior J\AppData\Local\Programs\MiKTeX 2.9\tex/generic/pgf/math\pgfm
athfunctions.random.code.tex")
("C:\Users\Junior J\AppData\Local\Programs\MiKTeX 2.9\tex/generic/pgf/math\pgfm
athfunctions.comparison.code.tex")
("C:\Users\Junior J\AppData\Local\Programs\MiKTeX 2.9\tex/generic/pgf/math\pgfm
athfunctions.base.code.tex")
("C:\Users\Junior J\AppData\Local\Programs\MiKTeX 2.9\tex/generic/pgf/math\pgfm
athfunctions.round.code.tex")
("C:\Users\Junior J\AppData\Local\Programs\MiKTeX 2.9\tex/generic/pgf/math\pgfm
athfunctions.misc.code.tex")
("C:\Users\Junior J\AppData\Local\Programs\MiKTeX 2.9\tex/generic/pgf/math\pgfm
athfunctions.integerarithmetics.code.tex")))
("C:\Users\Junior J\AppData\Local\Programs\MiKTeX 2.9\tex/generic/pgf/math\pgfm
athfloat.code.tex"
\c@pgfmathroundto@lastzeros=\count269
))
("C:\Users\Junior J\AppData\Local\Programs\MiKTeX 2.9\tex/generic/pgf/math\pgfi
nt.code.tex")
("C:\Users\Junior J\AppData\Local\Programs\MiKTeX 2.9\tex/generic/pgf/basiclaye
r\pgfcorepoints.code.tex"
File: pgfcorepoints.code.tex 2020/01/08 v3.1.5b (3.1.5b)
\pgf@picminx=\dimen173
\pgf@picmaxx=\dimen174
\pgf@picminy=\dimen175
\pgf@picmaxy=\dimen176
\pgf@pathminx=\dimen177
\pgf@pathmaxx=\dimen178
\pgf@pathminy=\dimen179
\pgf@pathmaxy=\dimen180
\pgf@xx=\dimen181
\pgf@xy=\dimen182
\pgf@yx=\dimen183
\pgf@yy=\dimen184
\pgf@zx=\dimen185
\pgf@zy=\dimen186
)
("C:\Users\Junior J\AppData\Local\Programs\MiKTeX 2.9\tex/generic/pgf/basiclaye
r\pgfcorepathconstruct.code.tex"
File: pgfcorepathconstruct.code.tex 2020/01/08 v3.1.5b (3.1.5b)
\pgf@path@lastx=\dimen187
\pgf@path@lasty=\dimen188
)
("C:\Users\Junior J\AppData\Local\Programs\MiKTeX 2.9\tex/generic/pgf/basiclaye
r\pgfcorepathusage.code.tex"
File: pgfcorepathusage.code.tex 2020/01/08 v3.1.5b (3.1.5b)
\pgf@shorten@end@additional=\dimen189
\pgf@shorten@start@additional=\dimen190
)
("C:\Users\Junior J\AppData\Local\Programs\MiKTeX 2.9\tex/generic/pgf/basiclaye
r\pgfcorescopes.code.tex"
File: pgfcorescopes.code.tex 2020/01/08 v3.1.5b (3.1.5b)
\pgfpic=\box56
\pgf@hbox=\box57
\pgf@layerbox@main=\box58
\pgf@picture@serial@count=\count270
)
("C:\Users\Junior J\AppData\Local\Programs\MiKTeX 2.9\tex/generic/pgf/basiclaye
r\pgfcoregraphicstate.code.tex"
File: pgfcoregraphicstate.code.tex 2020/01/08 v3.1.5b (3.1.5b)
\pgflinewidth=\dimen191
)
("C:\Users\Junior J\AppData\Local\Programs\MiKTeX 2.9\tex/generic/pgf/basiclaye
r\pgfcoretransformations.code.tex"
File: pgfcoretransformations.code.tex 2020/01/08 v3.1.5b (3.1.5b)
\pgf@pt@x=\dimen192
\pgf@pt@y=\dimen193
\pgf@pt@temp=\dimen194
)
("C:\Users\Junior J\AppData\Local\Programs\MiKTeX 2.9\tex/generic/pgf/basiclaye
r\pgfcorequick.code.tex"
File: pgfcorequick.code.tex 2020/01/08 v3.1.5b (3.1.5b)
)
("C:\Users\Junior J\AppData\Local\Programs\MiKTeX 2.9\tex/generic/pgf/basiclaye
r\pgfcoreobjects.code.tex"
File: pgfcoreobjects.code.tex 2020/01/08 v3.1.5b (3.1.5b)
)
("C:\Users\Junior J\AppData\Local\Programs\MiKTeX 2.9\tex/generic/pgf/basiclaye
r\pgfcorepathprocessing.code.tex"
File: pgfcorepathprocessing.code.tex 2020/01/08 v3.1.5b (3.1.5b)
)
("C:\Users\Junior J\AppData\Local\Programs\MiKTeX 2.9\tex/generic/pgf/basiclaye
r\pgfcorearrows.code.tex"
File: pgfcorearrows.code.tex 2020/01/08 v3.1.5b (3.1.5b)
\pgfarrowsep=\dimen195
)
("C:\Users\Junior J\AppData\Local\Programs\MiKTeX 2.9\tex/generic/pgf/basiclaye
r\pgfcoreshade.code.tex"
File: pgfcoreshade.code.tex 2020/01/08 v3.1.5b (3.1.5b)
\pgf@max=\dimen196
\pgf@sys@shading@range@num=\count271
\pgf@shadingcount=\count272
)
("C:\Users\Junior J\AppData\Local\Programs\MiKTeX 2.9\tex/generic/pgf/basiclaye
r\pgfcoreimage.code.tex"
File: pgfcoreimage.code.tex 2020/01/08 v3.1.5b (3.1.5b)

("C:\Users\Junior J\AppData\Local\Programs\MiKTeX 2.9\tex/generic/pgf/basiclaye
r\pgfcoreexternal.code.tex"
File: pgfcoreexternal.code.tex 2020/01/08 v3.1.5b (3.1.5b)
\pgfexternal@startupbox=\box59
))
("C:\Users\Junior J\AppData\Local\Programs\MiKTeX 2.9\tex/generic/pgf/basiclaye
r\pgfcorelayers.code.tex"
File: pgfcorelayers.code.tex 2020/01/08 v3.1.5b (3.1.5b)
)
("C:\Users\Junior J\AppData\Local\Programs\MiKTeX 2.9\tex/generic/pgf/basiclaye
r\pgfcoretransparency.code.tex"
File: pgfcoretransparency.code.tex 2020/01/08 v3.1.5b (3.1.5b)
)
("C:\Users\Junior J\AppData\Local\Programs\MiKTeX 2.9\tex/generic/pgf/basiclaye
r\pgfcorepatterns.code.tex"
File: pgfcorepatterns.code.tex 2020/01/08 v3.1.5b (3.1.5b)
)
("C:\Users\Junior J\AppData\Local\Programs\MiKTeX 2.9\tex/generic/pgf/basiclaye
r\pgfcorerdf.code.tex"
File: pgfcorerdf.code.tex 2020/01/08 v3.1.5b (3.1.5b)
)))
("C:\Users\Junior J\AppData\Local\Programs\MiKTeX 2.9\tex/latex/pgf/utilities\x
xcolor.sty"
Package: xxcolor 2003/10/24 ver 0.1
\XC@nummixins=\count273
\XC@countmixins=\count274
)
("C:\Users\Junior J\AppData\Local\Programs\MiKTeX 2.9\tex/generic/atbegshi\atbe
gshi.sty"
Package: atbegshi 2019/12/05 v1.19 At begin shipout hook (HO)

("C:\Users\Junior J\AppData\Local\Programs\MiKTeX 2.9\tex/generic/infwarerr\inf
warerr.sty"
Package: infwarerr 2019/12/03 v1.5 Providing info/warning/error messages (HO)
)
("C:\Users\Junior J\AppData\Local\Programs\MiKTeX 2.9\tex/generic/ltxcmds\ltxcm
ds.sty"
Package: ltxcmds 2019/12/15 v1.24 LaTeX kernel commands for general use (HO)
))
("C:\Users\Junior J\AppData\Local\Programs\MiKTeX 2.9\tex/latex/hyperref\hyperr
ef.sty"
Package: hyperref 2020/01/14 v7.00d Hypertext links for LaTeX

("C:\Users\Junior J\AppData\Local\Programs\MiKTeX 2.9\tex/latex/pdftexcmds\pdft
excmds.sty"
Package: pdftexcmds 2019/11/24 v0.31 Utility functions of pdfTeX for LuaTeX (HO
)
Package pdftexcmds Info: \pdf@primitive is available.
Package pdftexcmds Info: \pdf@ifprimitive is available.
Package pdftexcmds Info: \pdfdraftmode found.
)
("C:\Users\Junior J\AppData\Local\Programs\MiKTeX 2.9\tex/generic/kvsetkeys\kvs
etkeys.sty"
Package: kvsetkeys 2019/12/15 v1.18 Key value parser (HO)
)
("C:\Users\Junior J\AppData\Local\Programs\MiKTeX 2.9\tex/generic/kvdefinekeys\
kvdefinekeys.sty"
Package: kvdefinekeys 2019-12-19 v1.6 Define keys (HO)
)
("C:\Users\Junior J\AppData\Local\Programs\MiKTeX 2.9\tex/generic/pdfescape\pdf
escape.sty"
Package: pdfescape 2019/12/09 v1.15 Implements pdfTeX's escape features (HO)
)
("C:\Users\Junior J\AppData\Local\Programs\MiKTeX 2.9\tex/latex/hycolor\hycolor
.sty"
Package: hycolor 2020-01-27 v1.10 Color options for hyperref/bookmark (HO)
)
("C:\Users\Junior J\AppData\Local\Programs\MiKTeX 2.9\tex/latex/letltxmacro\let
ltxmacro.sty"
Package: letltxmacro 2019/12/03 v1.6 Let assignment for LaTeX macros (HO)
)
("C:\Users\Junior J\AppData\Local\Programs\MiKTeX 2.9\tex/latex/auxhook\auxhook
.sty"
Package: auxhook 2019-12-17 v1.6 Hooks for auxiliary files (HO)
)
("C:\Users\Junior J\AppData\Local\Programs\MiKTeX 2.9\tex/latex/kvoptions\kvopt
ions.sty"
Package: kvoptions 2019/11/29 v3.13 Key value format for package options (HO)
)
\@linkdim=\dimen197
\Hy@linkcounter=\count275
\Hy@pagecounter=\count276

("C:\Users\Junior J\AppData\Local\Programs\MiKTeX 2.9\tex/latex/hyperref\pd1enc
.def"
File: pd1enc.def 2020/01/14 v7.00d Hyperref: PDFDocEncoding definition (HO)
Now handling font encoding PD1 ...
... no UTF-8 mapping file for font encoding PD1
)
("C:\Users\Junior J\AppData\Local\Programs\MiKTeX 2.9\tex/generic/intcalc\intca
lc.sty"
Package: intcalc 2019/12/15 v1.3 Expandable calculations with integers (HO)
)
("C:\Users\Junior J\AppData\Local\Programs\MiKTeX 2.9\tex/generic/etexcmds\etex
cmds.sty"
Package: etexcmds 2019/12/15 v1.7 Avoid name clashes with e-TeX commands (HO)
)
\Hy@SavedSpaceFactor=\count277
Package hyperref Info: Option `bookmarks' set `true' on input line 4421.
Package hyperref Info: Option `bookmarksopen' set `true' on input line 4421.
Package hyperref Info: Option `implicit' set `false' on input line 4421.
Package hyperref Info: Hyper figures OFF on input line 4547.
Package hyperref Info: Link nesting OFF on input line 4552.
Package hyperref Info: Hyper index ON on input line 4555.
Package hyperref Info: Plain pages OFF on input line 4562.
Package hyperref Info: Backreferencing OFF on input line 4567.
Package hyperref Info: Implicit mode OFF; no redefinition of LaTeX internals.
Package hyperref Info: Bookmarks ON on input line 4800.
\c@Hy@tempcnt=\count278

("C:\Users\Junior J\AppData\Local\Programs\MiKTeX 2.9\tex/latex/url\url.sty"
\Urlmuskip=\muskip16
Package: url 2013/09/16  ver 3.4  Verb mode for urls, etc.
)
LaTeX Info: Redefining \url on input line 5159.
\XeTeXLinkMargin=\dimen198

("C:\Users\Junior J\AppData\Local\Programs\MiKTeX 2.9\tex/generic/bitset\bitset
.sty"
Package: bitset 2019/12/09 v1.3 Handle bit-vector datatype (HO)

("C:\Users\Junior J\AppData\Local\Programs\MiKTeX 2.9\tex/generic/bigintcalc\bi
gintcalc.sty"
Package: bigintcalc 2019/12/15 v1.5 Expandable calculations on big integers (HO
)
))
\Fld@menulength=\count279
\Field@Width=\dimen199
\Fld@charsize=\dimen256
Package hyperref Info: Hyper figures OFF on input line 6430.
Package hyperref Info: Link nesting OFF on input line 6435.
Package hyperref Info: Hyper index ON on input line 6438.
Package hyperref Info: backreferencing OFF on input line 6445.
Package hyperref Info: Link coloring OFF on input line 6450.
Package hyperref Info: Link coloring with OCG OFF on input line 6455.
Package hyperref Info: PDF/A mode OFF on input line 6460.
LaTeX Info: Redefining \ref on input line 6500.
LaTeX Info: Redefining \pageref on input line 6504.
\Hy@abspage=\count280


Package hyperref Message: Stopped early.

)
Package hyperref Info: Driver (autodetected): hpdftex.

("C:\Users\Junior J\AppData\Local\Programs\MiKTeX 2.9\tex/latex/hyperref\hpdfte
x.def"
File: hpdftex.def 2020/01/14 v7.00d Hyperref driver for pdfTeX

("C:\Users\Junior J\AppData\Local\Programs\MiKTeX 2.9\tex/latex/atveryend\atver
yend.sty"
Package: atveryend 2019-12-11 v1.11 Hooks at the very end of document (HO)
)
\Fld@listcount=\count281
\c@bookmark@seq@number=\count282

("C:\Users\Junior J\AppData\Local\Programs\MiKTeX 2.9\tex/latex/rerunfilecheck\
rerunfilecheck.sty"
Package: rerunfilecheck 2019/12/05 v1.9 Rerun checks for auxiliary files (HO)

("C:\Users\Junior J\AppData\Local\Programs\MiKTeX 2.9\tex/generic/uniquecounter
\uniquecounter.sty"
Package: uniquecounter 2019/12/15 v1.4 Provide unlimited unique counter (HO)
)
Package uniquecounter Info: New unique counter `rerunfilecheck' on input line 2
86.
))
("C:\Users\Junior J\AppData\Local\Programs\MiKTeX 2.9\tex/latex/beamer\beamerba
serequires.sty"
("C:\Users\Junior J\AppData\Local\Programs\MiKTeX 2.9\tex/latex/beamer\beamerba
secompatibility.sty")
("C:\Users\Junior J\AppData\Local\Programs\MiKTeX 2.9\tex/latex/beamer\beamerba
sefont.sty"
("C:\Users\Junior J\AppData\Local\Programs\MiKTeX 2.9\tex/latex/amsfonts\amssym
b.sty"
Package: amssymb 2013/01/14 v3.01 AMS font symbols

("C:\Users\Junior J\AppData\Local\Programs\MiKTeX 2.9\tex/latex/amsfonts\amsfon
ts.sty"
Package: amsfonts 2013/01/14 v3.01 Basic AMSFonts support
\@emptytoks=\toks27
\symAMSa=\mathgroup4
\symAMSb=\mathgroup5
LaTeX Font Info:    Redeclaring math symbol \hbar on input line 98.
LaTeX Font Info:    Overwriting math alphabet `\mathfrak' in version `bold'
(Font)                  U/euf/m/n --> U/euf/b/n on input line 106.
))
("C:\Users\Junior J\AppData\Local\Programs\MiKTeX 2.9\tex/latex/sansmathaccent\
sansmathaccent.sty"
Package: sansmathaccent 2020/01/31

("C:\Users\Junior J\AppData\Local\Programs\MiKTeX 2.9\tex/latex/koma-script\scr
lfile.sty"
Package: scrlfile 2020/01/24 v3.29 KOMA-Script package (loading files)
)))
("C:\Users\Junior J\AppData\Local\Programs\MiKTeX 2.9\tex/latex/beamer\beamerba
setranslator.sty"
("C:\Users\Junior J\AppData\Local\Programs\MiKTeX 2.9\tex/latex/translator\tran
slator.sty"
Package: translator 2019-05-31 v1.12a Easy translation of strings in LaTeX
))
("C:\Users\Junior J\AppData\Local\Programs\MiKTeX 2.9\tex/latex/beamer\beamerba
semisc.sty")
("C:\Users\Junior J\AppData\Local\Programs\MiKTeX 2.9\tex/latex/beamer\beamerba
setwoscreens.sty")
("C:\Users\Junior J\AppData\Local\Programs\MiKTeX 2.9\tex/latex/beamer\beamerba
seoverlay.sty"
\beamer@argscount=\count283
\beamer@lastskipcover=\skip50
\beamer@trivlistdepth=\count284
)
("C:\Users\Junior J\AppData\Local\Programs\MiKTeX 2.9\tex/latex/beamer\beamerba
setitle.sty")
("C:\Users\Junior J\AppData\Local\Programs\MiKTeX 2.9\tex/latex/beamer\beamerba
sesection.sty"
\c@lecture=\count285
\c@part=\count286
\c@section=\count287
\c@subsection=\count288
\c@subsubsection=\count289
)
("C:\Users\Junior J\AppData\Local\Programs\MiKTeX 2.9\tex/latex/beamer\beamerba
seframe.sty"
\beamer@framebox=\box60
\beamer@frametitlebox=\box61
\beamer@zoombox=\box62
\beamer@zoomcount=\count290
\beamer@zoomframecount=\count291
\beamer@frametextheight=\dimen257
\c@subsectionslide=\count292
\beamer@frametopskip=\skip51
\beamer@framebottomskip=\skip52
\beamer@frametopskipautobreak=\skip53
\beamer@framebottomskipautobreak=\skip54
\beamer@envbody=\toks28
\framewidth=\dimen258
\c@framenumber=\count293
)
("C:\Users\Junior J\AppData\Local\Programs\MiKTeX 2.9\tex/latex/beamer\beamerba
severbatim.sty"
\beamer@verbatimfileout=\write4
)
("C:\Users\Junior J\AppData\Local\Programs\MiKTeX 2.9\tex/latex/beamer\beamerba
seframesize.sty"
\beamer@splitbox=\box63
\beamer@autobreakcount=\count294
\beamer@autobreaklastheight=\dimen259
\beamer@frametitletoks=\toks29
\beamer@framesubtitletoks=\toks30
)
("C:\Users\Junior J\AppData\Local\Programs\MiKTeX 2.9\tex/latex/beamer\beamerba
seframecomponents.sty"
\beamer@footins=\box64
)
("C:\Users\Junior J\AppData\Local\Programs\MiKTeX 2.9\tex/latex/beamer\beamerba
secolor.sty")
("C:\Users\Junior J\AppData\Local\Programs\MiKTeX 2.9\tex/latex/beamer\beamerba
senotes.sty"
\beamer@frameboxcopy=\box65
)
("C:\Users\Junior J\AppData\Local\Programs\MiKTeX 2.9\tex/latex/beamer\beamerba
setoc.sty")
("C:\Users\Junior J\AppData\Local\Programs\MiKTeX 2.9\tex/latex/beamer\beamerba
setemplates.sty"
\beamer@sbttoks=\toks31

("C:\Users\Junior J\AppData\Local\Programs\MiKTeX 2.9\tex/latex/beamer\beamerba
seauxtemplates.sty"
("C:\Users\Junior J\AppData\Local\Programs\MiKTeX 2.9\tex/latex/beamer\beamerba
seboxes.sty"
\bmb@box=\box66
\bmb@colorbox=\box67
\bmb@boxshadow=\box68
\bmb@boxshadowball=\box69
\bmb@boxshadowballlarge=\box70
\bmb@temp=\dimen260
\bmb@dima=\dimen261
\bmb@dimb=\dimen262
\bmb@prevheight=\dimen263
)
\beamer@blockheadheight=\dimen264
))
("C:\Users\Junior J\AppData\Local\Programs\MiKTeX 2.9\tex/latex/beamer\beamerba
selocalstructure.sty"
("C:\Users\Junior J\AppData\Local\Programs\MiKTeX 2.9\tex/latex/tools\enumerate
.sty"
Package: enumerate 2015/07/23 v3.00 enumerate extensions (DPC)
\@enLab=\toks32
)
\c@figure=\count295
\c@table=\count296
\abovecaptionskip=\skip55
\belowcaptionskip=\skip56
)
("C:\Users\Junior J\AppData\Local\Programs\MiKTeX 2.9\tex/latex/beamer\beamerba
senavigation.sty"
\beamer@section@min@dim=\dimen265
)
("C:\Users\Junior J\AppData\Local\Programs\MiKTeX 2.9\tex/latex/beamer\beamerba
setheorems.sty"
("C:\Users\Junior J\AppData\Local\Programs\MiKTeX 2.9\tex/latex/amsmath\amsmath
.sty"
Package: amsmath 2020/01/20 v2.17e AMS math features
\@mathmargin=\skip57

For additional information on amsmath, use the `?' option.

("C:\Users\Junior J\AppData\Local\Programs\MiKTeX 2.9\tex/latex/amsmath\amstext
.sty"
Package: amstext 2000/06/29 v2.01 AMS text

("C:\Users\Junior J\AppData\Local\Programs\MiKTeX 2.9\tex/latex/amsmath\amsgen.
sty"
File: amsgen.sty 1999/11/30 v2.0 generic functions
\@emptytoks=\toks33
\ex@=\dimen266
))
("C:\Users\Junior J\AppData\Local\Programs\MiKTeX 2.9\tex/latex/amsmath\amsbsy.
sty"
Package: amsbsy 1999/11/29 v1.2d Bold Symbols
\pmbraise@=\dimen267
)
("C:\Users\Junior J\AppData\Local\Programs\MiKTeX 2.9\tex/latex/amsmath\amsopn.
sty"
Package: amsopn 2016/03/08 v2.02 operator names
)
\inf@bad=\count297
LaTeX Info: Redefining \frac on input line 227.
\uproot@=\count298
\leftroot@=\count299
LaTeX Info: Redefining \overline on input line 389.
\classnum@=\count300
\DOTSCASE@=\count301
LaTeX Info: Redefining \ldots on input line 486.
LaTeX Info: Redefining \dots on input line 489.
LaTeX Info: Redefining \cdots on input line 610.
\Mathstrutbox@=\box71
\strutbox@=\box72
\big@size=\dimen268
LaTeX Font Info:    Redeclaring font encoding OML on input line 733.
LaTeX Font Info:    Redeclaring font encoding OMS on input line 734.
\macc@depth=\count302
\c@MaxMatrixCols=\count303
\dotsspace@=\muskip17
\c@parentequation=\count304
\dspbrk@lvl=\count305
\tag@help=\toks34
\row@=\count306
\column@=\count307
\maxfields@=\count308
\andhelp@=\toks35
\eqnshift@=\dimen269
\alignsep@=\dimen270
\tagshift@=\dimen271
\tagwidth@=\dimen272
\totwidth@=\dimen273
\lineht@=\dimen274
\@envbody=\toks36
\multlinegap=\skip58
\multlinetaggap=\skip59
\mathdisplay@stack=\toks37
LaTeX Info: Redefining \[ on input line 2859.
LaTeX Info: Redefining \] on input line 2860.
)
("C:\Users\Junior J\AppData\Local\Programs\MiKTeX 2.9\tex/latex/amscls\amsthm.s
ty"
Package: amsthm 2017/10/31 v2.20.4
\thm@style=\toks38
\thm@bodyfont=\toks39
\thm@headfont=\toks40
\thm@notefont=\toks41
\thm@headpunct=\toks42
\thm@preskip=\skip60
\thm@postskip=\skip61
\thm@headsep=\skip62
\dth@everypar=\toks43
)
\c@theorem=\count309
)
("C:\Users\Junior J\AppData\Local\Programs\MiKTeX 2.9\tex/latex/beamer\beamerba
sethemes.sty"))
("C:\Users\Junior J\AppData\Local\Programs\MiKTeX 2.9\tex/latex/beamer\beamerth
emedefault.sty"
("C:\Users\Junior J\AppData\Local\Programs\MiKTeX 2.9\tex/latex/beamer\beamerfo
ntthemedefault.sty")
("C:\Users\Junior J\AppData\Local\Programs\MiKTeX 2.9\tex/latex/beamer\beamerco
lorthemedefault.sty")
("C:\Users\Junior J\AppData\Local\Programs\MiKTeX 2.9\tex/latex/beamer\beamerin
nerthemedefault.sty"
\beamer@dima=\dimen275
\beamer@dimb=\dimen276
)
("C:\Users\Junior J\AppData\Local\Programs\MiKTeX 2.9\tex/latex/beamer\beamerou
terthemedefault.sty"))) (beamerthemeOxygen.sty
("C:\Users\Junior J\AppData\Local\Programs\MiKTeX 2.9\tex/latex/beamer\beamerth
emeRochester.sty"
("C:\Users\Junior J\AppData\Local\Programs\MiKTeX 2.9\tex/latex/beamer\beamerou
terthemesidebar.sty"
\beamer@sidebarwidth=\dimen277
\beamer@headheight=\dimen278
)
("C:\Users\Junior J\AppData\Local\Programs\MiKTeX 2.9\tex/latex/beamer\beamerin
nerthemerectangles.sty")
("C:\Users\Junior J\AppData\Local\Programs\MiKTeX 2.9\tex/latex/beamer\beamerco
lorthemewhale.sty")
("C:\Users\Junior J\AppData\Local\Programs\MiKTeX 2.9\tex/latex/beamer\beamerco
lorthemeorchid.sty"))
("C:\Users\Junior J\AppData\Local\Programs\MiKTeX 2.9\tex/latex/pgf/basiclayer\
pgf.sty"
Package: pgf 2020/01/08 v3.1.5b (3.1.5b)

("C:\Users\Junior J\AppData\Local\Programs\MiKTeX 2.9\tex/generic/pgf/modules\p
gfmoduleshapes.code.tex"
File: pgfmoduleshapes.code.tex 2020/01/08 v3.1.5b (3.1.5b)
\pgfnodeparttextbox=\box73
)
("C:\Users\Junior J\AppData\Local\Programs\MiKTeX 2.9\tex/generic/pgf/modules\p
gfmoduleplot.code.tex"
File: pgfmoduleplot.code.tex 2020/01/08 v3.1.5b (3.1.5b)
)
("C:\Users\Junior J\AppData\Local\Programs\MiKTeX 2.9\tex/latex/pgf/compatibili
ty\pgfcomp-version-0-65.sty"
Package: pgfcomp-version-0-65 2020/01/08 v3.1.5b (3.1.5b)
\pgf@nodesepstart=\dimen279
\pgf@nodesepend=\dimen280
)
("C:\Users\Junior J\AppData\Local\Programs\MiKTeX 2.9\tex/latex/pgf/compatibili
ty\pgfcomp-version-1-18.sty"
Package: pgfcomp-version-1-18 2020/01/08 v3.1.5b (3.1.5b)
))
("C:\Users\Junior J\AppData\Local\Programs\MiKTeX 2.9\tex/latex/beamer\beamerco
lorthemestructure.sty"))
("C:\Users\Junior J\AppData\Local\Programs\MiKTeX 2.9\tex/generic/thumbpdf\thum
bpdf.sty"
Package: thumbpdf 2018/09/07 v3.17 Inclusion of thumbnails (HO)


Package thumbpdf Warning: Thumbnail data file `Clase_Series.tpt' not found.

)
("C:\Users\Junior J\AppData\Local\Programs\MiKTeX 2.9\tex/latex/wasysym\wasysym
.sty"
Package: wasysym 2020/01/19 v2.4 Wasy-2 symbol support package
\symwasy=\mathgroup6
LaTeX Font Info:    Overwriting symbol font `wasy' in version `bold'
(Font)                  U/wasy/m/n --> U/wasy/b/n on input line 93.
)
("C:\Users\Junior J\AppData\Local\Programs\MiKTeX 2.9\tex/latex/ucs\ucs.sty"
Package: ucs 2013/05/11 v2.2 UCS: Unicode input support

("C:\Users\Junior J\AppData\Local\Programs\MiKTeX 2.9\tex/latex/ucs\uni-global.
def"
File: uni-global.def 2013/05/13 UCS: Unicode global data
)
\uc@secondtry=\count310
\uc@combtoks=\toks44
\uc@combtoksb=\toks45
\uc@temptokena=\toks46
)
("C:\Users\Junior J\AppData\Local\Programs\MiKTeX 2.9\tex/latex/base\inputenc.s
ty"
Package: inputenc 2018/08/11 v1.3c Input encoding file
\inpenc@prehook=\toks47
\inpenc@posthook=\toks48
)
("C:\Users\Junior J\AppData\Local\Programs\MiKTeX 2.9\tex/latex/pgf/compatibili
ty\pgfarrows.sty"
Package: pgfarrows 2020/01/08 v3.1.5b (3.1.5b)


Package pgfarrows Warning: This package is obsolete. pgf.sty will load arrow ma
nagement automatically on input line 17.

)
("C:\Users\Junior J\AppData\Local\Programs\MiKTeX 2.9\tex/latex/pgf/compatibili
ty\pgfnodes.sty"
Package: pgfnodes 2020/01/08 v3.1.5b (3.1.5b)


Package pgfnodes Warning: This package is obsolete. pgf.sty will load node mana
gement automatically on input line 17.

)
("C:\Users\Junior J\AppData\Local\Programs\MiKTeX 2.9\tex/latex/pgf/compatibili
ty\pgfautomata.sty"
Package: pgfautomata 2020/01/08 v3.1.5b (3.1.5b)


Package pgfautomata Warning: This package is obsolete. on input line 17.

\pgf@stateradius=\dimen281
\pgf@mooreradius=\dimen282
\pgf@doublethickness=\dimen283
\pgf@statebackoff=\dimen284
)
("C:\Users\Junior J\AppData\Local\Programs\MiKTeX 2.9\tex/latex/pgf/compatibili
ty\pgfheaps.sty"
Package: pgfheaps 2020/01/08 v3.1.5b (3.1.5b)


Package pgfheaps Warning: This package is obsolete. on input line 16.

\pgf@heapx=\dimen285
\pgf@heapy=\dimen286
)
("C:\Users\Junior J\AppData\Local\Programs\MiKTeX 2.9\tex/latex/pgf/compatibili
ty\pgfshade.sty"
Package: pgfshade 2020/01/08 v3.1.5b (3.1.5b)


Package pgfshade Warning: This package is obsolete. pgf.sty will load shade man
agement automatically on input line 17.

)
("C:\Users\Junior J\AppData\Local\Programs\MiKTeX 2.9\tex/latex/tools\verbatim.
sty"
Package: verbatim 2019/11/10 v1.5r LaTeX2e package for verbatim enhancements
\every@verbatim=\toks49
\verbatim@line=\toks50
\verbatim@in@stream=\read3
)
("C:\Users\Junior J\AppData\Local\Programs\MiKTeX 2.9\tex/latex/tikzsymbols\tik
zsymbols.sty"
("C:\Users\Junior J\AppData\Local\Programs\MiKTeX 2.9\tex/latex/l3packages/xpar
se\xparse.sty"
("C:\Users\Junior J\AppData\Local\Programs\MiKTeX 2.9\tex/latex/l3kernel\expl3.
sty"
Package: expl3 2020-03-03 L3 programming layer (loader) 

("C:\Users\Junior J\AppData\Local\Programs\MiKTeX 2.9\tex/latex/l3backend\l3bac
kend-pdfmode.def"
File: l3backend-pdfmode.def 2020-02-23 L3 backend support: PDF mode
\l__kernel_color_stack_int=\count311
\l__pdf_internal_box=\box74
))
Package: xparse 2020-03-03 L3 Experimental document command parser
\l__xparse_current_arg_int=\count312
\g__xparse_grabber_int=\count313
\l__xparse_m_args_int=\count314
\l__xparse_v_nesting_int=\count315
)
Package: tikzsymbols 2019/02/08 v4.10c Some symbols created using tikz and LaTe
X3.

("C:\Users\Junior J\AppData\Local\Programs\MiKTeX 2.9\tex/latex/pgf/frontendlay
er\tikz.sty"
("C:\Users\Junior J\AppData\Local\Programs\MiKTeX 2.9\tex/latex/pgf/utilities\p
gffor.sty"
("C:\Users\Junior J\AppData\Local\Programs\MiKTeX 2.9\tex/latex/pgf/utilities\p
gfkeys.sty"
("C:\Users\Junior J\AppData\Local\Programs\MiKTeX 2.9\tex/generic/pgf/utilities
\pgfkeys.code.tex"))
("C:\Users\Junior J\AppData\Local\Programs\MiKTeX 2.9\tex/latex/pgf/math\pgfmat
h.sty"
("C:\Users\Junior J\AppData\Local\Programs\MiKTeX 2.9\tex/generic/pgf/math\pgfm
ath.code.tex"))
("C:\Users\Junior J\AppData\Local\Programs\MiKTeX 2.9\tex/generic/pgf/utilities
\pgffor.code.tex"
Package: pgffor 2020/01/08 v3.1.5b (3.1.5b)

("C:\Users\Junior J\AppData\Local\Programs\MiKTeX 2.9\tex/generic/pgf/math\pgfm
ath.code.tex")
\pgffor@iter=\dimen287
\pgffor@skip=\dimen288
\pgffor@stack=\toks51
\pgffor@toks=\toks52
))
("C:\Users\Junior J\AppData\Local\Programs\MiKTeX 2.9\tex/generic/pgf/frontendl
ayer/tikz\tikz.code.tex"
Package: tikz 2020/01/08 v3.1.5b (3.1.5b)

("C:\Users\Junior J\AppData\Local\Programs\MiKTeX 2.9\tex/generic/pgf/libraries
\pgflibraryplothandlers.code.tex"
File: pgflibraryplothandlers.code.tex 2020/01/08 v3.1.5b (3.1.5b)
\pgf@plot@mark@count=\count316
\pgfplotmarksize=\dimen289
)
\tikz@lastx=\dimen290
\tikz@lasty=\dimen291
\tikz@lastxsaved=\dimen292
\tikz@lastysaved=\dimen293
\tikz@lastmovetox=\dimen294
\tikz@lastmovetoy=\dimen295
\tikzleveldistance=\dimen296
\tikzsiblingdistance=\dimen297
\tikz@figbox=\box75
\tikz@figbox@bg=\box76
\tikz@tempbox=\box77
\tikz@tempbox@bg=\box78
\tikztreelevel=\count317
\tikznumberofchildren=\count318
\tikznumberofcurrentchild=\count319
\tikz@fig@count=\count320

("C:\Users\Junior J\AppData\Local\Programs\MiKTeX 2.9\tex/generic/pgf/modules\p
gfmodulematrix.code.tex"
File: pgfmodulematrix.code.tex 2020/01/08 v3.1.5b (3.1.5b)
\pgfmatrixcurrentrow=\count321
\pgfmatrixcurrentcolumn=\count322
\pgf@matrix@numberofcolumns=\count323
)
\tikz@expandcount=\count324

("C:\Users\Junior J\AppData\Local\Programs\MiKTeX 2.9\tex/generic/pgf/frontendl
ayer/tikz/libraries\tikzlibrarytopaths.code.tex"
File: tikzlibrarytopaths.code.tex 2020/01/08 v3.1.5b (3.1.5b)
)))
("C:\Users\Junior J\AppData\Local\Programs\MiKTeX 2.9\tex/latex/tools\xspace.st
y"
Package: xspace 2014/10/28 v1.13 Space after command names (DPC,MH)
)
("C:\Users\Junior J\AppData\Local\Programs\MiKTeX 2.9\tex/latex/l3packages/l3ke
ys2e\l3keys2e.sty"
Package: l3keys2e 2020-03-03 LaTeX2e option processing using LaTeX3 keys
)
("C:\Users\Junior J\AppData\Local\Programs\MiKTeX 2.9\tex/generic/pgf/frontendl
ayer/tikz/libraries\tikzlibraryarrows.code.tex"
File: tikzlibraryarrows.code.tex 2020/01/08 v3.1.5b (3.1.5b)

("C:\Users\Junior J\AppData\Local\Programs\MiKTeX 2.9\tex/generic/pgf/libraries
\pgflibraryarrows.code.tex"
File: pgflibraryarrows.code.tex 2020/01/08 v3.1.5b (3.1.5b)
\arrowsize=\dimen298
))
("C:\Users\Junior J\AppData\Local\Programs\MiKTeX 2.9\tex/generic/pgf/frontendl
ayer/tikz/libraries\tikzlibrarydecorations.pathmorphing.code.tex"
("C:\Users\Junior J\AppData\Local\Programs\MiKTeX 2.9\tex/generic/pgf/frontendl
ayer/tikz/libraries\tikzlibrarydecorations.code.tex"
("C:\Users\Junior J\AppData\Local\Programs\MiKTeX 2.9\tex/generic/pgf/modules\p
gfmoduledecorations.code.tex"
\pgfdecoratedcompleteddistance=\dimen299
\pgfdecoratedremainingdistance=\dimen300
\pgfdecoratedinputsegmentcompleteddistance=\dimen301
\pgfdecoratedinputsegmentremainingdistance=\dimen302
\pgf@decorate@distancetomove=\dimen303
\pgf@decorate@repeatstate=\count325
\pgfdecorationsegmentamplitude=\dimen304
\pgfdecorationsegmentlength=\dimen305
)
\tikz@lib@dec@box=\box79
)
("C:\Users\Junior J\AppData\Local\Programs\MiKTeX 2.9\tex/generic/pgf/libraries
/decorations\pgflibrarydecorations.pathmorphing.code.tex"))
("C:\Users\Junior J\AppData\Local\Programs\MiKTeX 2.9\tex/generic/pgf/frontendl
ayer/tikz/libraries\tikzlibrarytrees.code.tex"
File: tikzlibrarytrees.code.tex 2020/01/08 v3.1.5b (3.1.5b)
)
\l__tikzsymbols_Moai_thickness_dim=\dimen306
)
("C:\Users\Junior J\AppData\Local\Programs\MiKTeX 2.9\tex/latex/ragged2e\ragged
2e.sty"
Package: ragged2e 2019/07/28 v2.2 ragged2e Package (MS)

("C:\Users\Junior J\AppData\Local\Programs\MiKTeX 2.9\tex/latex/ms\everysel.sty
"
Package: everysel 2011/10/28 v1.2 EverySelectfont Package (MS)
)
\CenteringLeftskip=\skip63
\RaggedLeftLeftskip=\skip64
\RaggedRightLeftskip=\skip65
\CenteringRightskip=\skip66
\RaggedLeftRightskip=\skip67
\RaggedRightRightskip=\skip68
\CenteringParfillskip=\skip69
\RaggedLeftParfillskip=\skip70
\RaggedRightParfillskip=\skip71
\JustifyingParfillskip=\skip72
\CenteringParindent=\skip73
\RaggedLeftParindent=\skip74
\RaggedRightParindent=\skip75
\JustifyingParindent=\skip76
)
("C:\Users\Junior J\AppData\Local\Programs\MiKTeX 2.9\tex/generic/babel\babel.s
ty"
Package: babel 2020/02/28 3.41 The Babel package

("C:\Users\Junior J\AppData\Local\Programs\MiKTeX 2.9\tex/generic/babel\switch.
def"
File: switch.def 2020/02/28 3.41 Babel switching mechanism
)
*************************************
* Local config file bblopts.cfg used
*

("C:\Users\Junior J\AppData\Local\Programs\MiKTeX 2.9\tex/latex/arabi\bblopts.c
fg"
File: bblopts.cfg 2005/09/08 v0.1 add Arabic and Farsi to "declared" options of
 babel
)
("C:\Users\Junior J\AppData\Local\Programs\MiKTeX 2.9\tex/latex/babel-spanish\s
panish.ldf"
Language: spanish.ldf 2016/03/03 v5.0p Spanish support from the babel system

("C:\Users\Junior J\AppData\Local\Programs\MiKTeX 2.9\tex/generic/babel\babel.d
ef"
File: babel.def 2020/02/28 3.41 Babel common definitions
\babel@savecnt=\count326
\U@D=\dimen307

("C:\Users\Junior J\AppData\Local\Programs\MiKTeX 2.9\tex/generic/babel\txtbabe
l.def")
\bbl@readstream=\read4
LaTeX Info: Redefining \textlatin on input line 2402.
\bbl@dirlevel=\count327
)
\es@quottoks=\toks53
\es@quotdepth=\count328
Package babel Info: Making " an active character on input line 561.
Package babel Info: Making . an active character on input line 662.
Package babel Info: Making < an active character on input line 707.
Package babel Info: Making > an active character on input line 707.
))
("C:\Users\Junior J\AppData\Local\Programs\MiKTeX 2.9\tex/latex/hyphenat\hyphen
at.sty"
Package: hyphenat 2009/09/02 v2.3c hyphenation utilities
\langwohyphens=\language82
LaTeX Info: Redefining \_ on input line 43.
)
("C:\Users\Junior J\AppData\Local\Programs\MiKTeX 2.9\tex/latex/base\fontenc.st
y"
Package: fontenc 2020/02/11 v2.0o Standard LaTeX package
)
("C:\Users\Junior J\AppData\Local\Programs\MiKTeX 2.9\tex/latex/tools\array.sty
"
Package: array 2019/08/31 v2.4l Tabular extension package (FMi)
\col@sep=\dimen308
\ar@mcellbox=\box80
\extrarowheight=\dimen309
\NC@list=\toks54
\extratabsurround=\skip77
\backup@length=\skip78
\ar@cellbox=\box81
)
("C:\Users\Junior J\AppData\Local\Programs\MiKTeX 2.9\tex/latex/float\float.sty
"
Package: float 2001/11/08 v1.3d Float enhancements (AL)
\c@float@type=\count329
\float@exts=\toks55
\float@box=\box82
\@float@everytoks=\toks56
\@floatcapt=\box83
)
("C:\Users\Junior J\AppData\Local\Programs\MiKTeX 2.9\tex/generic/xypic\xy.sty"
("C:\Users\Junior J\AppData\Local\Programs\MiKTeX 2.9\tex/generic/xypic\xy.tex"
Bootstrap'ing: catcodes, docmode,
("C:\Users\Junior J\AppData\Local\Programs\MiKTeX 2.9\tex/generic/xypic\xyrecat
.tex")
("C:\Users\Junior J\AppData\Local\Programs\MiKTeX 2.9\tex/generic/xypic\xyidiom
s.tex")

 Xy-pic version 3.8.9 <2013/10/06>
 Copyright (c) 1991-2013 by Kristoffer H. Rose <krisrose@tug.org> and others
 Xy-pic is free software: see the User's Guide for details.

Loading kernel: messages; fonts; allocations: state,
\X@c=\dimen310
\Y@c=\dimen311
\U@c=\dimen312
\D@c=\dimen313
\L@c=\dimen314
\R@c=\dimen315
\Edge@c=\toks57
\X@p=\dimen316
\Y@p=\dimen317
\U@p=\dimen318
\D@p=\dimen319
\L@p=\dimen320
\R@p=\dimen321
\Edge@p=\toks58
\X@origin=\dimen322
\Y@origin=\dimen323
\X@xbase=\dimen324
\Y@xbase=\dimen325
\X@ybase=\dimen326
\Y@ybase=\dimen327
\X@min=\dimen328
\Y@min=\dimen329
\X@max=\dimen330
\Y@max=\dimen331
\lastobjectbox@=\box84
\zerodotbox@=\box85
\almostz@=\dimen332
 direction,
\d@X=\dimen333
\d@Y=\dimen334
\K@=\count330
\KK@=\count331
\Direction=\count332
\K@dXdY=\dimen335
\K@dYdX=\dimen336
\xyread@=\read5
\xywrite@=\write5
\csp@=\count333
\quotPTK@=\dimen337

utility macros; pictures: \xy, positions,
\swaptoks@@=\toks59
\connectobjectbox@@=\box86
 objects,
\styletoks@=\toks60
 decorations;
kernel objects: directionals, circles, text; options; algorithms: directions,
edges, connections;  Xy-pic loaded)
Package: xy 2013/10/06 Xy-pic version 3.8.9

("C:\Users\Junior J\AppData\Local\Programs\MiKTeX 2.9\tex/generic/xypic\xyall.t
ex"  Xy-pic option: All features v.3.8
("C:\Users\Junior J\AppData\Local\Programs\MiKTeX 2.9\tex/generic/xypic\xycurve
.tex"  Xy-pic option: Curve and Spline extension v.3.12 curve,
\crv@cnt@=\count334
\crvpts@=\toks61
\splinebox@=\box87
\splineval@=\dimen338
\splinedepth@=\dimen339
\splinetol@=\dimen340
\splinelength@=\dimen341
 circles,
\L@=\dimen342
 loaded)
("C:\Users\Junior J\AppData\Local\Programs\MiKTeX 2.9\tex/generic/xypic\xyframe
.tex"  Xy-pic option: Frame and Bracket extension v.3.14 loaded)
("C:\Users\Junior J\AppData\Local\Programs\MiKTeX 2.9\tex/generic/xypic\xycmtip
.tex"  Xy-pic option: Computer Modern tip extension v.3.7
("C:\Users\Junior J\AppData\Local\Programs\MiKTeX 2.9\tex/generic/xypic\xytips.
tex"  Xy-pic option: More Tips extension v.3.11 loaded) loaded)
("C:\Users\Junior J\AppData\Local\Programs\MiKTeX 2.9\tex/generic/xypic\xyline.
tex"  Xy-pic option: Line styles extension v.3.10
\xylinethick@=\dimen343
 loaded)
("C:\Users\Junior J\AppData\Local\Programs\MiKTeX 2.9\tex/generic/xypic\xyrotat
e.tex"  Xy-pic option: Rotate and Scale extension v.3.8 loaded)
("C:\Users\Junior J\AppData\Local\Programs\MiKTeX 2.9\tex/generic/xypic\xycolor
.tex"  Xy-pic option: Colour extension v.3.11 loaded)
("C:\Users\Junior J\AppData\Local\Programs\MiKTeX 2.9\tex/generic/xypic\xymatri
x.tex"  Xy-pic option: Matrix feature v.3.14
\Row=\count335
\Col=\count336
\queue@=\toks62
\queue@@=\toks63
\qcount@=\count337
\qcount@@=\count338
\matrixsize@=\count339
 loaded)
("C:\Users\Junior J\AppData\Local\Programs\MiKTeX 2.9\tex/generic/xypic\xyarrow
.tex"  Xy-pic option: Arrow and Path feature v.3.9 path, \ar, loaded)
("C:\Users\Junior J\AppData\Local\Programs\MiKTeX 2.9\tex/generic/xypic\xygraph
.tex"  Xy-pic option: Graph feature v.3.11 loaded) loaded)
("C:\Users\Junior J\AppData\Local\Programs\MiKTeX 2.9\tex/generic/xypic\xypdf.t
ex"  Xy-pic option: PDF driver v.1.7
Xy-pic pdf driver: `color' extension support
("C:\Users\Junior J\AppData\Local\Programs\MiKTeX 2.9\tex/generic/xypic\xypdf-c
o.tex" loaded) Xy-pic pdf driver: `curve' extension support
("C:\Users\Junior J\AppData\Local\Programs\MiKTeX 2.9\tex/generic/xypic\xypdf-c
u.tex" loaded) Xy-pic pdf driver: `frame' extension support
("C:\Users\Junior J\AppData\Local\Programs\MiKTeX 2.9\tex/generic/xypic\xypdf-f
r.tex" loaded) Xy-pic pdf driver: `line' extension support
("C:\Users\Junior J\AppData\Local\Programs\MiKTeX 2.9\tex/generic/xypic\xypdf-l
i.tex" loaded) Xy-pic pdf driver: `rotate' extension support
("C:\Users\Junior J\AppData\Local\Programs\MiKTeX 2.9\tex/generic/xypic\xypdf-r
o.tex" loaded) loaded))
("C:\Users\Junior J\AppData\Local\Programs\MiKTeX 2.9\tex/latex/lm\lmodern.sty"
Package: lmodern 2009/10/30 v1.6 Latin Modern Fonts
LaTeX Font Info:    Overwriting symbol font `operators' in version `normal'
(Font)                  OT1/cmr/m/n --> OT1/lmr/m/n on input line 22.
LaTeX Font Info:    Overwriting symbol font `letters' in version `normal'
(Font)                  OML/cmm/m/it --> OML/lmm/m/it on input line 23.
LaTeX Font Info:    Overwriting symbol font `symbols' in version `normal'
(Font)                  OMS/cmsy/m/n --> OMS/lmsy/m/n on input line 24.
LaTeX Font Info:    Overwriting symbol font `largesymbols' in version `normal'
(Font)                  OMX/cmex/m/n --> OMX/lmex/m/n on input line 25.
LaTeX Font Info:    Overwriting symbol font `operators' in version `bold'
(Font)                  OT1/cmr/bx/n --> OT1/lmr/bx/n on input line 26.
LaTeX Font Info:    Overwriting symbol font `letters' in version `bold'
(Font)                  OML/cmm/b/it --> OML/lmm/b/it on input line 27.
LaTeX Font Info:    Overwriting symbol font `symbols' in version `bold'
(Font)                  OMS/cmsy/b/n --> OMS/lmsy/b/n on input line 28.
LaTeX Font Info:    Overwriting symbol font `largesymbols' in version `bold'
(Font)                  OMX/cmex/m/n --> OMX/lmex/m/n on input line 29.
LaTeX Font Info:    Overwriting math alphabet `\mathbf' in version `normal'
(Font)                  OT1/cmr/bx/n --> OT1/lmr/bx/n on input line 31.
LaTeX Font Info:    Overwriting math alphabet `\mathsf' in version `normal'
(Font)                  OT1/cmss/m/n --> OT1/lmss/m/n on input line 32.
LaTeX Font Info:    Overwriting math alphabet `\mathit' in version `normal'
(Font)                  OT1/cmr/m/it --> OT1/lmr/m/it on input line 33.
LaTeX Font Info:    Overwriting math alphabet `\mathtt' in version `normal'
(Font)                  OT1/cmtt/m/n --> OT1/lmtt/m/n on input line 34.
LaTeX Font Info:    Overwriting math alphabet `\mathbf' in version `bold'
(Font)                  OT1/cmr/bx/n --> OT1/lmr/bx/n on input line 35.
LaTeX Font Info:    Overwriting math alphabet `\mathsf' in version `bold'
(Font)                  OT1/cmss/bx/n --> OT1/lmss/bx/n on input line 36.
LaTeX Font Info:    Overwriting math alphabet `\mathit' in version `bold'
(Font)                  OT1/cmr/bx/it --> OT1/lmr/bx/it on input line 37.
LaTeX Font Info:    Overwriting math alphabet `\mathtt' in version `bold'
(Font)                  OT1/cmtt/m/n --> OT1/lmtt/m/n on input line 38.
)
("C:\Users\Junior J\AppData\Local\Programs\MiKTeX 2.9\tex/latex/multirow\multir
ow.sty"
Package: multirow 2019/05/31 v2.5 Span multiple rows of a table
\multirow@colwidth=\skip79
\multirow@cntb=\count340
\multirow@dima=\skip80
\bigstrutjot=\dimen344
)
("C:\Users\Junior J\AppData\Local\Programs\MiKTeX 2.9\tex/latex/tools\multicol.
sty"
Package: multicol 2019/12/09 v1.8y multicolumn formatting (FMi)
\c@tracingmulticols=\count341
\mult@box=\box88
\multicol@leftmargin=\dimen345
\c@unbalance=\count342
\c@collectmore=\count343
\doublecol@number=\count344
\multicoltolerance=\count345
\multicolpretolerance=\count346
\full@width=\dimen346
\page@free=\dimen347
\premulticols=\dimen348
\postmulticols=\dimen349
\multicolsep=\skip81
\multicolbaselineskip=\skip82
\partial@page=\box89
\last@line=\box90
\maxbalancingoverflow=\dimen350
\mult@rightbox=\box91
\mult@grightbox=\box92
\mult@gfirstbox=\box93
\mult@firstbox=\box94
\@tempa=\box95
\@tempa=\box96
\@tempa=\box97
\@tempa=\box98
\@tempa=\box99
\@tempa=\box100
\@tempa=\box101
\@tempa=\box102
\@tempa=\box103
\@tempa=\box104
\@tempa=\box105
\@tempa=\box106
\@tempa=\box107
\@tempa=\box108
\@tempa=\box109
\@tempa=\box110
\@tempa=\box111
\@tempa=\box112
\@tempa=\box113
\@tempa=\box114
\@tempa=\box115
\@tempa=\box116
\@tempa=\box117
\@tempa=\box118
\@tempa=\box119
\@tempa=\box120
\@tempa=\box121
\@tempa=\box122
\@tempa=\box123
\@tempa=\box124
\@tempa=\box125
\@tempa=\box126
\@tempa=\box127
\@tempa=\box128
\@tempa=\box129
\@tempa=\box130
\@tempa=\box131
\c@minrows=\count347
\c@columnbadness=\count348
\c@finalcolumnbadness=\count349
\last@try=\dimen351
\multicolovershoot=\dimen352
\multicolundershoot=\dimen353
\mult@nat@firstbox=\box132
\colbreak@box=\box133
\mc@col@check@num=\count350
)
("C:\Users\Junior J\AppData\Local\Programs\MiKTeX 2.9\tex/latex/listings\listin
gs.sty"
\lst@mode=\count351
\lst@gtempboxa=\box134
\lst@token=\toks64
\lst@length=\count352
\lst@currlwidth=\dimen354
\lst@column=\count353
\lst@pos=\count354
\lst@lostspace=\dimen355
\lst@width=\dimen356
\lst@newlines=\count355
\lst@lineno=\count356
\lst@maxwidth=\dimen357

("C:\Users\Junior J\AppData\Local\Programs\MiKTeX 2.9\tex/latex/listings\lstmis
c.sty"
File: lstmisc.sty 2019/09/10 1.8c (Carsten Heinz)
\c@lstnumber=\count357
\lst@skipnumbers=\count358
\lst@framebox=\box135
)
("C:\Users\Junior J\AppData\Local\Programs\MiKTeX 2.9\tex/latex/listings\listin
gs.cfg"
File: listings.cfg 2019/09/10 1.8c listings configuration
))
Package: listings 2019/09/10 1.8c (Carsten Heinz)
 (Clase_Series.aux
LaTeX Info: Redefining \. on input line 24.
LaTeX Info: Redefining \% on input line 24.
)
\openout1 = `Clase_Series.aux'.

LaTeX Font Info:    Checking defaults for OML/cmm/m/it on input line 67.
LaTeX Font Info:    ... okay on input line 67.
LaTeX Font Info:    Checking defaults for OMS/cmsy/m/n on input line 67.
LaTeX Font Info:    ... okay on input line 67.
LaTeX Font Info:    Checking defaults for OT1/cmr/m/n on input line 67.
LaTeX Font Info:    ... okay on input line 67.
LaTeX Font Info:    Checking defaults for T1/cmr/m/n on input line 67.
LaTeX Font Info:    ... okay on input line 67.
LaTeX Font Info:    Checking defaults for TS1/cmr/m/n on input line 67.
LaTeX Font Info:    ... okay on input line 67.
LaTeX Font Info:    Checking defaults for OMX/cmex/m/n on input line 67.
LaTeX Font Info:    ... okay on input line 67.
LaTeX Font Info:    Checking defaults for U/cmr/m/n on input line 67.
LaTeX Font Info:    ... okay on input line 67.
LaTeX Font Info:    Checking defaults for PD1/pdf/m/n on input line 67.
LaTeX Font Info:    ... okay on input line 67.
LaTeX Font Info:    Trying to load font information for T1+lmss on input line 6
7.

("C:\Users\Junior J\AppData\Local\Programs\MiKTeX 2.9\tex/latex/lm\t1lmss.fd"
File: t1lmss.fd 2009/10/30 v1.6 Font defs for Latin Modern
)
*geometry* driver: auto-detecting
*geometry* detected driver: pdftex
*geometry* verbose mode - [ preamble ] result:
* driver: pdftex
* paper: custom
* layout: <same size as paper>
* layoutoffset:(h,v)=(0.0pt,0.0pt)
* modes: includehead includefoot 
* h-part:(L,W,R)=(25.60747pt, 318.67097pt, 19.91692pt)
* v-part:(T,H,B)=(0.0pt, 273.14662pt, 0.0pt)
* \paperwidth=364.19536pt
* \paperheight=273.14662pt
* \textwidth=318.67097pt
* \textheight=244.6939pt
* \oddsidemargin=-46.66252pt
* \evensidemargin=-46.66252pt
* \topmargin=-72.26999pt
* \headheight=14.22636pt
* \headsep=0.0pt
* \topskip=10.0pt
* \footskip=14.22636pt
* \marginparwidth=3.0pt
* \marginparsep=11.0pt
* \columnsep=10.0pt
* \skip\footins=9.0pt plus 4.0pt minus 2.0pt
* \hoffset=0.0pt
* \voffset=0.0pt
* \mag=1000
* \@twocolumnfalse
* \@twosidefalse
* \@mparswitchfalse
* \@reversemarginfalse
* (1in=72.27pt=25.4mm, 1cm=28.453pt)


("C:\Users\Junior J\AppData\Local\Programs\MiKTeX 2.9\tex/context/base/mkii\sup
p-pdf.mkii"
[Loading MPS to PDF converter (version 2006.09.02).]
\scratchcounter=\count359
\scratchdimen=\dimen358
\scratchbox=\box136
\nofMPsegments=\count360
\nofMParguments=\count361
\everyMPshowfont=\toks65
\MPscratchCnt=\count362
\MPscratchDim=\dimen359
\MPnumerator=\count363
\makeMPintoPDFobject=\count364
\everyMPtoPDFconversion=\toks66
)
("C:\Users\Junior J\AppData\Local\Programs\MiKTeX 2.9\tex/latex/epstopdf-pkg\ep
stopdf-base.sty"
Package: epstopdf-base 2020-01-24 v2.11 Base part for package epstopdf
Package epstopdf-base Info: Redefining graphics rule for `.eps' on input line 4
85.
) ABD: EveryShipout initializing macros
\AtBeginShipoutBox=\box137
Package hyperref Info: Link coloring OFF on input line 67.

("C:\Users\Junior J\AppData\Local\Programs\MiKTeX 2.9\tex/latex/hyperref\namere
f.sty"
Package: nameref 2019/09/16 v2.46 Cross-referencing by name of section

("C:\Users\Junior J\AppData\Local\Programs\MiKTeX 2.9\tex/latex/refcount\refcou
nt.sty"
Package: refcount 2019/12/15 v3.6 Data extraction from label references (HO)
)
("C:\Users\Junior J\AppData\Local\Programs\MiKTeX 2.9\tex/generic/gettitlestrin
g\gettitlestring.sty"
Package: gettitlestring 2019/12/15 v1.6 Cleanup title references (HO)
)
\c@section@level=\count365
)
LaTeX Info: Redefining \ref on input line 67.
LaTeX Info: Redefining \pageref on input line 67.
LaTeX Info: Redefining \nameref on input line 67.
 (Clase_Series.out) (Clase_Series.out)
\@outlinefile=\write6
\openout6 = `Clase_Series.out'.

LaTeX Font Info:    Overwriting symbol font `operators' in version `normal'
(Font)                  OT1/lmr/m/n --> OT1/cmss/m/n on input line 67.
LaTeX Font Info:    Overwriting symbol font `operators' in version `bold'
(Font)                  OT1/lmr/bx/n --> OT1/cmss/b/n on input line 67.
LaTeX Font Info:    Overwriting symbol font `operators' in version `normal'
(Font)                  OT1/cmss/m/n --> OT1/lmss/m/n on input line 67.
LaTeX Font Info:    Overwriting symbol font `operators' in version `bold'
(Font)                  OT1/cmss/b/n --> OT1/lmss/b/n on input line 67.
\symnumbers=\mathgroup7
\sympureletters=\mathgroup8
LaTeX Font Info:    Overwriting math alphabet `\mathrm' in version `normal'
(Font)                  OT1/lmss/m/n --> T1/lmr/m/n on input line 67.
LaTeX Font Info:    Redeclaring math alphabet \mathbf on input line 67.
LaTeX Font Info:    Overwriting math alphabet `\mathbf' in version `normal'
(Font)                  OT1/lmr/bx/n --> T1/lmss/b/n on input line 67.
LaTeX Font Info:    Overwriting math alphabet `\mathbf' in version `bold'
(Font)                  OT1/lmr/bx/n --> T1/lmss/b/n on input line 67.
LaTeX Font Info:    Redeclaring math alphabet \mathsf on input line 67.
LaTeX Font Info:    Overwriting math alphabet `\mathsf' in version `normal'
(Font)                  OT1/lmss/m/n --> T1/lmss/m/n on input line 67.
LaTeX Font Info:    Overwriting math alphabet `\mathsf' in version `bold'
(Font)                  OT1/lmss/bx/n --> T1/lmss/m/n on input line 67.
LaTeX Font Info:    Redeclaring math alphabet \mathit on input line 67.
LaTeX Font Info:    Overwriting math alphabet `\mathit' in version `normal'
(Font)                  OT1/lmr/m/it --> T1/lmss/m/it on input line 67.
LaTeX Font Info:    Overwriting math alphabet `\mathit' in version `bold'
(Font)                  OT1/lmr/bx/it --> T1/lmss/m/it on input line 67.
LaTeX Font Info:    Redeclaring math alphabet \mathtt on input line 67.
LaTeX Font Info:    Overwriting math alphabet `\mathtt' in version `normal'
(Font)                  OT1/lmtt/m/n --> T1/lmtt/m/n on input line 67.
LaTeX Font Info:    Overwriting math alphabet `\mathtt' in version `bold'
(Font)                  OT1/lmtt/m/n --> T1/lmtt/m/n on input line 67.
LaTeX Font Info:    Overwriting symbol font `numbers' in version `bold'
(Font)                  T1/lmss/m/n --> T1/lmss/b/n on input line 67.
LaTeX Font Info:    Overwriting symbol font `pureletters' in version `bold'
(Font)                  T1/lmss/m/it --> T1/lmss/b/it on input line 67.
LaTeX Font Info:    Overwriting math alphabet `\mathrm' in version `bold'
(Font)                  OT1/lmss/b/n --> T1/lmr/b/n on input line 67.
LaTeX Font Info:    Overwriting math alphabet `\mathbf' in version `bold'
(Font)                  T1/lmss/b/n --> T1/lmss/b/n on input line 67.
LaTeX Font Info:    Overwriting math alphabet `\mathsf' in version `bold'
(Font)                  T1/lmss/m/n --> T1/lmss/b/n on input line 67.
LaTeX Font Info:    Overwriting math alphabet `\mathit' in version `bold'
(Font)                  T1/lmss/m/it --> T1/lmss/b/it on input line 67.
LaTeX Font Info:    Overwriting math alphabet `\mathtt' in version `bold'
(Font)                  T1/lmtt/m/n --> T1/lmtt/b/n on input line 67.

("C:\Users\Junior J\AppData\Local\Programs\MiKTeX 2.9\tex/latex/translator\tran
slator-basic-dictionary-English.dict"
Dictionary: translator-basic-dictionary, Language: English 
)
("C:\Users\Junior J\AppData\Local\Programs\MiKTeX 2.9\tex/latex/translator\tran
slator-bibliography-dictionary-English.dict"
Dictionary: translator-bibliography-dictionary, Language: English 
)
("C:\Users\Junior J\AppData\Local\Programs\MiKTeX 2.9\tex/latex/translator\tran
slator-environment-dictionary-English.dict"
Dictionary: translator-environment-dictionary, Language: English 
)
("C:\Users\Junior J\AppData\Local\Programs\MiKTeX 2.9\tex/latex/translator\tran
slator-months-dictionary-English.dict"
Dictionary: translator-months-dictionary, Language: English 
)
("C:\Users\Junior J\AppData\Local\Programs\MiKTeX 2.9\tex/latex/translator\tran
slator-numbers-dictionary-English.dict"
Dictionary: translator-numbers-dictionary, Language: English 
)
("C:\Users\Junior J\AppData\Local\Programs\MiKTeX 2.9\tex/latex/translator\tran
slator-theorem-dictionary-English.dict"
Dictionary: translator-theorem-dictionary, Language: English 
)
("C:\Users\Junior J\AppData\Local\Programs\MiKTeX 2.9\tex/latex/ucs\ucsencs.def
"
File: ucsencs.def 2011/01/21 Fixes to fontencodings LGR, T3
) ABD: EverySelectfont initializing macros
LaTeX Info: Redefining \selectfont on input line 67.
LaTeX Info: Redefining \. on input line 67.
LaTeX Info: Redefining \% on input line 67.
LaTeX Font Info:    Trying to load font information for OT1+lmss on input line 
67.

("C:\Users\Junior J\AppData\Local\Programs\MiKTeX 2.9\tex/latex/lm\ot1lmss.fd"
File: ot1lmss.fd 2009/10/30 v1.6 Font defs for Latin Modern
)
LaTeX Font Info:    Trying to load font information for OML+lmm on input line 6
7.
("C:\Users\Junior J\AppData\Local\Programs\MiKTeX 2.9\tex/latex/lm\omllmm.fd"
File: omllmm.fd 2009/10/30 v1.6 Font defs for Latin Modern
)
LaTeX Font Info:    Trying to load font information for OMS+lmsy on input line 
67.

("C:\Users\Junior J\AppData\Local\Programs\MiKTeX 2.9\tex/latex/lm\omslmsy.fd"
File: omslmsy.fd 2009/10/30 v1.6 Font defs for Latin Modern
)
LaTeX Font Info:    Trying to load font information for OMX+lmex on input line 
67.
("C:\Users\Junior J\AppData\Local\Programs\MiKTeX 2.9\tex/latex/lm\omxlmex.fd"
File: omxlmex.fd 2009/10/30 v1.6 Font defs for Latin Modern
)
LaTeX Font Info:    External font `lmex10' loaded for size
(Font)              <10> on input line 67.
LaTeX Font Info:    External font `lmex10' loaded for size
(Font)              <7> on input line 67.
LaTeX Font Info:    External font `lmex10' loaded for size
(Font)              <5> on input line 67.
LaTeX Font Info:    Trying to load font information for U+msa on input line 67.


("C:\Users\Junior J\AppData\Local\Programs\MiKTeX 2.9\tex/latex/amsfonts\umsa.f
d"
File: umsa.fd 2013/01/14 v3.01 AMS symbols A
)
LaTeX Font Info:    Trying to load font information for U+msb on input line 67.


("C:\Users\Junior J\AppData\Local\Programs\MiKTeX 2.9\tex/latex/amsfonts\umsb.f
d"
File: umsb.fd 2013/01/14 v3.01 AMS symbols B
)
LaTeX Font Info:    Trying to load font information for U+wasy on input line 67
.

("C:\Users\Junior J\AppData\Local\Programs\MiKTeX 2.9\tex/latex/wasysym\uwasy.f
d"
File: uwasy.fd 2020/01/19 v2.4 Wasy-2 symbol font definitions
)
LaTeX Font Info:    Font shape `T1/lmss/m/it' in size <10> not available
(Font)              Font shape `T1/lmss/m/sl' tried instead on input line 67.
LaTeX Font Info:    Font shape `T1/lmss/m/it' in size <7> not available
(Font)              Font shape `T1/lmss/m/sl' tried instead on input line 67.
LaTeX Font Info:    Font shape `T1/lmss/m/it' in size <5> not available
(Font)              Font shape `T1/lmss/m/sl' tried instead on input line 67.
Package xypdf Info: Line width: 0.39998pt on input line 67.
\c@lstlisting=\count366
 (Clase_Series.nav)
Overfull \hbox (173.303pt too wide) detected at line 67
  [] [] [] [] [] [] 
 []


Overfull \hbox (173.303pt too wide) has occurred while \output is active
  [] [] [] [] [] [] 
 []

[1{C:/Users/Junior J/AppData/Local/MiKTeX/2.9/pdftex/config/pdftex.map}

 <./oxygen-header.png>] (Clase_Series.toc
LaTeX Info: Redefining \. on input line 1.
LaTeX Info: Redefining \% on input line 1.
)
Overfull \hbox (173.303pt too wide) has occurred while \output is active
  [] [] [] [] [] [] 
 []

[2

] (Clase_Series.toc
LaTeX Info: Redefining \. on input line 1.
LaTeX Info: Redefining \% on input line 1.
)
Overfull \hbox (173.303pt too wide) has occurred while \output is active
  [] [] [] [] [] [] 
 []

[3

]
\openout4 = `Clase_Series.vrb'.

 (Clase_Series.vrb)
Overfull \hbox (173.303pt too wide) has occurred while \output is active
  [] [] [] [] [] [] 
 []

[4

]
\openout4 = `Clase_Series.vrb'.

 (Clase_Series.vrb
Underfull \hbox (badness 2426) in paragraph at lines 5--7
\T1/lmss/m/n/10 so-lo dos va-lo-res (por ejem-plo,
 []


Underfull \hbox (badness 1484) in paragraph at lines 5--7
\T1/lmss/m/n/10 cons-truir una va-ria-ble nu-m-ri-ca
 []


Underfull \hbox (badness 1127) in paragraph at lines 5--7
\T1/lmss/m/n/10 equi-va-len-te to-man-do el va-lor 1
 []


Underfull \hbox (badness 10000) in paragraph at lines 5--7

 []

<dummy2.JPG, id=168, 120.45pt x 204.01219pt>
File: dummy2.JPG Graphic file (type jpg)
<use dummy2.JPG>
Package pdftex.def Info: dummy2.JPG  used on input line 14.
(pdftex.def)             Requested size: 86.04144pt x 145.73686pt.
)
Overfull \hbox (173.303pt too wide) has occurred while \output is active
  [] [] [] [] [] [] 
 []

[5

 <./dummy2.JPG>]
\openout4 = `Clase_Series.vrb'.

 (Clase_Series.vrb
Underfull \hbox (badness 10000) in paragraph at lines 5--7
[]\T1/lmss/m/n/10 Si hay ms de dos
 []


Underfull \hbox (badness 10000) in paragraph at lines 5--7
\T1/lmss/m/n/10 ca-te-go-ras, la va-ria-ble
 []


Underfull \hbox (badness 10000) in paragraph at lines 5--7
\T1/lmss/m/n/10 pue-de co-di-fi-car-se
 []


Underfull \hbox (badness 10000) in paragraph at lines 5--7
\T1/lmss/m/n/10 fic-ti-cias (una me-nos
 []


Underfull \hbox (badness 1490) in paragraph at lines 5--7
\T1/lmss/m/n/10 que el n-me-ro to-tal de
 []

<dummy3.JPG, id=198, 350.05782pt x 255.20343pt>
File: dummy3.JPG Graphic file (type jpg)
<use dummy3.JPG>
Package pdftex.def Info: dummy3.JPG  used on input line 10.
(pdftex.def)             Requested size: 172.0829pt x 125.45575pt.
)
Overfull \hbox (173.303pt too wide) has occurred while \output is active
  [] [] [] [] [] [] 
 []

[6

 <./dummy3.JPG>]
\openout4 = `Clase_Series.vrb'.

 (Clase_Series.vrb)
Overfull \hbox (173.303pt too wide) has occurred while \output is active
  [] [] [] [] [] [] 
 []

[7

]
\openout4 = `Clase_Series.vrb'.

 (Clase_Series.vrb)
Overfull \hbox (173.303pt too wide) has occurred while \output is active
  [] [] [] [] [] [] 
 []

[8

]
\openout4 = `Clase_Series.vrb'.

 (Clase_Series.vrb
("C:\Users\Junior J\AppData\Local\Programs\MiKTeX 2.9\tex/latex/listings\lstlan
g1.sty"
File: lstlang1.sty 2019/09/10 1.8c listings language file
)
("C:\Users\Junior J\AppData\Local\Programs\MiKTeX 2.9\tex/latex/listings\lstlan
g2.sty"
File: lstlang2.sty 2019/09/10 1.8c listings language file
)
("C:\Users\Junior J\AppData\Local\Programs\MiKTeX 2.9\tex/latex/listings\lstlan
g3.sty"
File: lstlang3.sty 2019/09/10 1.8c listings language file
)
LaTeX Font Info:    Trying to load font information for T1+lmtt on input line 5
.

("C:\Users\Junior J\AppData\Local\Programs\MiKTeX 2.9\tex/latex/lm\t1lmtt.fd"
File: t1lmtt.fd 2009/10/30 v1.6 Font defs for Latin Modern
)
<5-regression_files/figure-beamer/unnamed-chunk-4-1.pdf, id=287, 505.89pt x 325
.215pt>
File: 5-regression_files/figure-beamer/unnamed-chunk-4-1.pdf Graphic file (type
 pdf)
<use 5-regression_files/figure-beamer/unnamed-chunk-4-1.pdf>
Package pdftex.def Info: 5-regression_files/figure-beamer/unnamed-chunk-4-1.pdf
  used on input line 13.
(pdftex.def)             Requested size: 223.0687pt x 143.40271pt.
)
Overfull \hbox (173.303pt too wide) has occurred while \output is active
  [] [] [] [] [] [] 
 []

[9

 <./5-regression_files/figure-beamer/unnamed-chunk-4-1.pdf>]
(Clase_Series.vrb
File: 5-regression_files/figure-beamer/unnamed-chunk-4-1.pdf Graphic file (type
 pdf)
<use 5-regression_files/figure-beamer/unnamed-chunk-4-1.pdf>
Package pdftex.def Info: 5-regression_files/figure-beamer/unnamed-chunk-4-1.pdf
  used on input line 13.
(pdftex.def)             Requested size: 223.0687pt x 143.40271pt.
)
Overfull \hbox (173.303pt too wide) has occurred while \output is active
  [] [] [] [] [] [] 
 []

[10

]
\openout4 = `Clase_Series.vrb'.

 (Clase_Series.vrb)
Overfull \hbox (173.303pt too wide) has occurred while \output is active
  [] [] [] [] [] [] 
 []

[11

] (Clase_Series.vrb)
Overfull \hbox (173.303pt too wide) has occurred while \output is active
  [] [] [] [] [] [] 
 []

[12

]
\openout4 = `Clase_Series.vrb'.

 (Clase_Series.vrb)
Overfull \hbox (173.303pt too wide) has occurred while \output is active
  [] [] [] [] [] [] 
 []

[13

] (Clase_Series.vrb)
Overfull \hbox (173.303pt too wide) has occurred while \output is active
  [] [] [] [] [] [] 
 []

[14

]
\openout4 = `Clase_Series.vrb'.

 (Clase_Series.vrb)
Overfull \hbox (173.303pt too wide) has occurred while \output is active
  [] [] [] [] [] [] 
 []

[15

]
\openout4 = `Clase_Series.vrb'.

 (Clase_Series.vrb
<5-regression_files/figure-beamer/unnamed-chunk-6-1.pdf, id=507, 505.89pt x 325
.215pt>
File: 5-regression_files/figure-beamer/unnamed-chunk-6-1.pdf Graphic file (type
 pdf)
<use 5-regression_files/figure-beamer/unnamed-chunk-6-1.pdf>
Package pdftex.def Info: 5-regression_files/figure-beamer/unnamed-chunk-6-1.pdf
  used on input line 15.
(pdftex.def)             Requested size: 223.0687pt x 143.40271pt.
)
Overfull \hbox (173.303pt too wide) has occurred while \output is active
  [] [] [] [] [] [] 
 []

[16

 <./5-regression_files/figure-beamer/unnamed-chunk-6-1.pdf>]
(Clase_Series.vrb
File: 5-regression_files/figure-beamer/unnamed-chunk-6-1.pdf Graphic file (type
 pdf)
<use 5-regression_files/figure-beamer/unnamed-chunk-6-1.pdf>
Package pdftex.def Info: 5-regression_files/figure-beamer/unnamed-chunk-6-1.pdf
  used on input line 15.
(pdftex.def)             Requested size: 223.0687pt x 143.40271pt.
)
Overfull \hbox (173.303pt too wide) has occurred while \output is active
  [] [] [] [] [] [] 
 []

[17

]
\openout4 = `Clase_Series.vrb'.

 (Clase_Series.vrb
<5-regression_files/figure-beamer/unnamed-chunk-7-1.pdf, id=571, 505.89pt x 325
.215pt>
File: 5-regression_files/figure-beamer/unnamed-chunk-7-1.pdf Graphic file (type
 pdf)
<use 5-regression_files/figure-beamer/unnamed-chunk-7-1.pdf>
Package pdftex.def Info: 5-regression_files/figure-beamer/unnamed-chunk-7-1.pdf
  used on input line 19.
(pdftex.def)             Requested size: 159.33548pt x 102.42838pt.
)
Overfull \hbox (173.303pt too wide) has occurred while \output is active
  [] [] [] [] [] [] 
 []

[18

 <./5-regression_files/figure-beamer/unnamed-chunk-7-1.pdf>]
(Clase_Series.vrb
File: 5-regression_files/figure-beamer/unnamed-chunk-7-1.pdf Graphic file (type
 pdf)
<use 5-regression_files/figure-beamer/unnamed-chunk-7-1.pdf>
Package pdftex.def Info: 5-regression_files/figure-beamer/unnamed-chunk-7-1.pdf
  used on input line 19.
(pdftex.def)             Requested size: 159.33548pt x 102.42838pt.
)
Overfull \hbox (173.303pt too wide) has occurred while \output is active
  [] [] [] [] [] [] 
 []

[19

]
\openout4 = `Clase_Series.vrb'.

 (Clase_Series.vrb
<5-regression_files/figure-beamer/unnamed-chunk-8-1.pdf, id=637, 505.89pt x 325
.215pt>
File: 5-regression_files/figure-beamer/unnamed-chunk-8-1.pdf Graphic file (type
 pdf)
<use 5-regression_files/figure-beamer/unnamed-chunk-8-1.pdf>
Package pdftex.def Info: 5-regression_files/figure-beamer/unnamed-chunk-8-1.pdf
  used on input line 5.
(pdftex.def)             Requested size: 286.80193pt x 184.37703pt.
)
Overfull \hbox (173.303pt too wide) has occurred while \output is active
  [] [] [] [] [] [] 
 []

[20

 <./5-regression_files/figure-beamer/unnamed-chunk-8-1.pdf>]
\openout4 = `Clase_Series.vrb'.


(Clase_Series.vrb)
Overfull \hbox (173.303pt too wide) has occurred while \output is active
  [] [] [] [] [] [] 
 []

[21

] (Clase_Series.vrb)
Overfull \hbox (173.303pt too wide) has occurred while \output is active
  [] [] [] [] [] [] 
 []

[22

] (Clase_Series.vrb)
Overfull \hbox (173.303pt too wide) has occurred while \output is active
  [] [] [] [] [] [] 
 []

[23

] (Clase_Series.vrb)
Overfull \hbox (173.303pt too wide) has occurred while \output is active
  [] [] [] [] [] [] 
 []

[24

] (Clase_Series.toc
LaTeX Info: Redefining \. on input line 1.
LaTeX Info: Redefining \% on input line 1.
)
Overfull \hbox (173.303pt too wide) has occurred while \output is active
  [] [] [] [] [] [] 
 []

[25

]
\openout4 = `Clase_Series.vrb'.

 (Clase_Series.vrb)
Overfull \hbox (173.303pt too wide) has occurred while \output is active
  [] [] [] [] [] [] 
 []

[26

]
\openout4 = `Clase_Series.vrb'.

 (Clase_Series.vrb
<5-regression_files/figure-beamer/beeryetagain-1.pdf, id=851, 505.89pt x 252.94
5pt>
File: 5-regression_files/figure-beamer/beeryetagain-1.pdf Graphic file (type pd
f)
<use 5-regression_files/figure-beamer/beeryetagain-1.pdf>
Package pdftex.def Info: 5-regression_files/figure-beamer/beeryetagain-1.pdf  u
sed on input line 18.
(pdftex.def)             Requested size: 223.0687pt x 111.53543pt.
)
Overfull \hbox (173.303pt too wide) has occurred while \output is active
  [] [] [] [] [] [] 
 []

[27

 <./5-regression_files/figure-beamer/beeryetagain-1.pdf>] (Clase_Series.vrb
File: 5-regression_files/figure-beamer/beeryetagain-1.pdf Graphic file (type pd
f)
<use 5-regression_files/figure-beamer/beeryetagain-1.pdf>
Package pdftex.def Info: 5-regression_files/figure-beamer/beeryetagain-1.pdf  u
sed on input line 18.
(pdftex.def)             Requested size: 223.0687pt x 111.53543pt.
)
Overfull \hbox (173.303pt too wide) has occurred while \output is active
  [] [] [] [] [] [] 
 []

[28

]
\openout4 = `Clase_Series.vrb'.

 (Clase_Series.vrb)
Overfull \hbox (173.303pt too wide) has occurred while \output is active
  [] [] [] [] [] [] 
 []

[29

]
\openout4 = `Clase_Series.vrb'.

 (Clase_Series.vrb)
Overfull \hbox (173.303pt too wide) has occurred while \output is active
  [] [] [] [] [] [] 
 []

[30

]
\openout4 = `Clase_Series.vrb'.

 (Clase_Series.vrb
<5-regression_files/figure-beamer/usconsumptionf2-1.pdf, id=972, 505.89pt x 252
.945pt>
File: 5-regression_files/figure-beamer/usconsumptionf2-1.pdf Graphic file (type
 pdf)
<use 5-regression_files/figure-beamer/usconsumptionf2-1.pdf>
Package pdftex.def Info: 5-regression_files/figure-beamer/usconsumptionf2-1.pdf
  used on input line 6.
(pdftex.def)             Requested size: 286.80193pt x 143.40436pt.
)
Overfull \hbox (173.303pt too wide) has occurred while \output is active
  [] [] [] [] [] [] 
 []

[31

 <./5-regression_files/figure-beamer/usconsumptionf2-1.pdf>]
(Clase_Series.toc
LaTeX Info: Redefining \. on input line 1.
LaTeX Info: Redefining \% on input line 1.
)
Overfull \hbox (173.303pt too wide) has occurred while \output is active
  [] [] [] [] [] [] 
 []

[32

]
\openout4 = `Clase_Series.vrb'.

 (Clase_Series.vrb)
Overfull \hbox (173.303pt too wide) has occurred while \output is active
  [] [] [] [] [] [] 
 []

[33

] (Clase_Series.vrb)
Overfull \hbox (173.303pt too wide) has occurred while \output is active
  [] [] [] [] [] [] 
 []

[34

] (Clase_Series.vrb)
Overfull \hbox (173.303pt too wide) has occurred while \output is active
  [] [] [] [] [] [] 
 []

[35

]
\openout4 = `Clase_Series.vrb'.

 (Clase_Series.vrb)
Overfull \hbox (173.303pt too wide) has occurred while \output is active
  [] [] [] [] [] [] 
 []

[36

] (Clase_Series.vrb)
Overfull \hbox (173.303pt too wide) has occurred while \output is active
  [] [] [] [] [] [] 
 []

[37

]
\openout4 = `Clase_Series.vrb'.

 (Clase_Series.vrb
LaTeX Font Info:    External font `lmex10' loaded for size
(Font)              <9> on input line 17.
LaTeX Font Info:    External font `lmex10' loaded for size
(Font)              <6> on input line 17.
LaTeX Font Info:    Font shape `T1/lmss/m/it' in size <9> not available
(Font)              Font shape `T1/lmss/m/sl' tried instead on input line 17.
LaTeX Font Info:    Font shape `T1/lmss/m/it' in size <6> not available
(Font)              Font shape `T1/lmss/m/sl' tried instead on input line 17.
)
Overfull \hbox (173.303pt too wide) has occurred while \output is active
  [] [] [] [] [] [] 
 []

[38

] (Clase_Series.vrb)
Overfull \hbox (173.303pt too wide) has occurred while \output is active
  [] [] [] [] [] [] 
 []

[39

]
\openout4 = `Clase_Series.vrb'.

 (Clase_Series.vrb)
Overfull \hbox (173.303pt too wide) has occurred while \output is active
  [] [] [] [] [] [] 
 []

[40

]
\openout4 = `Clase_Series.vrb'.

 (Clase_Series.vrb
<5-regression_files/figure-beamer/unnamed-chunk-10-1.pdf, id=1278, 505.89pt x 2
52.945pt>
File: 5-regression_files/figure-beamer/unnamed-chunk-10-1.pdf Graphic file (typ
e pdf)
<use 5-regression_files/figure-beamer/unnamed-chunk-10-1.pdf>
Package pdftex.def Info: 5-regression_files/figure-beamer/unnamed-chunk-10-1.pd
f  used on input line 12.
(pdftex.def)             Requested size: 286.80193pt x 143.40436pt.
)
Overfull \hbox (173.303pt too wide) has occurred while \output is active
  [] [] [] [] [] [] 
 []

[41

 <./5-regression_files/figure-beamer/unnamed-chunk-10-1.pdf>]
(Clase_Series.vrb
File: 5-regression_files/figure-beamer/unnamed-chunk-10-1.pdf Graphic file (typ
e pdf)
<use 5-regression_files/figure-beamer/unnamed-chunk-10-1.pdf>
Package pdftex.def Info: 5-regression_files/figure-beamer/unnamed-chunk-10-1.pd
f  used on input line 12.
(pdftex.def)             Requested size: 286.80193pt x 143.40436pt.
)
Overfull \hbox (173.303pt too wide) has occurred while \output is active
  [] [] [] [] [] [] 
 []

[42

]
\openout4 = `Clase_Series.vrb'.

 (Clase_Series.vrb
<5-regression_files/figure-beamer/marathonLinear-1.pdf, id=1342, 505.89pt x 325
.215pt>
File: 5-regression_files/figure-beamer/marathonLinear-1.pdf Graphic file (type 
pdf)
<use 5-regression_files/figure-beamer/marathonLinear-1.pdf>
Package pdftex.def Info: 5-regression_files/figure-beamer/marathonLinear-1.pdf 
 used on input line 14.
(pdftex.def)             Requested size: 223.0687pt x 143.40271pt.
)
Overfull \hbox (173.303pt too wide) has occurred while \output is active
  [] [] [] [] [] [] 
 []

[43

 <./5-regression_files/figure-beamer/marathonLinear-1.pdf>]
(Clase_Series.vrb
File: 5-regression_files/figure-beamer/marathonLinear-1.pdf Graphic file (type 
pdf)
<use 5-regression_files/figure-beamer/marathonLinear-1.pdf>
Package pdftex.def Info: 5-regression_files/figure-beamer/marathonLinear-1.pdf 
 used on input line 14.
(pdftex.def)             Requested size: 223.0687pt x 143.40271pt.
)
Overfull \hbox (173.303pt too wide) has occurred while \output is active
  [] [] [] [] [] [] 
 []

[44

]
\openout4 = `Clase_Series.vrb'.

 (Clase_Series.vrb
<5-regression_files/figure-beamer/unnamed-chunk-11-1.pdf, id=1407, 505.89pt x 2
52.945pt>
File: 5-regression_files/figure-beamer/unnamed-chunk-11-1.pdf Graphic file (typ
e pdf)
<use 5-regression_files/figure-beamer/unnamed-chunk-11-1.pdf>
Package pdftex.def Info: 5-regression_files/figure-beamer/unnamed-chunk-11-1.pd
f  used on input line 11.
(pdftex.def)             Requested size: 286.80193pt x 143.40436pt.
)
Overfull \hbox (173.303pt too wide) has occurred while \output is active
  [] [] [] [] [] [] 
 []

[45

 <./5-regression_files/figure-beamer/unnamed-chunk-11-1.pdf>]
(Clase_Series.vrb
File: 5-regression_files/figure-beamer/unnamed-chunk-11-1.pdf Graphic file (typ
e pdf)
<use 5-regression_files/figure-beamer/unnamed-chunk-11-1.pdf>
Package pdftex.def Info: 5-regression_files/figure-beamer/unnamed-chunk-11-1.pd
f  used on input line 11.
(pdftex.def)             Requested size: 286.80193pt x 143.40436pt.
)
Overfull \hbox (173.303pt too wide) has occurred while \output is active
  [] [] [] [] [] [] 
 []

[46

]
\openout4 = `Clase_Series.vrb'.

 (Clase_Series.vrb)
Overfull \hbox (173.303pt too wide) has occurred while \output is active
  [] [] [] [] [] [] 
 []

[47

]
\openout4 = `Clase_Series.vrb'.

 (Clase_Series.vrb)
Overfull \hbox (173.303pt too wide) has occurred while \output is active
  [] [] [] [] [] [] 
 []

[48

]
\openout4 = `Clase_Series.vrb'.

 (Clase_Series.vrb)
Overfull \hbox (173.303pt too wide) has occurred while \output is active
  [] [] [] [] [] [] 
 []

[49

]
\openout4 = `Clase_Series.vrb'.

 (Clase_Series.vrb
<spline.JPG, id=1559, 575.90157pt x 351.56343pt>
File: spline.JPG Graphic file (type jpg)
<use spline.JPG>
Package pdftex.def Info: spline.JPG  used on input line 5.
(pdftex.def)             Requested size: 239.00322pt x 145.90146pt.
)
Overfull \hbox (173.303pt too wide) has occurred while \output is active
  [] [] [] [] [] [] 
 []

[50

 <./spline.JPG>]
\openout4 = `Clase_Series.vrb'.

 (Clase_Series.vrb
<5-regression_files/figure-beamer/unnamed-chunk-16-1.pdf, id=1589, 505.89pt x 2
37.88875pt>
File: 5-regression_files/figure-beamer/unnamed-chunk-16-1.pdf Graphic file (typ
e pdf)
<use 5-regression_files/figure-beamer/unnamed-chunk-16-1.pdf>
Package pdftex.def Info: 5-regression_files/figure-beamer/unnamed-chunk-16-1.pd
f  used on input line 21.
(pdftex.def)             Requested size: 207.13419pt x 97.40433pt.
)
Overfull \hbox (173.303pt too wide) has occurred while \output is active
  [] [] [] [] [] [] 
 []

[51

 <./5-regression_files/figure-beamer/unnamed-chunk-16-1.pdf>]
(Clase_Series.vrb
File: 5-regression_files/figure-beamer/unnamed-chunk-16-1.pdf Graphic file (typ
e pdf)
<use 5-regression_files/figure-beamer/unnamed-chunk-16-1.pdf>
Package pdftex.def Info: 5-regression_files/figure-beamer/unnamed-chunk-16-1.pd
f  used on input line 21.
(pdftex.def)             Requested size: 207.13419pt x 97.40433pt.
)
Overfull \hbox (173.303pt too wide) has occurred while \output is active
  [] [] [] [] [] [] 
 []

[52

]
\openout4 = `Clase_Series.vrb'.

 (Clase_Series.vrb
<resSpline.JPG, id=1654, 587.19376pt x 351.56343pt>
File: resSpline.JPG Graphic file (type jpg)
<use resSpline.JPG>
Package pdftex.def Info: resSpline.JPG  used on input line 18.
(pdftex.def)             Requested size: 191.20453pt x 114.4767pt.
)
Overfull \hbox (173.303pt too wide) has occurred while \output is active
  [] [] [] [] [] [] 
 []

[53

 <./resSpline.JPG>] (Clase_Series.vrb
File: resSpline.JPG Graphic file (type jpg)
<use resSpline.JPG>
Package pdftex.def Info: resSpline.JPG  used on input line 18.
(pdftex.def)             Requested size: 191.20453pt x 114.4767pt.
)
Overfull \hbox (173.303pt too wide) has occurred while \output is active
  [] [] [] [] [] [] 
 []

[54

]
Overfull \hbox (173.303pt too wide) has occurred while \output is active
  [] [] [] [] [] [] 
 []

[55

]
\tf@nav=\write7
\openout7 = `Clase_Series.nav'.

\tf@toc=\write8
\openout8 = `Clase_Series.toc'.

\tf@snm=\write9
\openout9 = `Clase_Series.snm'.

Package atveryend Info: Empty hook `BeforeClearDocument' on input line 1217.
Package atveryend Info: Empty hook `AfterLastShipout' on input line 1217.
 (Clase_Series.aux
LaTeX Info: Redefining \. on input line 24.
LaTeX Info: Redefining \% on input line 24.
)
Package atveryend Info: Executing hook `AtVeryEndDocument' on input line 1217.
Package atveryend Info: Executing hook `AtEndAfterFileList' on input line 1217.

Package rerunfilecheck Info: File `Clase_Series.out' has not changed.
(rerunfilecheck)             Checksum: 737C2201E768223E887AD2AE29A00C99;162.
 ) 
Here is how much of TeX's memory you used:
 30858 strings out of 481258
 595422 string characters out of 2904741
 1255711 words of memory out of 3000000
 45379 multiletter control sequences out of 15000+200000
 600958 words of font info for 86 fonts, out of 3000000 for 9000
 1141 hyphenation exceptions out of 8191
 58i,20n,76p,3245b,1912s stack positions out of 5000i,500n,10000p,200000b,50000s
{C:/Users/Junior J/AppData/Local/Programs/MiKTeX 2.9/fonts/enc/dvips/lm/lm-ec
.enc}{C:/Users/Junior J/AppData/Local/Programs/MiKTeX 2.9/fonts/enc/dvips/lm/lm
-mathsy.enc}{C:/Users/Junior J/AppData/Local/Programs/MiKTeX 2.9/fonts/enc/dvip
s/lm/lm-rm.enc}{C:/Users/Junior J/AppData/Local/Programs/MiKTeX 2.9/fonts/enc/d
vips/lm/lm-mathex.enc}{C:/Users/Junior J/AppData/Local/Programs/MiKTeX 2.9/font
s/enc/dvips/lm/lm-mathit.enc}<C:/Users/Junior J/AppData/Local/Programs/MiKTeX 2
.9/fonts/type1/public/lm/lmex10.pfb><C:/Users/Junior J/AppData/Local/Programs/M
iKTeX 2.9/fonts/type1/public/lm/lmmi10.pfb><C:/Users/Junior J/AppData/Local/Pro
grams/MiKTeX 2.9/fonts/type1/public/lm/lmmi7.pfb><C:/Users/Junior J/AppData/Loc
al/Programs/MiKTeX 2.9/fonts/type1/public/lm/lmss10.pfb><C:/Users/Junior J/AppD
ata/Local/Programs/MiKTeX 2.9/fonts/type1/public/lm/lmss12.pfb><C:/Users/Junior
 J/AppData/Local/Programs/MiKTeX 2.9/fonts/type1/public/lm/lmss17.pfb><C:/Users
/Junior J/AppData/Local/Programs/MiKTeX 2.9/fonts/type1/public/lm/lmss8.pfb><C:
/Users/Junior J/AppData/Local/Programs/MiKTeX 2.9/fonts/type1/public/lm/lmss9.p
fb><C:/Users/Junior J/AppData/Local/Programs/MiKTeX 2.9/fonts/type1/public/lm/l
mssbx10.pfb><C:/Users/Junior J/AppData/Local/Programs/MiKTeX 2.9/fonts/type1/pu
blic/lm/lmsso10.pfb><C:/Users/Junior J/AppData/Local/Programs/MiKTeX 2.9/fonts/
type1/public/lm/lmsso8.pfb><C:/Users/Junior J/AppData/Local/Programs/MiKTeX 2.9
/fonts/type1/public/lm/lmsso9.pfb><C:/Users/Junior J/AppData/Local/Programs/MiK
TeX 2.9/fonts/type1/public/lm/lmsy10.pfb><C:/Users/Junior J/AppData/Local/Progr
ams/MiKTeX 2.9/fonts/type1/public/lm/lmsy7.pfb><C:/Users/Junior J/AppData/Local
/Programs/MiKTeX 2.9/fonts/type1/public/lm/lmsy9.pfb><C:/Users/Junior J/AppData
/Local/Programs/MiKTeX 2.9/fonts/type1/public/lm/lmtt8.pfb><C:/Users/Junior J/A
ppData/Local/Programs/MiKTeX 2.9/fonts/type1/public/amsfonts/symbols/msam10.pfb
>
Output written on Clase_Series.pdf (55 pages, 1010699 bytes).
PDF statistics:
 1830 PDF objects out of 2073 (max. 8388607)
 114 named destinations out of 1000 (max. 500000)
 166 words of extra memory for PDF output out of 10000 (max. 10000000)

